t	V
0.000000	-5.572582
0.100000	-16.374823
0.200000	-26.521599
0.300000	-35.121300
0.400000	-41.772192
0.500000	-46.533216
0.600000	-49.770950
0.700000	-51.941617
0.800000	-53.430864
0.900000	-54.502885
1.000000	-55.316738
1.100000	-55.960237
1.200000	-56.478805
1.300000	-56.894693
1.400000	-57.218363
1.500000	-57.454726
1.600000	-57.606341
1.700000	-57.674896
1.800000	-57.661773
1.900000	-57.568120
2.000000	-57.394692
2.100000	-57.141557
2.200000	-56.807751
2.300000	-56.390862
2.400000	-55.886551
2.500000	-55.287971
2.600000	-54.585030
2.700000	-53.763436
2.800000	-52.803440
2.900000	-51.678201
3.000000	-50.351737
3.100000	-48.776566
3.200000	-46.891587
3.300000	-44.621819
3.400000	-41.883803
3.500000	-38.604425
3.600000	-34.764877
3.700000	-30.477563
3.800000	-26.074438
3.900000	-22.126922
4.000000	-19.297701
4.100000	-18.056040
4.200000	-18.476357
4.300000	-20.279042
4.400000	-23.023439
4.500000	-26.282157
4.600000	-29.726566
4.700000	-33.142195
4.800000	-36.411409
4.900000	-39.487184
5.000000	-42.368138
5.100000	-45.078180
5.200000	-47.651342
5.300000	-50.120879
5.400000	-52.511105
5.500000	-54.830783
5.600000	-57.068036
5.700000	-59.188390
5.800000	-61.138687
5.900000	-62.858571
6.000000	-64.297077
6.100000	-65.427142
6.200000	-66.250878
6.300000	-66.794360
6.400000	-67.096856
6.500000	-67.200547
6.600000	-67.143869
6.700000	-66.958592
6.800000	-66.669390
6.900000	-66.294594
7.000000	-65.847314
7.100000	-65.336479
7.200000	-64.767641
7.300000	-64.143488
7.400000	-63.464091
7.500000	-62.726869
7.600000	-61.926277
7.700000	-61.053150
7.800000	-60.093604
7.900000	-59.027282
8.000000	-57.824588
8.100000	-56.442288
8.200000	-54.816400
8.300000	-52.850551
8.400000	-50.396862
8.500000	-47.225487
8.600000	-42.981626
8.700000	-37.150123
8.800000	-29.133224
8.900000	-18.747049
9.000000	-7.415194
9.100000	1.352579
9.200000	4.946318
9.300000	3.935688
9.400000	0.152018
9.500000	-4.928304
9.600000	-10.418334
9.700000	-15.850950
9.800000	-21.004263
9.900000	-25.788580
10.000000	-30.184777
10.100000	-34.214047
10.200000	-37.922644
10.300000	-41.371679
10.400000	-44.628105
10.500000	-47.756119
10.600000	-50.808258
10.700000	-53.814796
10.800000	-56.770810
10.900000	-59.624165
11.000000	-62.274249
11.100000	-64.594144
11.200000	-66.476168
11.300000	-67.875106
11.400000	-68.817793
11.500000	-69.378027
11.600000	-69.642572
11.700000	-69.688668
11.800000	-69.575859
11.900000	-69.346451
12.000000	-69.029121
12.100000	-68.642773
12.200000	-68.199621
12.300000	-67.707367
12.400000	-67.170621
12.500000	-66.591779
12.600000	-65.971501
12.700000	-65.308908
12.800000	-64.601553
12.900000	-63.845180
13.000000	-63.033267
13.100000	-62.156279
13.200000	-61.200521
13.300000	-60.146390
13.400000	-58.965631
13.500000	-57.616990
13.600000	-56.039076
13.700000	-54.138388
13.800000	-51.768849
13.900000	-48.696845
14.000000	-44.544730
14.100000	-38.718930
14.200000	-30.411907
14.300000	-19.053433
14.400000	-5.892030
14.500000	4.634563
14.600000	8.944333
14.700000	7.996389
14.800000	4.098390
14.900000	-1.125083
15.000000	-6.764231
15.100000	-12.354561
15.200000	-17.678028
15.300000	-22.645496
15.400000	-27.234193
15.500000	-31.457845
15.600000	-35.353529
15.700000	-38.974658
15.800000	-42.384651
15.900000	-45.649792
16.000000	-48.831070
16.100000	-51.974056
16.200000	-55.095269
16.300000	-58.165573
16.400000	-61.097768
16.500000	-63.754407
16.600000	-65.989453
16.700000	-67.709267
16.800000	-68.908482
16.900000	-69.655142
17.000000	-70.048124
17.100000	-70.181963
17.200000	-70.131260
17.300000	-69.949034
17.400000	-69.670802
17.500000	-69.319579
17.600000	-68.909981
17.700000	-68.451119
17.800000	-67.948501
17.900000	-67.405202
18.000000	-66.822552
18.100000	-66.200474
18.200000	-65.537596
18.300000	-64.831151
18.400000	-64.076709
18.500000	-63.267687
18.600000	-62.394602
18.700000	-61.443920
18.800000	-60.396318
18.900000	-59.223971
19.000000	-57.886222
19.100000	-56.322487
19.200000	-54.440279
19.300000	-52.094565
19.400000	-49.052073
19.500000	-44.932157
19.600000	-39.126788
19.700000	-30.782319
19.800000	-19.227276
19.900000	-5.633228
20.000000	5.335605
20.100000	9.819371
20.200000	8.895487
20.300000	4.990674
20.400000	-0.244453
20.500000	-5.899365
20.600000	-11.511100
20.700000	-16.862168
20.800000	-21.863100
20.900000	-26.489992
21.000000	-30.754613
21.100000	-34.691515
21.200000	-38.351665
21.300000	-41.796858
21.400000	-45.093091
21.500000	-48.302724
21.600000	-51.474607
21.700000	-54.630572
21.800000	-57.748191
21.900000	-60.745920
22.000000	-63.486562
22.100000	-65.815759
22.200000	-67.625916
22.300000	-68.900096
22.400000	-69.702329
22.500000	-70.133764
22.600000	-70.293635
22.700000	-70.260987
22.800000	-70.092105
22.900000	-69.824623
23.000000	-69.482828
23.100000	-69.082075
23.200000	-68.631899
23.300000	-68.138063
23.400000	-67.603819
23.500000	-67.030645
23.600000	-66.418637
23.700000	-65.766641
23.800000	-65.072193
23.900000	-64.331287
24.000000	-63.537941
24.100000	-62.683518
24.200000	-61.755702
24.300000	-60.736937
24.400000	-59.602017
24.500000	-58.314266
24.600000	-56.819321
24.700000	-55.034687
24.800000	-52.831807
24.900000	-50.004896
25.000000	-46.218082
25.100000	-40.926885
25.200000	-33.321134
25.300000	-22.564941
25.400000	-9.091160
25.500000	3.217335
25.600000	9.490085
25.700000	9.722747
25.800000	6.390682
25.900000	1.385278
26.000000	-4.221967
26.100000	-9.876806
26.200000	-15.312837
26.300000	-20.415315
26.400000	-25.147074
26.500000	-29.511966
26.600000	-33.538810
26.700000	-37.274214
26.800000	-40.777264
26.900000	-44.113359
27.000000	-47.346810
27.100000	-50.531703
27.200000	-53.699527
27.300000	-56.842592
27.400000	-59.897004
27.500000	-62.738484
27.600000	-65.210075
27.700000	-67.182928
27.800000	-68.612046
27.900000	-69.542456
28.000000	-70.070337
28.100000	-70.299093
28.200000	-70.314866
28.300000	-70.180482
28.400000	-69.938485
28.500000	-69.616510
28.600000	-69.232085
28.700000	-68.796139
28.800000	-68.315334
28.900000	-67.793527
29.000000	-67.232643
29.100000	-66.633151
29.200000	-65.994264
29.300000	-65.313938
29.400000	-64.588687
29.500000	-63.813221
29.600000	-62.979850
29.700000	-62.077590
29.800000	-61.090799
29.900000	-59.997086
30.000000	-58.764035
30.100000	-57.343906
30.200000	-55.664821
30.300000	-53.615731
30.400000	-51.020303
30.500000	-47.591960
30.600000	-42.862488
30.700000	-36.104076
30.800000	-26.414555
30.900000	-13.571147
31.000000	-0.223660
31.100000	8.279751
31.200000	10.207965
31.300000	7.770831
31.400000	3.153374
31.500000	-2.340369
31.600000	-8.020119
31.700000	-13.545629
31.800000	-18.763848
31.900000	-23.617992
32.000000	-28.101080
32.100000	-32.234790
32.200000	-36.060419
32.300000	-39.633510
32.400000	-43.018095
32.500000	-46.279734
32.600000	-49.477080
32.700000	-52.650752
32.800000	-55.808040
32.900000	-58.905034
33.000000	-61.836026
33.100000	-64.449004
33.200000	-66.597935
33.300000	-68.206375
33.400000	-69.292568
33.500000	-69.941464
33.600000	-70.258122
33.700000	-70.335913
33.800000	-70.245354
33.900000	-70.035133
34.000000	-69.737217
34.100000	-69.372008
34.200000	-68.952292
34.300000	-68.485931
34.400000	-67.977579
34.500000	-67.429725
34.600000	-66.843283
34.700000	-66.217872
34.800000	-65.551878
34.900000	-64.842330
35.000000	-64.084599
35.100000	-63.271890
35.200000	-62.394456
35.300000	-61.438422
35.400000	-60.383977
35.500000	-59.202567
35.600000	-57.852406
35.700000	-56.271080
35.800000	-54.363024
35.900000	-51.977872
36.000000	-48.872880
36.100000	-44.650701
36.200000	-38.676439
36.300000	-30.068234
36.400000	-18.188253
36.500000	-4.449632
36.600000	6.197555
36.700000	10.191401
36.800000	8.940665
36.900000	4.873555
37.000000	-0.425563
37.100000	-6.093910
37.200000	-11.695795
37.300000	-17.028038
37.400000	-22.008276
37.500000	-26.615993
37.600000	-30.864550
37.700000	-34.789239
37.800000	-38.441336
37.900000	-41.882698
38.000000	-45.179222
38.100000	-48.392982
38.200000	-51.572225
38.300000	-54.737555
38.400000	-57.864338
38.500000	-60.867830
38.600000	-63.607576
38.700000	-65.927833
38.800000	-67.722799
38.900000	-68.979429
39.000000	-69.765289
39.100000	-70.183350
39.200000	-70.333157
39.300000	-70.293306
39.400000	-70.119421
39.500000	-69.848532
39.600000	-69.504457
39.700000	-69.102209
39.800000	-68.651085
39.900000	-68.156683
40.000000	-67.622140
40.100000	-67.048859
40.200000	-66.436884
40.300000	-65.785025
40.400000	-65.090799
40.500000	-64.350189
40.600000	-63.557211
40.700000	-62.703237
40.800000	-61.775970
40.900000	-60.757881
41.000000	-59.623810
41.100000	-58.337146
41.200000	-56.843617
41.300000	-55.060856
41.400000	-52.860479
41.500000	-50.036906
41.600000	-46.254392
41.700000	-40.968062
41.800000	-33.365379
41.900000	-22.602998
42.000000	-9.101447
42.100000	3.251355
42.200000	9.552751
42.300000	9.795472
42.400000	6.466726
42.500000	1.462282
42.600000	-4.145343
42.700000	-9.801553
42.800000	-15.239738
42.900000	-20.344992
43.000000	-25.079999
43.100000	-29.448430
43.200000	-33.478884
43.300000	-37.217738
43.400000	-40.723895
43.500000	-44.062681
43.600000	-47.298464
43.700000	-50.485558
43.800000	-53.655866
43.900000	-56.802296
44.000000	-59.861590
44.100000	-62.709790
44.200000	-65.189533
44.300000	-67.170817
44.400000	-68.607385
44.500000	-69.543576
44.600000	-70.075567
44.700000	-70.307126
44.800000	-70.324820
44.900000	-70.191815
45.000000	-69.950883
45.100000	-69.629804
45.200000	-69.246190
45.300000	-68.811019
45.400000	-68.330983
45.500000	-67.809959
45.600000	-67.249885
45.700000	-66.651244
45.800000	-66.013266
45.900000	-65.333931
46.000000	-64.609785
46.100000	-63.835580
46.200000	-63.003690
46.300000	-62.103218
46.400000	-61.118651
46.500000	-60.027785
46.600000	-58.798487
46.700000	-57.383450
46.800000	-55.711488
46.900000	-53.672678
47.000000	-51.092570
47.100000	-47.687717
47.200000	-42.994797
47.300000	-36.291688
47.400000	-26.674122
47.500000	-13.881821
47.600000	-0.478168
47.700000	8.181988
47.800000	10.239589
47.900000	7.872704
48.000000	3.286679
48.100000	-2.196906
48.200000	-7.877405
48.300000	-13.408896
48.400000	-18.635356
48.500000	-23.498470
48.600000	-27.990416
48.700000	-32.132312
48.800000	-35.965029
48.900000	-39.543800
49.000000	-42.932515
49.100000	-46.196787
49.200000	-49.395564
49.300000	-52.570098
49.400000	-55.728739
49.500000	-58.829031
49.600000	-61.766710
49.700000	-64.390313
49.800000	-66.552709
49.900000	-68.175114
50.000000	-69.273609
50.100000	-69.932137
50.200000	-70.255811
50.300000	-70.338546
50.400000	-70.251472
50.500000	-70.043771
50.600000	-69.747762
50.700000	-69.384078
50.800000	-68.965655
50.900000	-68.500450
51.000000	-67.993179
51.100000	-67.446377
51.200000	-66.860989
51.300000	-66.236666
51.400000	-65.571828
51.500000	-64.863543
51.600000	-64.107232
51.700000	-63.296168
51.800000	-62.420701
51.900000	-61.467089
52.000000	-60.415719
52.100000	-59.238329
52.200000	-57.893583
52.300000	-56.319773
52.400000	-54.422488
52.500000	-52.053283
52.600000	-48.972659
52.700000	-44.788585
52.800000	-38.873582
52.900000	-30.349813
53.000000	-18.555465
53.100000	-4.812338
53.200000	5.994465
53.300000	10.168229
53.400000	9.026408
53.500000	5.011461
53.600000	-0.267903
53.700000	-5.933399
53.800000	-11.540663
53.900000	-16.881922
54.000000	-21.872461
54.100000	-26.490536
54.200000	-30.748773
54.300000	-34.681937
54.400000	-38.340923
54.500000	-41.787368
54.600000	-45.087154
54.700000	-48.302589
54.800000	-51.482477
54.900000	-54.648433
55.000000	-57.777341
55.100000	-60.786220
55.200000	-63.535789
55.300000	-65.869840
55.400000	-67.680333
55.500000	-68.951523
55.600000	-69.749293
55.700000	-70.176261
55.800000	-70.332417
55.900000	-70.297031
56.000000	-70.126332
56.100000	-69.857797
56.200000	-69.515550
56.300000	-69.114800
56.400000	-68.664975
56.500000	-68.171756
56.600000	-67.638336
56.700000	-67.066162
56.800000	-66.455311
56.900000	-65.804629
57.000000	-65.111673
57.100000	-64.372474
57.200000	-63.581114
57.300000	-62.729052
57.400000	-61.804116
57.500000	-60.788958
57.600000	-59.658680
57.700000	-58.377076
57.800000	-56.890501
57.900000	-55.117602
58.000000	-52.931676
58.100000	-50.129979
58.200000	-46.381509
58.300000	-41.148602
58.400000	-33.625774
58.500000	-22.959793
58.600000	-9.501852
58.700000	2.966873
58.800000	9.468053
58.900000	9.850925
59.000000	6.593869
59.100000	1.619452
59.200000	-3.980407
59.300000	-9.639948
59.400000	-15.086546
59.500000	-20.202197
59.600000	-24.947996
59.700000	-29.326722
59.800000	-33.366378
59.900000	-37.112895
60.000000	-40.624895
60.100000	-43.967612
60.200000	-47.205562
60.300000	-50.393501
60.400000	-53.564197
60.500000	-56.711947
60.600000	-59.775287
60.700000	-62.631819
60.800000	-65.124394
60.900000	-67.121265
61.000000	-68.573364
61.100000	-69.522822
61.200000	-70.065009
61.300000	-70.303932
61.400000	-70.326816
61.500000	-70.197484
61.600000	-69.959225
61.700000	-69.640180
61.800000	-69.258198
61.900000	-68.824412
62.000000	-68.345614
62.100000	-67.825745
62.200000	-67.266793
62.300000	-66.669279
62.400000	-66.032469
62.500000	-65.354379
62.600000	-64.631602
62.700000	-63.858949
62.800000	-63.028874
62.900000	-62.130593
63.000000	-61.148749
63.100000	-60.061375
63.200000	-58.836687
63.300000	-57.427921
63.400000	-55.764758
63.500000	-53.738698
63.600000	-51.177685
63.700000	-47.802309
63.800000	-43.155704
63.900000	-36.523779
64.000000	-27.001792
64.100000	-14.285374
64.200000	-0.825547
64.300000	8.029135
64.400000	10.255333
64.500000	7.981629
64.600000	3.437692
64.700000	-2.031941
64.800000	-7.712839
64.900000	-13.251522
65.000000	-18.488018
65.100000	-23.362001
65.200000	-27.864574
65.300000	-32.016173
65.400000	-35.857176
65.500000	-39.442472
65.600000	-42.835791
65.700000	-46.102805
65.800000	-49.302796
65.900000	-52.477724
66.000000	-55.637152
66.100000	-58.740331
66.200000	-61.684764
66.300000	-64.319798
66.400000	-66.497209
66.500000	-68.135566
66.600000	-69.248358
66.700000	-69.918224
66.800000	-70.250227
66.900000	-70.338861
67.000000	-70.255942
67.100000	-70.051231
67.200000	-69.757458
67.300000	-69.395534
67.400000	-68.978575
67.500000	-68.514654
67.600000	-68.008566
67.700000	-67.462897
67.800000	-66.878633
67.900000	-66.255463
68.000000	-65.591842
68.100000	-64.884880
68.200000	-64.130055
68.300000	-63.320709
68.400000	-62.447293
68.500000	-61.496206
68.600000	-60.448038
68.700000	-59.274834
68.800000	-57.935724
68.900000	-56.369738
69.000000	-54.483664
69.100000	-52.131062
69.200000	-49.075823
69.300000	-44.931498
69.400000	-39.078521
69.500000	-30.643886
69.600000	-18.942358
69.700000	-5.201179
69.800000	5.769346
69.900000	10.134815
70.000000	9.110595
70.100000	5.152330
70.200000	-0.105332
70.300000	-5.767393
70.400000	-11.380113
70.500000	-16.730750
70.600000	-21.732049
70.700000	-26.360944
70.800000	-30.629282
70.900000	-34.571280
71.000000	-38.237434
71.100000	-41.689154
71.200000	-44.992301
71.300000	-48.209413
71.400000	-51.389863
71.500000	-54.556294
71.600000	-57.687151
71.700000	-60.701291
71.800000	-63.460712
71.900000	-65.808812
72.000000	-67.635289
72.100000	-68.921590
72.200000	-69.731790
72.300000	-70.168088
72.400000	-70.330909
72.500000	-70.300213
72.600000	-70.132855
72.700000	-69.866781
72.800000	-69.526435
72.900000	-69.127237
73.000000	-68.678750
73.100000	-68.186742
73.200000	-67.654468
73.300000	-67.083419
73.400000	-66.473707
73.500000	-65.824217
73.600000	-65.132543
73.700000	-64.394768
73.800000	-63.605037
73.900000	-62.754900
74.000000	-61.832308
74.100000	-60.820093
74.200000	-59.693623
74.300000	-58.417093
74.400000	-56.937489
74.500000	-55.174469
74.600000	-53.003008
74.700000	-50.223195
74.800000	-46.508772
74.900000	-41.329337
75.000000	-33.886729
75.100000	-23.318794
75.200000	-9.908835
75.300000	2.671985
75.400000	9.375790
75.500000	9.903105
75.600000	6.720399
75.700000	1.777351
75.800000	-3.814158
75.900000	-9.476837
76.000000	-14.931850
76.100000	-20.057984
76.200000	-24.814693
76.300000	-29.203842
76.400000	-33.252823
76.500000	-37.007118
76.600000	-40.525057
76.700000	-43.871781
76.800000	-47.111941
76.900000	-50.300734
77.000000	-53.471784
77.100000	-56.620772
77.200000	-59.688040
77.300000	-62.552790
77.400000	-65.058153
77.500000	-67.070677
77.600000	-68.538467
77.700000	-69.501392
77.800000	-70.053956
77.900000	-70.300388
78.000000	-70.328563
78.100000	-70.202975
78.200000	-69.967438
78.300000	-69.650459
78.400000	-69.270131
78.500000	-68.837745
78.600000	-68.360194
78.700000	-67.841488
78.800000	-67.283664
78.900000	-66.687281
79.000000	-66.051640
79.100000	-65.374796
79.200000	-64.653388
79.300000	-63.882285
79.400000	-63.054022
79.500000	-62.157924
79.600000	-61.178794
79.700000	-60.094895
79.800000	-58.874791
79.900000	-57.472256
80.000000	-55.817827
80.100000	-53.804413
80.200000	-51.262321
80.300000	-47.916135
80.400000	-43.315392
80.500000	-36.754086
80.600000	-27.327609
80.700000	-14.689386
80.800000	-1.178551
80.900000	7.869529
81.000000	10.267084
81.100000	8.088816
81.200000	3.588236
81.300000	-1.866802
81.400000	-7.547809
81.500000	-13.093572
81.600000	-18.340085
81.700000	-23.224961
81.800000	-27.738203
81.900000	-31.899564
82.000000	-35.748918
82.100000	-39.340806
82.200000	-42.738792
82.300000	-46.008600
82.400000	-49.209838
82.500000	-52.385163
82.600000	-55.545335
82.700000	-58.651308
82.800000	-61.602365
82.900000	-64.248713
83.000000	-66.441093
83.100000	-68.095445
83.200000	-69.222638
83.300000	-69.903957
83.400000	-70.244391
83.500000	-70.338997
83.600000	-70.260287
83.700000	-70.058599
83.800000	-69.767084
83.900000	-69.406934
84.000000	-68.991448
84.100000	-68.528819
84.200000	-68.023916
84.300000	-67.479382
84.400000	-66.896244
84.500000	-66.274226
84.600000	-65.611820
84.700000	-64.906180
84.800000	-64.152834
84.900000	-63.345200
85.000000	-62.473825
85.100000	-61.525248
85.200000	-60.480261
85.300000	-59.311212
85.400000	-57.977691
85.500000	-56.419457
85.600000	-54.544480
85.700000	-52.208297
85.800000	-49.178139
85.900000	-45.073072
86.000000	-39.281407
86.100000	-30.935282
86.200000	-19.327503
86.300000	-5.592789
86.400000	5.537849
86.500000	10.096681
86.600000	9.192362
86.700000	5.292203
86.800000	0.057003
86.900000	-5.601246
87.000000	-11.219252
87.100000	-16.579203
87.200000	-21.591251
87.300000	-26.230984
87.400000	-30.509459
87.500000	-34.460339
87.600000	-38.133717
87.700000	-41.590771
87.800000	-44.897333
87.900000	-48.116166
88.000000	-51.297197
88.100000	-54.464084
88.200000	-57.596819
88.300000	-60.616100
88.400000	-63.385236
88.500000	-65.747292
88.600000	-67.589747
88.700000	-68.891223
88.800000	-69.713950
88.900000	-70.159670
89.000000	-70.329228
89.100000	-70.303273
89.200000	-70.139289
89.300000	-69.875698
89.400000	-69.537268
89.500000	-69.139631
89.600000	-68.692487
89.700000	-68.201693
89.800000	-67.670567
89.900000	-67.100642
90.000000	-66.492070
90.100000	-65.843769
90.200000	-65.153375
90.300000	-64.417018
90.400000	-63.628909
90.500000	-62.780687
90.600000	-61.860425
90.700000	-60.851133
90.800000	-59.728442
90.900000	-58.456944
91.000000	-56.984243
91.100000	-55.231000
91.200000	-53.073840
91.300000	-50.315643
91.400000	-46.634827
91.500000	-41.508187
91.600000	-34.145006
91.700000	-23.675171
91.800000	-10.316407
91.900000	2.371497
92.000000	9.278060
92.100000	9.952184
92.200000	6.845500
92.300000	1.934752
92.400000	-3.647928
92.500000	-9.313519
92.600000	-14.776849
92.700000	-19.913436
92.800000	-24.681059
92.900000	-29.080657
93.000000	-33.139004
93.100000	-36.901127
93.200000	-40.425063
93.300000	-43.775849
93.400000	-47.018268
93.500000	-50.207945
93.600000	-53.379345
93.700000	-56.529519
93.800000	-59.600610
93.900000	-62.473442
94.000000	-64.991474
94.100000	-67.019609
94.200000	-68.503130
94.300000	-69.479606
94.400000	-70.042640
94.500000	-70.296656
94.600000	-70.330180
94.700000	-70.208373
94.800000	-69.975582
94.900000	-69.660683
95.000000	-69.282019
95.100000	-68.851039
95.200000	-68.374739
95.300000	-67.857198
95.400000	-67.300502
95.500000	-66.705249
95.600000	-66.070776
95.700000	-65.395176
95.800000	-64.675132
95.900000	-63.905574
96.000000	-63.079113
96.100000	-62.185186
96.200000	-61.208751
96.300000	-60.128300
96.400000	-58.912741
96.500000	-57.516379
96.600000	-55.870595
96.700000	-53.869686
96.800000	-51.346287
96.900000	-48.028914
97.000000	-43.473434
97.100000	-36.981937
97.200000	-27.650514
97.300000	-15.092345
97.400000	-1.535702
97.500000	7.703888
97.600000	10.274964
97.700000	8.194093
97.800000	3.738016
97.900000	-1.701826
98.000000	-7.382644
98.100000	-12.935356
98.200000	-18.191835
98.300000	-23.087598
98.400000	-27.611528
98.500000	-31.782684
98.600000	-35.640436
98.700000	-39.238972
98.800000	-42.641681
98.900000	-45.914336
99.000000	-49.116858
99.100000	-52.292590
99.200000	-55.453474
99.300000	-58.562153
99.400000	-61.519704
99.500000	-64.177234
99.600000	-66.384508
99.700000	-68.054867
99.800000	-69.196534
99.900000	-69.889399
100.000000	-70.238345
100.100000	-70.338987
100.200000	-70.264527
100.300000	-70.065891
100.400000	-69.776652
100.500000	-69.418288
100.600000	-69.004282
100.700000	-68.542947
100.800000	-68.039233
100.900000	-67.495835
101.000000	-66.913823
101.100000	-66.292955
101.200000	-65.631762
101.300000	-64.927439
101.400000	-64.175568
101.500000	-63.369637
101.600000	-62.500291
101.700000	-61.554208
101.800000	-60.512380
101.900000	-59.347452
102.000000	-58.019469
102.100000	-56.468909
102.200000	-54.604909
102.300000	-52.284950
102.400000	-49.279556
102.500000	-45.213230
102.600000	-39.482118
102.700000	-31.223785
102.800000	-19.710507
102.900000	-5.986646
103.000000	5.300233
103.100000	10.053845
103.200000	9.271648
103.300000	5.430991
103.400000	0.219009
103.500000	-5.435047
103.600000	-11.058162
103.700000	-16.427355
103.800000	-21.450133
103.900000	-26.100713
104.000000	-30.389354
104.100000	-34.349160
104.200000	-38.029815
104.300000	-41.492259
104.400000	-44.802291
104.500000	-48.022889
104.600000	-51.204521
104.700000	-54.371848
104.800000	-57.506394
104.900000	-60.530697
105.000000	-63.309408
105.100000	-65.685322
105.200000	-67.543736
105.300000	-68.860444
105.400000	-69.695788
105.500000	-70.151018
105.600000	-70.327383
105.700000	-70.306216
105.800000	-70.145640
105.900000	-69.884552
106.000000	-69.548051
106.100000	-69.151982
106.200000	-68.706186
106.300000	-68.216611
106.400000	-67.686633
106.500000	-67.117833
106.600000	-66.510399
106.700000	-65.863285
106.800000	-65.174167
106.900000	-64.439224
107.000000	-63.652731
107.100000	-62.806413
107.200000	-61.888466
107.300000	-60.882077
107.400000	-59.763135
107.500000	-58.496624
107.600000	-57.030762
107.700000	-55.287191
107.800000	-53.144167
107.900000	-50.407317
108.000000	-46.759670
108.100000	-41.685143
108.200000	-34.400576
108.300000	-24.028820
108.400000	-10.724328
108.500000	2.065573
108.600000	9.174835
108.700000	9.998104
108.800000	6.969126
108.900000	2.091617
109.000000	-3.481748
109.100000	-9.150017
109.200000	-14.621564
109.300000	-19.768570
109.400000	-24.547110
109.500000	-28.957179
109.600000	-33.024930
109.700000	-36.794933
109.800000	-40.324921
109.900000	-43.679825
110.000000	-46.924551
110.100000	-50.115142
110.200000	-53.286891
110.300000	-56.438203
110.400000	-59.513015
110.500000	-62.393789
110.600000	-64.924371
110.700000	-66.968069
110.800000	-68.467356
110.900000	-69.457467
111.000000	-70.031062
111.100000	-70.292738
111.200000	-70.331665
111.300000	-70.213677
111.400000	-69.983655
111.500000	-69.670854
111.600000	-69.293863
111.700000	-68.864294
111.800000	-68.389248
111.900000	-67.872875
112.000000	-67.317307
112.100000	-66.723184
112.200000	-66.089877
112.300000	-65.415518
112.400000	-64.696834
112.500000	-63.928813
112.600000	-63.104146
112.700000	-62.212377
112.800000	-61.238619
112.900000	-60.161591
113.000000	-58.950539
113.100000	-57.560292
113.200000	-55.923065
113.300000	-53.934521
113.400000	-51.429588
113.500000	-48.140657
113.600000	-43.629845
113.700000	-37.207346
113.800000	-27.970484
113.900000	-15.494118
114.000000	-1.896831
114.100000	7.532191
114.200000	10.278907
114.300000	8.297414
114.400000	3.887001
114.500000	-1.537031
114.600000	-7.217357
114.700000	-12.776881
114.800000	-18.043275
114.900000	-22.949915
115.000000	-27.484551
115.100000	-31.665536
115.200000	-35.531733
115.300000	-39.136970
115.400000	-42.544460
115.500000	-45.820013
115.600000	-49.023857
115.700000	-52.200007
115.800000	-55.361573
115.900000	-58.472874
116.000000	-61.436787
116.100000	-64.105365
116.200000	-66.327458
116.300000	-68.013833
116.400000	-69.170045
116.500000	-69.874549
116.600000	-70.232089
116.700000	-70.338829
116.800000	-70.268663
116.900000	-70.073106
117.000000	-69.786161
117.100000	-69.429594
117.200000	-69.017075
117.300000	-68.557039
117.400000	-68.054516
117.500000	-67.512254
117.600000	-66.931367
117.700000	-66.311650
117.800000	-65.651667
117.900000	-64.948657
118.000000	-64.198256
118.100000	-63.394020
118.200000	-62.526693
118.300000	-61.583087
118.400000	-60.544395
118.500000	-59.383553
118.600000	-58.061060
118.700000	-56.518098
118.800000	-54.664955
118.900000	-52.361029
119.000000	-49.380084
119.100000	-45.351990
119.200000	-39.680676
119.300000	-31.509403
119.400000	-20.091299
119.500000	-6.382579
119.600000	5.056529
119.700000	10.006238
119.800000	9.348398
119.900000	5.568663
120.000000	0.380669
120.100000	-5.268805
120.200000	-10.896846
120.300000	-16.275206
120.400000	-21.308694
120.500000	-25.970133
120.600000	-30.268968
120.700000	-34.237742
120.800000	-37.925727
120.900000	-41.393617
121.000000	-44.707174
121.100000	-47.929579
121.200000	-51.111836
121.300000	-54.279588
121.400000	-57.415879
121.500000	-60.445086
121.600000	-63.233234
121.700000	-65.622903
121.800000	-67.497256
121.900000	-68.829253
122.000000	-69.677302
122.100000	-70.142130
122.200000	-70.325370
122.300000	-70.309042
122.400000	-70.151905
122.500000	-69.893343
122.600000	-69.558783
122.700000	-69.164292
122.800000	-68.719848
122.900000	-68.231493
123.000000	-67.702666
123.100000	-67.134991
123.200000	-66.528694
123.300000	-65.882765
123.400000	-65.194920
123.500000	-64.461386
123.600000	-63.676502
123.700000	-62.832078
123.800000	-61.916433
123.900000	-60.912926
124.000000	-59.797703
124.100000	-58.536136
124.200000	-57.077047
124.300000	-55.343047
124.400000	-53.213997
124.500000	-50.498229
124.600000	-46.883316
124.700000	-41.860230
124.800000	-34.653459
124.900000	-24.379708
125.000000	-11.132450
125.100000	1.754310
125.200000	9.066055
125.300000	10.040802
125.400000	7.091238
125.500000	2.247928
125.600000	-3.315628
125.700000	-8.986336
125.800000	-14.465996
125.900000	-19.623387
126.000000	-24.412844
126.100000	-28.833408
126.200000	-32.910602
126.300000	-36.688533
126.400000	-40.224629
126.500000	-43.583707
126.600000	-46.830789
126.700000	-50.022325
126.800000	-53.194424
126.900000	-56.346827
127.000000	-59.425257
127.100000	-62.313836
127.200000	-64.856847
127.300000	-66.916058
127.400000	-68.431143
127.500000	-69.434972
127.600000	-70.019218
127.700000	-70.288632
127.800000	-70.333017
127.900000	-70.218887
128.000000	-69.991659
128.100000	-69.680970
128.200000	-69.305663
128.300000	-68.877511
128.400000	-68.403723
128.500000	-67.888518
128.600000	-67.334080
128.700000	-66.741085
128.800000	-66.108943
128.900000	-65.435822
129.000000	-64.718494
129.100000	-63.952005
129.200000	-63.129123
129.300000	-62.239499
129.400000	-61.268400
129.500000	-60.194768
129.600000	-58.988185
129.700000	-57.603997
129.800000	-55.975240
129.900000	-53.998922
130.000000	-51.512231
130.100000	-48.251375
130.200000	-43.784645
130.300000	-37.430337
130.400000	-28.287514
130.500000	-15.894598
130.600000	-2.261788
130.700000	7.354411
130.800000	10.278844
130.900000	8.398733
131.000000	4.035167
131.100000	-1.372428
131.200000	-7.051953
131.300000	-12.618148
131.400000	-17.894404
131.500000	-22.811913
131.600000	-27.357270
131.700000	-31.548118
131.800000	-35.422807
131.900000	-39.034800
132.000000	-42.447127
132.100000	-45.725629
132.200000	-48.930835
132.300000	-52.107416
132.400000	-55.269634
132.500000	-58.383474
132.600000	-61.353619
132.700000	-64.033111
132.800000	-66.269943
132.900000	-67.972342
133.000000	-69.143170
133.100000	-69.859404
133.200000	-70.225621
133.300000	-70.338521
133.400000	-70.272693
133.500000	-70.080245
133.600000	-69.795612
133.700000	-69.440853
133.800000	-69.029828
133.900000	-68.571096
134.000000	-68.069765
134.100000	-67.528641
134.200000	-66.948879
134.300000	-66.330310
134.400000	-65.671536
134.500000	-64.969836
134.600000	-64.220898
134.700000	-63.418350
134.800000	-62.553030
134.900000	-61.611886
135.000000	-60.576306
135.100000	-59.419519
135.200000	-58.102464
135.300000	-56.567026
135.400000	-54.724623
135.500000	-52.436541
135.600000	-49.479736
135.700000	-45.489369
135.800000	-39.877106
135.900000	-31.792147
136.000000	-20.469813
136.100000	-6.780420
136.200000	4.806767
136.300000	9.953787
136.400000	9.422558
136.500000	5.705189
136.600000	0.541967
136.700000	-5.102528
136.800000	-10.735308
136.900000	-16.122759
137.000000	-21.166936
137.100000	-25.839241
137.200000	-30.148299
137.300000	-34.126083
137.400000	-37.821450
137.500000	-41.294844
137.600000	-44.611979
137.700000	-47.836238
137.800000	-51.019142
137.900000	-54.187306
138.000000	-57.325277
138.100000	-60.359271
138.200000	-63.156718
138.300000	-65.560038
138.400000	-67.450308
138.500000	-68.797645
138.600000	-69.658490
138.700000	-70.133003
138.800000	-70.323189
138.900000	-70.311749
139.000000	-70.158086
139.100000	-69.902069
139.200000	-69.569465
139.300000	-69.176559
139.400000	-68.733473
139.500000	-68.246342
139.600000	-67.718666
139.700000	-67.152116
139.800000	-66.546956
139.900000	-65.902210
140.000000	-65.215635
140.100000	-64.483505
140.200000	-63.700222
140.300000	-62.857683
140.400000	-61.944325
140.500000	-60.943681
140.600000	-59.832148
140.700000	-58.575482
140.800000	-57.123100
140.900000	-55.398571
141.000000	-53.283334
141.100000	-50.588388
141.200000	-47.005781
141.300000	-42.033469
141.400000	-34.903675
141.500000	-24.727809
141.600000	-11.540627
141.700000	1.437810
141.800000	8.951661
141.900000	10.080216
142.000000	7.211799
142.100000	2.403663
142.200000	-3.149577
142.300000	-8.822480
142.400000	-14.310147
142.500000	-19.477886
142.600000	-24.278262
142.700000	-28.709343
142.800000	-32.796017
142.900000	-36.581926
143.000000	-40.124187
143.100000	-43.487495
143.200000	-46.736982
143.300000	-49.929495
143.400000	-53.101944
143.500000	-56.255392
143.600000	-59.337340
143.700000	-62.233587
143.800000	-64.788903
143.900000	-66.863575
144.000000	-68.394491
144.100000	-69.412118
144.200000	-70.007108
144.300000	-70.284336
144.400000	-70.334237
144.500000	-70.224001
144.600000	-69.999593
144.700000	-69.691032
144.800000	-69.317417
144.900000	-68.890690
145.000000	-68.418163
145.100000	-67.904128
145.200000	-67.350819
145.300000	-66.758953
145.400000	-66.127974
145.500000	-65.456088
145.600000	-64.740112
145.700000	-63.975149
145.800000	-63.154043
145.900000	-62.266552
146.000000	-61.298095
146.100000	-60.227834
146.200000	-59.025682
146.300000	-57.647496
146.400000	-56.027122
146.500000	-54.062895
146.600000	-51.594227
146.700000	-48.361083
146.800000	-43.937856
146.900000	-37.650933
147.000000	-28.601604
147.100000	-16.293679
147.200000	-2.630418
147.300000	7.170524
147.400000	10.274703
147.500000	8.498005
147.600000	4.182490
147.700000	-1.208031
147.800000	-6.886439
147.900000	-12.459161
148.000000	-17.745223
148.100000	-22.673592
148.200000	-27.229686
148.300000	-31.430430
148.400000	-35.313655
148.500000	-38.932459
148.600000	-42.349680
148.700000	-45.631185
148.800000	-48.837790
148.900000	-52.014816
149.000000	-55.177658
149.100000	-58.293954
149.200000	-61.270204
149.300000	-63.960474
149.400000	-66.211966
149.500000	-67.930391
149.600000	-69.115905
149.700000	-69.843961
149.800000	-70.218939
149.900000	-70.338063
150.000000	-70.276616
150.100000	-70.087305
150.200000	-69.805003
150.300000	-69.452064
150.400000	-69.042541
150.500000	-68.585116
150.600000	-68.084980
150.700000	-67.544995
150.800000	-66.966358
150.900000	-66.348936
151.000000	-65.691368
151.100000	-64.990974
151.200000	-64.243495
151.300000	-63.442627
151.400000	-62.579302
151.500000	-61.640605
151.600000	-60.608115
151.700000	-59.455348
151.800000	-58.143684
151.900000	-56.615695
152.000000	-54.783916
152.100000	-52.511492
152.200000	-49.578521
152.300000	-45.625385
152.400000	-40.071432
152.500000	-32.072031
152.600000	-20.845990
152.700000	-7.180003
152.800000	4.550985
152.900000	9.896423
153.000000	9.494072
153.100000	5.840537
153.200000	0.702886
153.300000	-4.936223
153.400000	-10.573552
153.500000	-15.970014
153.600000	-21.024858
153.700000	-25.708038
153.800000	-30.027346
153.900000	-34.014183
154.000000	-37.716984
154.100000	-41.195938
154.200000	-44.516707
154.300000	-47.742862
154.400000	-50.926438
154.500000	-54.095003
154.600000	-57.234591
154.700000	-60.273257
154.800000	-63.079862
154.900000	-65.496728
155.000000	-67.402889
155.100000	-68.765620
155.200000	-69.639348
155.300000	-70.123636
155.400000	-70.320838
155.500000	-70.314336
155.600000	-70.164180
155.700000	-69.910731
155.800000	-69.580095
155.900000	-69.188784
156.000000	-68.747061
156.100000	-68.261156
156.200000	-67.734633
156.300000	-67.169208
156.400000	-66.565183
156.500000	-65.921619
156.600000	-65.236310
156.700000	-64.505580
156.800000	-63.723892
156.900000	-62.883228
157.000000	-61.972144
157.100000	-60.974341
157.200000	-59.866470
157.300000	-58.614662
157.400000	-57.168923
157.500000	-55.453766
157.600000	-53.352185
157.700000	-50.677803
157.800000	-47.127080
157.900000	-42.204884
158.000000	-35.151246
158.100000	-25.073096
158.200000	-11.948716
158.300000	1.116181
158.400000	8.831597
158.500000	10.116281
158.600000	7.330771
158.700000	2.558803
158.800000	-2.983607
158.900000	-8.658455
159.000000	-14.154020
159.100000	-19.332070
159.200000	-24.143363
159.300000	-28.584982
159.400000	-32.681175
159.500000	-36.475111
159.600000	-40.023591
159.700000	-43.391186
159.800000	-46.643127
159.900000	-49.836650
160.000000	-53.009452
160.100000	-56.163901
160.200000	-59.249269
160.300000	-62.153046
160.400000	-64.720544
160.500000	-66.810621
160.600000	-68.357395
160.700000	-69.388903
160.800000	-69.994727
160.900000	-70.279847
161.000000	-70.335321
161.100000	-70.229019
161.200000	-70.007456
161.300000	-69.701039
161.400000	-69.329127
161.500000	-68.903829
161.600000	-68.432567
161.700000	-67.919704
161.800000	-67.367526
161.900000	-66.776788
162.000000	-66.146971
162.100000	-65.476317
162.200000	-64.761689
162.300000	-63.998245
162.400000	-63.178906
162.500000	-62.293536
162.600000	-61.327703
162.700000	-60.260787
162.800000	-59.063030
162.900000	-57.690790
163.000000	-56.078715
163.100000	-54.126444
163.200000	-51.675581
163.300000	-48.469794
163.400000	-44.089497
163.500000	-37.869161
163.600000	-28.912752
163.700000	-16.691263
163.800000	-3.002563
163.900000	6.980510
164.000000	10.266415
164.100000	8.595183
164.200000	4.328942
164.300000	-1.043853
164.400000	-6.720820
164.500000	-12.299922
164.600000	-17.595734
164.700000	-22.534951
164.800000	-27.101797
164.900000	-31.312470
165.000000	-35.204278
165.100000	-38.829946
165.200000	-42.252118
165.300000	-45.536678
165.400000	-48.744722
165.500000	-51.922207
165.600000	-55.085647
165.700000	-58.204320
165.800000	-61.186545
165.900000	-63.887459
166.000000	-66.153526
166.100000	-67.887980
166.200000	-69.088248
166.300000	-69.828218
166.400000	-70.212040
166.500000	-70.337452
166.600000	-70.280431
166.700000	-70.094287
166.800000	-69.814335
166.900000	-69.463227
167.000000	-69.055213
167.100000	-68.599100
167.200000	-68.100161
167.300000	-67.561317
167.400000	-66.983804
167.500000	-66.367528
167.600000	-65.711163
167.700000	-65.012072
167.800000	-64.266046
167.900000	-63.466850
168.000000	-62.605511
168.100000	-61.669244
168.200000	-60.639822
168.300000	-59.491044
168.400000	-58.184722
168.500000	-56.664108
168.600000	-54.842839
168.700000	-52.585889
168.800000	-49.676452
168.900000	-45.760058
169.000000	-40.263678
169.100000	-32.349070
169.200000	-21.219771
169.300000	-7.581162
169.400000	4.289225
169.500000	9.834077
169.600000	9.562887
169.700000	5.974675
169.800000	0.863411
169.900000	-4.769898
170.000000	-10.411581
170.100000	-15.816973
170.200000	-20.882461
170.300000	-25.576523
170.400000	-29.906109
170.500000	-33.902040
170.600000	-37.612326
170.700000	-41.096897
170.800000	-44.421354
170.900000	-47.649452
171.000000	-50.833725
171.100000	-54.002679
171.200000	-57.143824
171.300000	-60.187047
171.400000	-63.002670
171.500000	-65.432975
171.600000	-67.355001
171.700000	-68.733174
171.800000	-69.619874
171.900000	-70.114025
172.000000	-70.318314
172.100000	-70.316802
172.200000	-70.170186
172.300000	-69.919327
172.400000	-69.590675
172.500000	-69.200965
172.600000	-68.760611
172.700000	-68.275935
172.800000	-67.750567
172.900000	-67.186268
173.000000	-66.583378
173.100000	-65.940993
173.200000	-65.256947
173.300000	-64.527612
173.400000	-63.747512
173.500000	-62.908713
173.600000	-61.999889
173.700000	-61.004909
173.800000	-59.900670
173.900000	-58.653679
174.000000	-57.214520
174.100000	-55.508636
174.200000	-53.420555
174.300000	-50.766484
174.400000	-47.247230
174.500000	-42.374498
174.600000	-35.396194
174.700000	-25.415548
174.800000	-12.356579
174.900000	0.789536
175.000000	8.705809
175.100000	10.148933
175.200000	7.448113
175.300000	2.713325
175.400000	-2.817727
175.500000	-8.494266
175.600000	-13.997615
175.700000	-19.185937
175.800000	-24.008147
175.900000	-28.460325
176.000000	-32.566074
176.100000	-36.368086
176.200000	-39.922842
176.300000	-43.294779
176.400000	-46.549223
176.500000	-49.743789
176.600000	-52.916948
176.700000	-56.072356
176.800000	-59.161045
176.900000	-62.072218
177.000000	-64.651772
177.100000	-66.757196
177.200000	-68.319856
177.300000	-69.365324
177.400000	-69.982075
177.500000	-70.275164
177.600000	-70.336268
177.700000	-70.233940
177.800000	-70.015247
177.900000	-69.710990
178.000000	-69.340792
178.100000	-68.916930
178.200000	-68.446936
178.300000	-67.935248
178.400000	-67.384200
178.500000	-66.794590
178.600000	-66.165933
178.700000	-65.496509
178.800000	-64.783224
178.900000	-64.021294
179.000000	-63.203714
179.100000	-62.320452
179.200000	-61.357225
179.300000	-60.293630
179.400000	-59.100231
179.500000	-57.733883
179.600000	-56.130021
179.700000	-54.189575
179.800000	-51.756303
179.900000	-48.577521
180.000000	-44.239590
180.100000	-38.085044
180.200000	-29.220959
180.300000	-17.087252
180.400000	-3.378065
180.500000	6.784354
180.600000	10.253907
180.700000	8.690219
180.800000	4.474498
180.900000	-0.879908
181.000000	-6.555103
181.100000	-12.140434
181.200000	-17.445937
181.300000	-22.395991
181.400000	-26.973603
181.500000	-31.194237
181.600000	-35.094673
181.700000	-38.727259
181.800000	-42.154438
181.900000	-45.442106
182.000000	-48.651631
182.100000	-51.829590
182.200000	-54.993602
182.300000	-58.114573
182.400000	-61.102648
182.500000	-63.814069
182.600000	-66.094625
182.700000	-67.845108
182.800000	-69.060196
182.900000	-69.812171
183.000000	-70.204923
183.100000	-70.336688
183.200000	-70.284138
183.300000	-70.101190
183.400000	-69.823606
183.500000	-69.474342
183.600000	-69.067844
183.700000	-68.613047
183.800000	-68.115309
183.900000	-67.577605
184.000000	-67.001217
184.100000	-66.386086
184.200000	-65.730922
184.300000	-65.033130
184.400000	-64.288552
184.500000	-63.491021
184.600000	-62.631656
184.700000	-61.697805
184.800000	-60.671428
184.900000	-59.526606
185.000000	-58.225579
185.100000	-56.712269
185.200000	-54.901396
185.300000	-52.659738
185.400000	-49.773540
185.500000	-45.893404
185.600000	-40.453870
185.700000	-32.623278
185.800000	-21.591104
185.900000	-7.983732
186.000000	4.021538
186.100000	9.766678
186.200000	9.628944
186.300000	6.107570
186.400000	1.023525
186.500000	-4.603562
186.600000	-10.249399
186.700000	-15.663638
186.800000	-20.739744
186.900000	-25.444695
187.000000	-29.784585
187.100000	-33.789652
187.200000	-37.507475
187.300000	-40.997719
187.400000	-44.325920
187.500000	-47.556006
187.600000	-50.741001
187.700000	-53.910335
187.800000	-57.052977
187.900000	-60.100645
188.000000	-62.925148
188.100000	-65.368782
188.200000	-67.306642
188.300000	-68.700306
188.400000	-69.600066
188.500000	-70.104168
188.600000	-70.315617
188.700000	-70.319146
188.800000	-70.176105
188.900000	-69.927858
189.000000	-69.601203
189.100000	-69.213104
189.200000	-68.774124
189.300000	-68.290680
189.400000	-67.766468
189.500000	-67.203294
189.600000	-66.601538
189.700000	-65.960331
189.800000	-65.277546
189.900000	-64.549601
190.000000	-63.771082
190.100000	-62.934138
190.200000	-62.027560
190.300000	-61.035384
190.400000	-59.934750
190.500000	-58.692534
190.600000	-57.259892
190.700000	-55.563185
190.800000	-53.488451
190.900000	-50.854440
191.000000	-47.366246
191.100000	-42.542334
191.200000	-35.638542
191.300000	-25.755144
191.400000	-12.764079
191.500000	0.457994
191.600000	8.574243
191.700000	10.178106
191.800000	7.563787
191.900000	2.867209
192.000000	-2.651948
192.100000	-8.329916
192.200000	-13.840936
192.300000	-19.039489
192.400000	-23.872614
192.500000	-28.335372
192.600000	-32.450713
192.700000	-36.260850
192.800000	-39.821936
192.900000	-43.198272
193.000000	-46.455270
193.100000	-49.650913
193.200000	-52.824432
193.300000	-55.980759
193.400000	-59.072674
193.500000	-61.991106
193.600000	-64.582590
193.700000	-66.703302
193.800000	-68.281871
193.900000	-69.341378
194.000000	-69.969147
194.100000	-70.270286
194.200000	-70.337078
194.300000	-70.238763
194.400000	-70.022965
194.500000	-69.720886
194.600000	-69.352411
194.700000	-68.929991
194.800000	-68.461270
194.900000	-67.950757
195.000000	-67.400842
195.100000	-66.812358
195.200000	-66.184860
195.300000	-65.516663
195.400000	-64.804718
195.500000	-64.044296
195.600000	-63.228466
195.700000	-62.347301
195.800000	-61.386663
195.900000	-60.326363
196.000000	-59.137285
196.100000	-57.776775
196.200000	-56.181045
196.300000	-54.252292
196.400000	-51.836400
196.500000	-48.684277
196.600000	-44.388154
196.700000	-38.298607
196.800000	-29.526227
196.900000	-17.481554
197.000000	-3.756762
197.100000	6.582046
197.200000	10.237110
197.300000	8.783065
197.400000	4.619131
197.500000	-0.716208
197.600000	-6.389295
197.700000	-11.980700
197.800000	-17.295833
197.900000	-22.256711
198.000000	-26.845104
198.100000	-31.075730
198.200000	-34.984839
198.300000	-38.624397
198.400000	-42.056640
198.500000	-45.347469
198.600000	-48.558514
198.700000	-51.736964
198.800000	-54.901525
198.900000	-58.024718
199.000000	-61.018515
199.100000	-63.740307
199.200000	-66.035266
199.300000	-67.801773
199.400000	-69.031747
199.500000	-69.795819
199.600000	-70.197584
199.700000	-70.335767
199.800000	-70.287734
199.900000	-70.108013
200.000000	-69.832818
