t	V
0.000000	5.169475
0.100000	5.685529
0.200000	6.189553
0.300000	6.672726
0.400000	7.126492
0.500000	7.543017
0.600000	7.915557
0.700000	8.238703
0.800000	8.508488
0.900000	8.722372
1.000000	8.879121
1.100000	8.978617
1.200000	9.021633
1.300000	9.009583
1.400000	8.944294
1.500000	8.827778
1.600000	8.662043
1.700000	8.448911
1.800000	8.189869
1.900000	7.885921
2.000000	7.537450
2.100000	7.144069
2.200000	6.704452
2.300000	6.216130
2.400000	5.675228
2.500000	5.076121
2.600000	4.410976
2.700000	3.669137
2.800000	2.836328
2.900000	1.893634
3.000000	0.816325
3.100000	-0.427253
3.200000	-1.876025
3.300000	-3.574243
3.400000	-5.564518
3.500000	-7.872862
3.600000	-10.486876
3.700000	-13.338612
3.800000	-16.310225
3.900000	-19.265734
4.000000	-22.087634
4.100000	-24.696405
4.200000	-27.050695
4.300000	-29.137967
4.400000	-30.964025
4.500000	-32.544885
4.600000	-33.901373
4.700000	-35.055858
4.800000	-36.030392
4.900000	-36.845727
5.000000	-37.520867
5.100000	-38.072913
5.200000	-38.517082
5.300000	-38.866813
5.400000	-39.133917
5.500000	-39.328741
5.600000	-39.460329
5.700000	-39.536579
5.800000	-39.564386
5.900000	-39.549766
6.000000	-39.497973
6.100000	-39.413595
6.200000	-39.300648
6.300000	-39.162644
6.400000	-39.002663
6.500000	-38.823409
6.600000	-38.627257
6.700000	-38.416297
6.800000	-38.192374
6.900000	-37.957115
7.000000	-37.711959
7.100000	-37.458182
7.200000	-37.196914
7.300000	-36.929162
7.400000	-36.655820
7.500000	-36.377686
7.600000	-36.095472
7.700000	-35.809816
7.800000	-35.521287
7.900000	-35.230397
8.000000	-34.937605
8.100000	-34.643325
8.200000	-34.347926
8.300000	-34.051744
8.400000	-33.755080
8.500000	-33.458207
8.600000	-33.161368
8.700000	-32.864787
8.800000	-32.568663
8.900000	-32.273176
9.000000	-31.978489
9.100000	-31.684750
9.200000	-31.392091
9.300000	-31.100630
9.400000	-30.810476
9.500000	-30.521723
9.600000	-30.234458
9.700000	-29.948756
9.800000	-29.664686
9.900000	-29.382307
10.000000	-29.101672
10.100000	-28.822825
10.200000	-28.545807
10.300000	-28.270649
10.400000	-27.997380
10.500000	-27.726021
10.600000	-27.456591
10.700000	-27.189101
10.800000	-26.923560
10.900000	-26.659972
11.000000	-26.398338
11.100000	-26.138654
11.200000	-25.880913
11.300000	-25.625104
11.400000	-25.371213
11.500000	-25.119222
11.600000	-24.869113
11.700000	-24.620860
11.800000	-24.374438
11.900000	-24.129816
12.000000	-23.886962
12.100000	-23.645839
12.200000	-23.406409
12.300000	-23.168630
12.400000	-22.932456
12.500000	-22.697837
12.600000	-22.464723
12.700000	-22.233055
12.800000	-22.002774
12.900000	-21.773816
13.000000	-21.546111
13.100000	-21.319587
13.200000	-21.094163
13.300000	-20.869756
13.400000	-20.646275
13.500000	-20.423621
13.600000	-20.201691
13.700000	-19.980371
13.800000	-19.759538
13.900000	-19.539060
14.000000	-19.318793
14.100000	-19.098581
14.200000	-18.878252
14.300000	-18.657620
14.400000	-18.436480
14.500000	-18.214605
14.600000	-17.991747
14.700000	-17.767629
14.800000	-17.541945
14.900000	-17.314352
15.000000	-17.084468
15.100000	-16.851863
15.200000	-16.616054
15.300000	-16.376490
15.400000	-16.132551
15.500000	-15.883524
15.600000	-15.628596
15.700000	-15.366827
15.800000	-15.097133
15.900000	-14.818248
16.000000	-14.528697
16.100000	-14.226738
16.200000	-13.910313
16.300000	-13.576967
16.400000	-13.223751
16.500000	-12.847099
16.600000	-12.442660
16.700000	-12.005077
16.800000	-11.527695
16.900000	-11.002165
17.000000	-10.417895
17.100000	-9.761314
17.200000	-9.014851
17.300000	-8.155560
17.400000	-7.153316
17.500000	-5.968660
17.600000	-4.550815
17.700000	-2.837639
17.800000	-0.762061
17.900000	1.726601
18.000000	4.619776
18.100000	7.802491
18.200000	11.055944
18.300000	14.135488
18.400000	16.858171
18.500000	19.132552
18.600000	20.940472
18.700000	22.307465
18.800000	23.280037
18.900000	23.911920
19.000000	24.256669
19.100000	24.363998
19.200000	24.278199
19.300000	24.037674
19.400000	23.675060
19.500000	23.217657
19.600000	22.687977
19.700000	22.104349
19.800000	21.481505
19.900000	20.831123
20.000000	20.162324
20.100000	19.482103
20.200000	18.795703
20.300000	18.106929
20.400000	17.418411
20.500000	16.731817
20.600000	16.048026
20.700000	15.367259
20.800000	14.689181
20.900000	14.012973
21.000000	13.337374
21.100000	12.660700
21.200000	11.980836
21.300000	11.295206
21.400000	10.600706
21.500000	9.893609
21.600000	9.169421
21.700000	8.422684
21.800000	7.646698
21.900000	6.833149
22.000000	5.971587
22.100000	5.048737
22.200000	4.047555
22.300000	2.946016
22.400000	1.715662
22.500000	0.320132
22.600000	-1.285505
22.700000	-3.152707
22.800000	-5.331120
22.900000	-7.849874
23.000000	-10.690297
23.100000	-13.766569
23.200000	-16.937994
23.300000	-20.052102
23.400000	-22.986712
23.500000	-25.666722
23.600000	-28.059041
23.700000	-30.159608
23.800000	-31.981399
23.900000	-33.545990
24.000000	-34.878336
24.100000	-36.003800
24.200000	-36.946571
24.300000	-37.728915
24.400000	-38.370885
24.500000	-38.890302
24.600000	-39.302858
24.700000	-39.622296
24.800000	-39.860605
24.900000	-40.028220
25.000000	-40.134212
25.100000	-40.186460
25.200000	-40.191812
25.300000	-40.156216
25.400000	-40.084849
25.500000	-39.982213
25.600000	-39.852236
25.700000	-39.698344
25.800000	-39.523531
25.900000	-39.330418
26.000000	-39.121303
26.100000	-38.898203
26.200000	-38.662893
26.300000	-38.416938
26.400000	-38.161717
26.500000	-37.898452
26.600000	-37.628224
26.700000	-37.351993
26.800000	-37.070611
26.900000	-36.784840
27.000000	-36.495356
27.100000	-36.202764
27.200000	-35.907607
27.300000	-35.610370
27.400000	-35.311488
27.500000	-35.011353
27.600000	-34.710317
27.700000	-34.408697
27.800000	-34.106778
27.900000	-33.804818
28.000000	-33.503050
28.100000	-33.201684
28.200000	-32.900908
28.300000	-32.600896
28.400000	-32.301800
28.500000	-32.003761
28.600000	-31.706903
28.700000	-31.411340
28.800000	-31.117174
28.900000	-30.824496
29.000000	-30.533386
29.100000	-30.243918
29.200000	-29.956155
29.300000	-29.670155
29.400000	-29.385966
29.500000	-29.103632
29.600000	-28.823190
29.700000	-28.544671
29.800000	-28.268100
29.900000	-27.993500
30.000000	-27.720885
30.100000	-27.450268
30.200000	-27.181656
30.300000	-26.915052
30.400000	-26.650456
30.500000	-26.387865
30.600000	-26.127270
30.700000	-25.868662
30.800000	-25.612025
30.900000	-25.357343
31.000000	-25.104595
31.100000	-24.853758
31.200000	-24.604806
31.300000	-24.357709
31.400000	-24.112436
31.500000	-23.868950
31.600000	-23.627215
31.700000	-23.387188
31.800000	-23.148824
31.900000	-22.912078
32.000000	-22.676896
32.100000	-22.443225
32.200000	-22.211007
32.300000	-21.980178
32.400000	-21.750673
32.500000	-21.522420
32.600000	-21.295344
32.700000	-21.069362
32.800000	-20.844389
32.900000	-20.620331
33.000000	-20.397087
33.100000	-20.174549
33.200000	-19.952602
33.300000	-19.731120
33.400000	-19.509965
33.500000	-19.288991
33.600000	-19.068037
33.700000	-18.846927
33.800000	-18.625467
33.900000	-18.403449
34.000000	-18.180638
34.100000	-17.956778
34.200000	-17.731584
34.300000	-17.504740
34.400000	-17.275893
34.500000	-17.044647
34.600000	-16.810557
34.700000	-16.573123
34.800000	-16.331776
34.900000	-16.085869
35.000000	-15.834665
35.100000	-15.577317
35.200000	-15.312848
35.300000	-15.040125
35.400000	-14.757830
35.500000	-14.464417
35.600000	-14.158064
35.700000	-13.836612
35.800000	-13.497479
35.900000	-13.137560
36.000000	-12.753090
36.100000	-12.339463
36.200000	-11.890999
36.300000	-11.400617
36.400000	-10.859409
36.500000	-10.256042
36.600000	-9.575951
36.700000	-8.800228
36.800000	-7.904129
36.900000	-6.855152
37.000000	-5.610839
37.100000	-4.117052
37.200000	-2.309093
37.300000	-0.121268
37.400000	2.486004
37.500000	5.478552
37.600000	8.708725
37.700000	11.940152
37.800000	14.937989
37.900000	17.544197
38.000000	19.690490
38.100000	21.373685
38.200000	22.627068
38.300000	23.500275
38.400000	24.047601
38.500000	24.321848
38.600000	24.371373
38.700000	24.238890
38.800000	23.961206
38.900000	23.569454
39.000000	23.089569
39.100000	22.542863
39.200000	21.946621
39.300000	21.314687
39.400000	20.657990
39.500000	19.985029
39.600000	19.302281
39.700000	18.614565
39.800000	17.925339
39.900000	17.236947
40.000000	16.550824
40.100000	15.867656
40.200000	15.187502
40.300000	14.509888
40.400000	13.833869
40.500000	13.158068
40.600000	12.480686
40.700000	11.799487
40.800000	11.111760
40.900000	10.414245
41.000000	9.703026
41.100000	8.973373
41.200000	8.219526
41.300000	7.434397
41.400000	6.609160
41.500000	5.732690
41.600000	4.790809
41.700000	3.765276
41.800000	2.632506
41.900000	1.362064
42.000000	-0.084692
42.100000	-1.754812
42.200000	-3.700455
42.300000	-5.968109
42.400000	-8.576953
42.500000	-11.491381
42.600000	-14.608142
42.700000	-17.778557
42.800000	-20.854959
42.900000	-23.727198
43.000000	-26.332416
43.100000	-28.646571
43.200000	-30.671177
43.300000	-32.422175
43.400000	-33.922439
43.500000	-35.197256
43.600000	-36.271786
43.700000	-37.169757
43.800000	-37.912860
43.900000	-38.520549
44.000000	-39.010063
44.100000	-39.396559
44.200000	-39.693291
44.300000	-39.911817
44.400000	-40.062189
44.500000	-40.153145
44.600000	-40.192276
44.700000	-40.186177
44.800000	-40.140580
44.900000	-40.060471
45.000000	-39.950193
45.100000	-39.813531
45.200000	-39.653792
45.300000	-39.473863
45.400000	-39.276276
45.500000	-39.063250
45.600000	-38.836734
45.700000	-38.598444
45.800000	-38.349893
45.900000	-38.092417
46.000000	-37.827196
46.100000	-37.555280
46.200000	-37.277598
46.300000	-36.994976
46.400000	-36.708152
46.500000	-36.417784
46.600000	-36.124458
46.700000	-35.828701
46.800000	-35.530985
46.900000	-35.231732
47.000000	-34.931324
47.100000	-34.630102
47.200000	-34.328375
47.300000	-34.026420
47.400000	-33.724489
47.500000	-33.422808
47.600000	-33.121581
47.700000	-32.820992
47.800000	-32.521209
47.900000	-32.222381
48.000000	-31.924644
48.100000	-31.628120
48.200000	-31.332919
48.300000	-31.039140
48.400000	-30.746871
48.500000	-30.456192
48.600000	-30.167171
48.700000	-29.879872
48.800000	-29.594349
48.900000	-29.310649
49.000000	-29.028815
49.100000	-28.748882
49.200000	-28.470879
49.300000	-28.194831
49.400000	-27.920757
49.500000	-27.648673
49.600000	-27.378589
49.700000	-27.110511
49.800000	-26.844441
49.900000	-26.580380
50.000000	-26.318320
50.100000	-26.058255
50.200000	-25.800173
50.300000	-25.544058
50.400000	-25.289892
50.500000	-25.037656
50.600000	-24.787323
50.700000	-24.538868
50.800000	-24.292259
50.900000	-24.047465
51.000000	-23.804449
51.100000	-23.563172
51.200000	-23.323592
51.300000	-23.085664
51.400000	-22.849339
51.500000	-22.614565
51.600000	-22.381286
51.700000	-22.149444
51.800000	-21.918974
51.900000	-21.689809
52.000000	-21.461877
52.100000	-21.235100
52.200000	-21.009396
52.300000	-20.784675
52.400000	-20.560844
52.500000	-20.337799
52.600000	-20.115430
52.700000	-19.893619
52.800000	-19.672237
52.900000	-19.451146
53.000000	-19.230194
53.100000	-19.009215
53.200000	-18.788032
53.300000	-18.566445
53.400000	-18.344239
53.500000	-18.121175
53.600000	-17.896989
53.700000	-17.671388
53.800000	-17.444047
53.900000	-17.214602
54.000000	-16.982644
54.100000	-16.747716
54.200000	-16.509299
54.300000	-16.266805
54.400000	-16.019565
54.500000	-15.766813
54.600000	-15.507671
54.700000	-15.241123
54.800000	-14.965989
54.900000	-14.680896
55.000000	-14.384230
55.100000	-14.074086
55.200000	-13.748199
55.300000	-13.403862
55.400000	-13.037807
55.500000	-12.646066
55.600000	-12.223774
55.700000	-11.764911
55.800000	-11.261960
55.900000	-10.705432
56.000000	-10.083223
56.100000	-9.379737
56.200000	-8.574675
56.300000	-7.641433
56.400000	-6.545075
56.500000	-5.240148
56.600000	-3.669380
56.700000	-1.766330
56.800000	0.531331
56.900000	3.248764
57.000000	6.323794
57.100000	9.579162
57.200000	12.769041
57.300000	15.674149
57.400000	18.161378
57.500000	20.182771
57.600000	21.747368
57.700000	22.894376
57.800000	23.675534
57.900000	24.145173
58.000000	24.355110
58.100000	24.352267
58.200000	24.177785
58.300000	23.866926
58.400000	23.449387
58.500000	22.949813
58.600000	22.388387
58.700000	21.781423
58.800000	21.141939
58.900000	20.480174
59.000000	19.804050
59.100000	19.119570
59.200000	18.431164
59.300000	17.741972
59.400000	17.054077
59.500000	16.368701
59.600000	15.686353
59.700000	15.006941
59.800000	14.329862
59.900000	13.654054
60.000000	12.978025
60.100000	12.299864
60.200000	11.617214
60.300000	10.927225
60.400000	10.226475
60.500000	9.510850
60.600000	8.775368
60.700000	8.013952
60.800000	7.219093
60.900000	6.381418
61.000000	5.489071
61.100000	4.526903
61.200000	3.475387
61.300000	2.309266
61.400000	0.996033
61.500000	-0.505263
61.600000	-2.243578
61.700000	-4.271031
61.800000	-6.629402
61.900000	-9.325853
62.000000	-12.306791
62.100000	-15.453184
62.200000	-18.611893
62.300000	-21.642736
62.400000	-24.448216
62.500000	-26.977031
62.600000	-29.213213
62.700000	-31.163051
62.800000	-32.844923
62.900000	-34.282688
63.000000	-35.501785
63.100000	-36.527085
63.200000	-37.381812
63.300000	-38.087068
63.400000	-38.661710
63.500000	-39.122409
63.600000	-39.483793
63.700000	-39.758648
63.800000	-39.958111
63.900000	-40.091867
64.000000	-40.168332
64.100000	-40.194819
64.200000	-40.177681
64.300000	-40.122440
64.400000	-40.033902
64.500000	-39.916253
64.600000	-39.773145
64.700000	-39.607766
64.800000	-39.422904
64.900000	-39.221003
65.000000	-39.004207
65.100000	-38.774399
65.200000	-38.533238
65.300000	-38.282187
65.400000	-38.022540
65.500000	-37.755441
65.600000	-37.481904
65.700000	-37.202830
65.800000	-36.919021
65.900000	-36.631193
66.000000	-36.339983
66.100000	-36.045961
66.200000	-35.749639
66.300000	-35.451474
66.400000	-35.151878
66.500000	-34.851222
66.600000	-34.549836
66.700000	-34.248023
66.800000	-33.946051
66.900000	-33.644165
67.000000	-33.342586
67.100000	-33.041511
67.200000	-32.741121
67.300000	-32.441578
67.400000	-32.143028
67.500000	-31.845602
67.600000	-31.549420
67.700000	-31.254589
67.800000	-30.961204
67.900000	-30.669350
68.000000	-30.379105
68.100000	-30.090537
68.200000	-29.803706
68.300000	-29.518664
68.400000	-29.235457
68.500000	-28.954126
68.600000	-28.674703
68.700000	-28.397219
68.800000	-28.121694
68.900000	-27.848149
69.000000	-27.576596
69.100000	-27.307045
69.200000	-27.039502
69.300000	-26.773967
69.400000	-26.510439
69.500000	-26.248911
69.600000	-25.989375
69.700000	-25.731818
69.800000	-25.476224
69.900000	-25.222574
70.000000	-24.970846
70.100000	-24.721016
70.200000	-24.473055
70.300000	-24.226933
70.400000	-23.982616
70.500000	-23.740066
70.600000	-23.499245
70.700000	-23.260110
70.800000	-23.022613
70.900000	-22.786706
71.000000	-22.552335
71.100000	-22.319445
71.200000	-22.087974
71.300000	-21.857859
71.400000	-21.629029
71.500000	-21.401412
71.600000	-21.174929
71.700000	-20.949495
71.800000	-20.725021
71.900000	-20.501409
72.000000	-20.278555
72.100000	-20.056347
72.200000	-19.834663
72.300000	-19.613373
72.400000	-19.392334
72.500000	-19.171391
72.600000	-18.950376
72.700000	-18.729105
72.800000	-18.507376
72.900000	-18.284966
73.000000	-18.061630
73.100000	-17.837097
73.200000	-17.611067
73.300000	-17.383203
73.400000	-17.153131
73.500000	-16.920430
73.600000	-16.684626
73.700000	-16.445184
73.800000	-16.201496
73.900000	-15.952869
74.000000	-15.698507
74.100000	-15.437499
74.200000	-15.168789
74.300000	-14.891148
74.400000	-14.603143
74.500000	-14.303089
74.600000	-13.988993
74.700000	-13.658481
74.800000	-13.308709
74.900000	-12.936238
75.000000	-12.536884
75.100000	-12.105501
75.200000	-11.635710
75.300000	-11.119521
75.400000	-10.546820
75.500000	-9.904673
75.600000	-9.176362
75.700000	-8.340088
75.800000	-7.367241
75.900000	-6.220292
76.000000	-4.850685
76.100000	-3.198165
76.200000	-1.195430
76.300000	1.214153
76.400000	4.037548
76.500000	7.182228
76.600000	10.444773
76.700000	13.577230
76.800000	16.380222
76.900000	18.745250
77.000000	20.642535
77.100000	22.091406
77.200000	23.135757
77.300000	23.828741
77.400000	24.224376
77.500000	24.373331
77.600000	24.321034
77.700000	24.107050
77.800000	23.765117
77.900000	23.323532
78.000000	22.805696
78.100000	22.230702
78.200000	21.613936
78.300000	20.967625
78.400000	20.301351
78.500000	19.622487
78.600000	18.936588
78.700000	18.247713
78.800000	17.558701
78.900000	16.871389
79.000000	16.186796
79.100000	15.505261
79.200000	14.826548
79.300000	14.149929
79.400000	13.474225
79.500000	12.797833
79.600000	12.118727
79.700000	11.434423
79.800000	10.741931
79.900000	10.037656
80.000000	9.317273
80.100000	8.575535
80.200000	7.806019
80.300000	7.000770
80.400000	6.149821
80.500000	5.240530
80.600000	4.256699
80.700000	3.177420
80.800000	1.975653
80.900000	0.616727
81.000000	-0.942598
81.100000	-2.752872
81.200000	-4.865233
81.300000	-7.314992
81.400000	-10.095294
81.500000	-13.134121
81.600000	-16.299010
81.700000	-19.435916
81.800000	-22.414286
81.900000	-25.149442
82.000000	-27.600798
82.100000	-29.759508
82.200000	-31.635915
82.300000	-33.250372
82.400000	-34.627452
82.500000	-35.792596
82.600000	-36.770314
82.700000	-37.583291
82.800000	-38.252036
82.900000	-38.794812
83.000000	-39.227730
83.100000	-39.564908
83.200000	-39.818673
83.300000	-39.999758
83.400000	-40.117492
83.500000	-40.179985
83.600000	-40.194277
83.700000	-40.166490
83.800000	-40.101945
83.900000	-40.005274
84.000000	-39.880513
84.100000	-39.731184
84.200000	-39.560362
84.300000	-39.370740
84.400000	-39.164677
84.500000	-38.944243
84.600000	-38.711260
84.700000	-38.467332
84.800000	-38.213874
84.900000	-37.952137
85.000000	-37.683230
85.100000	-37.408136
85.200000	-37.127727
85.300000	-36.842782
85.400000	-36.553994
85.500000	-36.261983
85.600000	-35.967301
85.700000	-35.670446
85.800000	-35.371862
85.900000	-35.071949
86.000000	-34.771068
86.100000	-34.469540
86.200000	-34.167659
86.300000	-33.865688
86.400000	-33.563863
86.500000	-33.262399
86.600000	-32.961490
86.700000	-32.661311
86.800000	-32.362018
86.900000	-32.063755
87.000000	-31.766649
87.100000	-31.470817
87.200000	-31.176361
87.300000	-30.883375
87.400000	-30.591943
87.500000	-30.302138
87.600000	-30.014027
87.700000	-29.727667
87.800000	-29.443109
87.900000	-29.160398
88.000000	-28.879571
88.100000	-28.600662
88.200000	-28.323697
88.300000	-28.048698
88.400000	-27.775681
88.500000	-27.504661
88.600000	-27.235644
88.700000	-26.968635
88.800000	-26.703634
88.900000	-26.440639
89.000000	-26.179643
89.100000	-25.920635
89.200000	-25.663602
89.300000	-25.408527
89.400000	-25.155391
89.500000	-24.904171
89.600000	-24.654841
89.700000	-24.407373
89.800000	-24.161734
89.900000	-23.917891
90.000000	-23.675806
90.100000	-23.435438
90.200000	-23.196743
90.300000	-22.959674
90.400000	-22.724182
90.500000	-22.490211
90.600000	-22.257704
90.700000	-22.026601
90.800000	-21.796834
90.900000	-21.568335
91.000000	-21.341028
91.100000	-21.114832
91.200000	-20.889663
91.300000	-20.665428
91.400000	-20.442028
91.500000	-20.219357
91.600000	-19.997301
91.700000	-19.775735
91.800000	-19.554526
91.900000	-19.333528
92.000000	-19.112583
92.100000	-18.891519
92.200000	-18.670147
92.300000	-18.448259
92.400000	-18.225627
92.500000	-18.002001
92.600000	-17.777100
92.700000	-17.550616
92.800000	-17.322203
92.900000	-17.091474
93.000000	-16.857996
93.100000	-16.621279
93.200000	-16.380770
93.300000	-16.135838
93.400000	-15.885767
93.500000	-15.629731
93.600000	-15.366783
93.700000	-15.095823
93.800000	-14.815574
93.900000	-14.524538
94.000000	-14.220956
94.100000	-13.902740
94.200000	-13.567402
94.300000	-13.211952
94.400000	-12.832771
94.500000	-12.425440
94.600000	-11.984517
94.700000	-11.503234
94.800000	-10.973094
94.900000	-10.383310
95.000000	-9.720047
95.100000	-8.965377
95.200000	-8.095876
95.300000	-7.080778
95.400000	-5.879805
95.500000	-4.441229
95.600000	-2.702102
95.700000	-0.595453
95.800000	1.926859
95.900000	4.849769
96.000000	8.049278
96.100000	11.300854
96.200000	14.361541
96.300000	17.054830
96.400000	19.295727
96.500000	21.070409
96.600000	22.406745
96.700000	23.352247
96.800000	23.960905
96.900000	24.286135
97.000000	24.377329
97.100000	24.278381
97.200000	24.027282
97.300000	23.656276
97.400000	23.192300
97.500000	22.657550
97.600000	22.070076
97.700000	21.444370
97.800000	20.791909
97.900000	20.121645
98.000000	19.440434
98.100000	18.753401
98.200000	18.064258
98.300000	17.375555
98.400000	16.688898
98.500000	16.005111
98.600000	15.324371
98.700000	14.646306
98.800000	13.970063
98.900000	13.294350
99.000000	12.617452
99.100000	11.937224
99.200000	11.251056
99.300000	10.555806
99.400000	9.847701
99.500000	9.122190
99.600000	8.373742
99.700000	7.595566
99.800000	6.779225
99.900000	5.914111
100.000000	4.986735
100.100000	3.979769
100.200000	2.870819
100.300000	1.630957
100.400000	0.223271
100.500000	-1.397699
100.600000	-3.283642
100.700000	-5.483566
100.800000	-8.024375
100.900000	-10.883409
101.000000	-13.970502
101.100000	-17.142705
101.200000	-20.248439
101.300000	-23.168360
101.400000	-25.830393
101.500000	-28.203734
101.600000	-30.285754
101.700000	-32.090203
101.800000	-33.639004
101.900000	-34.957209
102.000000	-36.070142
102.100000	-37.001886
102.200000	-37.774567
102.300000	-38.408093
102.400000	-38.920143
102.500000	-39.326279
102.600000	-39.640123
102.700000	-39.873557
102.800000	-40.036924
102.900000	-40.139211
103.000000	-40.188228
103.100000	-40.190758
103.200000	-40.152699
103.300000	-40.079177
103.400000	-39.974659
103.500000	-39.843035
103.600000	-39.687702
103.700000	-39.511628
103.800000	-39.317413
103.900000	-39.107334
104.000000	-38.883392
104.100000	-38.647347
104.200000	-38.400751
104.300000	-38.144974
104.400000	-37.881227
104.500000	-37.610582
104.600000	-37.333992
104.700000	-37.052304
104.800000	-36.766271
104.900000	-36.476568
105.000000	-36.183794
105.100000	-35.888488
105.200000	-35.591131
105.300000	-35.292156
105.400000	-34.991952
105.500000	-34.690868
105.600000	-34.389220
105.700000	-34.087290
105.800000	-33.785335
105.900000	-33.483587
106.000000	-33.182252
106.100000	-32.881521
106.200000	-32.581563
106.300000	-32.282531
106.400000	-31.984564
106.500000	-31.687786
106.600000	-31.392310
106.700000	-31.098237
106.800000	-30.805657
106.900000	-30.514651
107.000000	-30.225291
107.100000	-29.937640
107.200000	-29.651755
107.300000	-29.367685
107.400000	-29.085472
107.500000	-28.805153
107.600000	-28.526758
107.700000	-28.250315
107.800000	-27.975842
107.900000	-27.703355
108.000000	-27.432867
108.100000	-27.164384
108.200000	-26.897910
108.300000	-26.633444
108.400000	-26.370982
108.500000	-26.110516
108.600000	-25.852035
108.700000	-25.595524
108.800000	-25.340968
108.900000	-25.088344
109.000000	-24.837629
109.100000	-24.588798
109.200000	-24.341820
109.300000	-24.096663
109.400000	-23.853292
109.500000	-23.611667
109.600000	-23.371749
109.700000	-23.133492
109.800000	-22.896848
109.900000	-22.661765
110.000000	-22.428190
110.100000	-22.196063
110.200000	-21.965322
110.300000	-21.735900
110.400000	-21.507725
110.500000	-21.280722
110.600000	-21.054808
110.700000	-20.829897
110.800000	-20.605894
110.900000	-20.382699
111.000000	-20.160203
111.100000	-19.938290
111.200000	-19.716832
111.300000	-19.495694
111.400000	-19.274727
111.500000	-19.053768
111.600000	-18.832640
111.700000	-18.611152
111.800000	-18.389089
111.900000	-18.166218
112.000000	-17.942281
112.100000	-17.716991
112.200000	-17.490028
112.300000	-17.261038
112.400000	-17.029623
112.500000	-16.795333
112.600000	-16.557664
112.700000	-16.316042
112.800000	-16.069817
112.900000	-15.818243
113.000000	-15.560466
113.100000	-15.295500
113.200000	-15.022201
113.300000	-14.739237
113.400000	-14.445046
113.500000	-14.137788
113.600000	-13.815277
113.700000	-13.474902
113.800000	-13.113519
113.900000	-12.727315
114.000000	-12.311623
114.100000	-11.860683
114.200000	-11.367310
114.300000	-10.822460
114.400000	-10.214618
114.500000	-9.528976
114.600000	-8.746298
114.700000	-7.841403
114.800000	-6.781213
114.900000	-5.522553
115.000000	-4.010518
115.100000	-2.179921
115.200000	0.034306
115.300000	2.668580
115.400000	5.682203
115.500000	8.920117
115.600000	12.142993
115.700000	15.119292
115.800000	17.697001
115.900000	19.812958
116.000000	21.467132
116.100000	22.694369
116.200000	23.544884
116.300000	24.073017
116.400000	24.331347
116.500000	24.367891
116.600000	24.224982
116.700000	23.939049
116.800000	23.540875
116.900000	23.056078
117.000000	22.505690
117.100000	21.906759
117.200000	21.272924
117.300000	20.614944
117.400000	19.941174
117.500000	19.257976
117.600000	18.570071
117.700000	17.880838
117.800000	17.192558
117.900000	16.506613
118.000000	15.823644
118.100000	15.143673
118.200000	14.466196
118.300000	13.790237
118.400000	13.114393
118.500000	12.436837
118.600000	11.755304
118.700000	11.067049
118.800000	10.368776
118.900000	9.656518
119.000000	8.925489
119.100000	8.169852
119.200000	7.382422
119.300000	6.554240
119.400000	5.674012
119.500000	4.727330
119.600000	3.695650
119.700000	2.554990
119.800000	1.274422
119.900000	-0.185254
120.000000	-1.871575
120.100000	-3.836766
120.200000	-6.126322
120.300000	-8.756696
120.400000	-11.687994
120.500000	-14.812955
120.600000	-17.981492
120.700000	-21.047524
120.800000	-23.903936
120.900000	-26.490741
121.000000	-28.785948
121.100000	-30.792297
121.200000	-32.526368
121.300000	-34.011301
121.400000	-35.272433
121.500000	-36.334865
121.600000	-37.222203
121.700000	-37.955998
121.800000	-38.555558
121.900000	-39.037983
122.000000	-39.418300
122.100000	-39.709650
122.200000	-39.923486
122.300000	-40.069770
122.400000	-40.157162
122.500000	-40.193183
122.600000	-40.184368
122.700000	-40.136399
122.800000	-40.054217
122.900000	-39.942127
123.000000	-39.803880
123.100000	-39.642753
123.200000	-39.461611
123.300000	-39.262964
123.400000	-39.049010
123.500000	-38.821684
123.600000	-38.582688
123.700000	-38.333522
123.800000	-38.075511
123.900000	-37.809828
124.000000	-37.537512
124.100000	-37.259487
124.200000	-36.976573
124.300000	-36.689501
124.400000	-36.398924
124.500000	-36.105426
124.600000	-35.809529
124.700000	-35.511702
124.800000	-35.212363
124.900000	-34.911892
125.000000	-34.610629
125.100000	-34.308879
125.200000	-34.006919
125.300000	-33.704997
125.400000	-33.403339
125.500000	-33.102148
125.600000	-32.801607
125.700000	-32.501880
125.800000	-32.203119
125.900000	-31.905457
126.000000	-31.609015
126.100000	-31.313903
126.200000	-31.020219
126.300000	-30.728051
126.400000	-30.437476
126.500000	-30.148565
126.600000	-29.861379
126.700000	-29.575972
126.800000	-29.292392
126.900000	-29.010680
127.000000	-28.730870
127.100000	-28.452993
127.200000	-28.177072
127.300000	-27.903126
127.400000	-27.631171
127.500000	-27.361216
127.600000	-27.093267
127.700000	-26.827328
127.800000	-26.563396
127.900000	-26.301466
128.000000	-26.041529
128.100000	-25.783574
128.200000	-25.527585
128.300000	-25.273545
128.400000	-25.021432
128.500000	-24.771222
128.600000	-24.522886
128.700000	-24.276396
128.800000	-24.031718
128.900000	-23.788816
129.000000	-23.547650
129.100000	-23.308178
129.200000	-23.070355
129.300000	-22.834131
129.400000	-22.599456
129.500000	-22.366272
129.600000	-22.134520
129.700000	-21.904136
129.800000	-21.675053
129.900000	-21.447198
130.000000	-21.220493
130.100000	-20.994855
130.200000	-20.770195
130.300000	-20.546417
130.400000	-20.323419
130.500000	-20.101090
130.600000	-19.879311
130.700000	-19.657952
130.800000	-19.436875
130.900000	-19.215926
131.000000	-18.994940
131.100000	-18.773736
131.200000	-18.552116
131.300000	-18.329862
131.400000	-18.106734
131.500000	-17.882466
131.600000	-17.656763
131.700000	-17.429297
131.800000	-17.199703
131.900000	-16.967568
132.000000	-16.732431
132.100000	-16.493769
132.200000	-16.250989
132.300000	-16.003418
132.400000	-15.750281
132.500000	-15.490693
132.600000	-15.223628
132.700000	-14.947895
132.800000	-14.662106
132.900000	-14.364631
133.000000	-14.053542
133.100000	-13.726551
133.200000	-13.380917
133.300000	-13.013332
133.400000	-12.619776
133.500000	-12.195318
133.600000	-11.733853
133.700000	-11.227753
133.800000	-10.667381
133.900000	-10.040438
134.000000	-9.331064
134.100000	-8.518605
134.200000	-7.575986
134.300000	-6.467656
134.400000	-5.147417
134.500000	-3.557255
134.600000	-1.630428
134.700000	0.694243
134.800000	3.437855
134.900000	6.531045
135.000000	9.789825
135.100000	12.967175
135.200000	15.848299
135.300000	18.306120
135.400000	20.297297
135.500000	21.833536
135.600000	22.955289
135.700000	23.714696
135.800000	24.166043
135.900000	24.360881
136.000000	24.345776
136.100000	24.161483
136.200000	23.842895
136.300000	23.419364
136.400000	22.915231
136.500000	22.350409
136.600000	21.740985
136.700000	21.099780
136.800000	20.436871
136.900000	19.760044
137.000000	19.075192
137.100000	18.386653
137.200000	17.697492
137.300000	17.009731
137.400000	16.324543
137.500000	15.642393
137.600000	14.963155
137.700000	14.286195
137.800000	13.610421
137.900000	12.934318
138.000000	12.255943
138.100000	11.572910
138.200000	10.882336
138.300000	10.180759
138.400000	9.464012
138.500000	8.727053
138.600000	7.963720
138.700000	7.166403
138.800000	6.325586
138.900000	5.429228
139.000000	4.461934
139.100000	3.403850
139.200000	2.229296
139.300000	0.905248
139.400000	-0.609802
139.500000	-2.365233
139.600000	-4.413018
139.700000	-6.793539
139.800000	-9.510733
139.900000	-12.506550
140.000000	-15.658461
140.100000	-18.812782
140.200000	-21.831491
140.300000	-24.620205
140.400000	-27.130302
140.500000	-29.347628
140.600000	-31.279520
140.700000	-32.944874
140.800000	-34.367748
140.900000	-35.573592
141.000000	-36.587197
141.100000	-37.431657
141.200000	-38.127933
141.300000	-38.694736
141.400000	-39.148600
141.500000	-39.504029
141.600000	-39.773696
141.700000	-39.968637
141.800000	-40.098451
141.900000	-40.171480
142.000000	-40.194967
142.100000	-40.175209
142.200000	-40.117680
142.300000	-40.027142
142.400000	-39.907744
142.500000	-39.763106
142.600000	-39.596388
142.700000	-39.410356
142.800000	-39.207431
142.900000	-38.989740
143.000000	-38.759151
143.100000	-38.517309
143.200000	-38.265666
143.300000	-38.005505
143.400000	-37.737960
143.500000	-37.464040
143.600000	-37.184637
143.700000	-36.900548
143.800000	-36.612483
143.900000	-36.321074
144.000000	-36.026889
144.100000	-35.730435
144.200000	-35.432166
144.300000	-35.132491
144.400000	-34.831777
144.500000	-34.530355
144.600000	-34.228524
144.700000	-33.926551
144.800000	-33.624678
144.900000	-33.323126
145.000000	-33.022090
145.100000	-32.721750
145.200000	-32.422267
145.300000	-32.123785
145.400000	-31.826436
145.500000	-31.530339
145.600000	-31.235598
145.700000	-30.942309
145.800000	-30.650557
145.900000	-30.360419
146.000000	-30.071961
146.100000	-29.785243
146.200000	-29.500319
146.300000	-29.217232
146.400000	-28.936023
146.500000	-28.656725
146.600000	-28.379366
146.700000	-28.103969
146.800000	-27.830552
146.900000	-27.559128
147.000000	-27.289707
147.100000	-27.022293
147.200000	-26.756888
147.300000	-26.493489
147.400000	-26.232091
147.500000	-25.972683
147.600000	-25.715253
147.700000	-25.459785
147.800000	-25.206259
147.900000	-24.954655
148.000000	-24.704947
148.100000	-24.457105
148.200000	-24.211101
148.300000	-23.966899
148.400000	-23.724463
148.500000	-23.483752
148.600000	-23.244723
148.700000	-23.007331
148.800000	-22.771525
148.900000	-22.537252
149.000000	-22.304455
149.100000	-22.073073
149.200000	-21.843043
149.300000	-21.614294
149.400000	-21.386753
149.500000	-21.160340
149.600000	-20.934971
149.700000	-20.710555
149.800000	-20.486996
149.900000	-20.264187
150.000000	-20.042016
150.100000	-19.820362
150.200000	-19.599092
150.300000	-19.378064
150.400000	-19.157122
150.500000	-18.936097
150.600000	-18.714802
150.700000	-18.493036
150.800000	-18.270574
150.900000	-18.047169
151.000000	-17.822549
151.100000	-17.596411
151.200000	-17.368416
151.300000	-17.138187
151.400000	-16.905301
151.500000	-16.669279
151.600000	-16.429583
151.700000	-16.185597
151.800000	-15.936624
151.900000	-15.681863
152.000000	-15.420391
152.100000	-15.151143
152.200000	-14.872879
152.300000	-14.584150
152.400000	-14.283253
152.500000	-13.968173
152.600000	-13.636508
152.700000	-13.285381
152.800000	-12.911310
152.900000	-12.510054
153.000000	-12.076399
153.100000	-11.603873
153.200000	-11.084366
153.300000	-10.507606
153.400000	-9.860446
153.500000	-9.125885
153.600000	-8.281739
153.700000	-7.298890
153.800000	-6.139157
153.900000	-4.753216
154.000000	-3.080130
154.100000	-1.052551
154.200000	1.384366
154.300000	4.232589
154.400000	7.392003
154.500000	10.653547
154.600000	13.769844
154.700000	16.546847
154.800000	18.881887
154.900000	20.749261
155.000000	22.170522
155.100000	23.190535
155.200000	23.862705
155.300000	24.240929
155.400000	24.375577
155.500000	24.311708
155.600000	24.088502
155.700000	23.739334
155.800000	23.292168
155.900000	22.770107
156.000000	22.191988
156.100000	21.572974
156.200000	20.925111
156.300000	20.257822
156.400000	19.578354
156.500000	18.892154
156.600000	18.203197
156.700000	17.514249
156.800000	16.827090
156.900000	16.142691
157.000000	15.461350
157.100000	14.782800
157.200000	14.106280
157.300000	13.430584
157.400000	12.754084
157.500000	12.074721
157.600000	11.389985
157.700000	10.696848
157.800000	9.991672
157.900000	9.270079
158.000000	8.526756
158.100000	7.755191
158.200000	6.947317
158.300000	6.093015
158.400000	5.179444
158.500000	4.190138
158.600000	3.103840
158.700000	1.893061
158.800000	0.522591
158.900000	-1.051356
159.000000	-2.879653
159.100000	-5.013037
159.200000	-7.484961
159.300000	-10.284890
159.400000	-13.336345
159.500000	-16.504033
159.600000	-19.634206
159.700000	-22.598907
159.800000	-25.316550
159.900000	-27.749009
160.000000	-29.889029
160.100000	-31.747836
160.200000	-33.346199
160.300000	-34.708826
160.400000	-35.861144
160.500000	-36.827560
160.600000	-37.630627
160.700000	-38.290709
160.800000	-38.825926
160.900000	-39.252255
161.000000	-39.583692
161.100000	-39.832456
161.200000	-40.009181
161.300000	-40.123116
161.400000	-40.182293
161.500000	-40.193693
161.600000	-40.163379
161.700000	-40.096626
161.800000	-39.998025
161.900000	-39.871576
162.000000	-39.720771
162.100000	-39.548658
162.200000	-39.357906
162.300000	-39.150855
162.400000	-38.929558
162.500000	-38.695822
162.600000	-38.451237
162.700000	-38.197208
162.800000	-37.934977
162.900000	-37.665642
163.000000	-37.390179
163.100000	-37.109455
163.200000	-36.824242
163.300000	-36.535228
163.400000	-36.243028
163.500000	-35.948191
163.600000	-35.651211
163.700000	-35.352530
163.800000	-35.052544
163.900000	-34.751612
164.000000	-34.450053
164.100000	-34.148159
164.200000	-33.846190
164.300000	-33.544382
164.400000	-33.242948
164.500000	-32.942081
164.600000	-32.641954
164.700000	-32.342724
164.800000	-32.044532
164.900000	-31.747505
165.000000	-31.451758
165.100000	-31.157395
165.200000	-30.864507
165.300000	-30.573178
165.400000	-30.283481
165.500000	-29.995480
165.600000	-29.709235
165.700000	-29.424795
165.800000	-29.142205
165.900000	-28.861501
166.000000	-28.582717
166.100000	-28.305878
166.200000	-28.031006
166.300000	-27.758119
166.400000	-27.487227
166.500000	-27.218340
166.600000	-26.951461
166.700000	-26.686590
166.800000	-26.423724
166.900000	-26.162857
167.000000	-25.903976
167.100000	-25.647070
167.200000	-25.392121
167.300000	-25.139110
167.400000	-24.888013
167.500000	-24.638804
167.600000	-24.391455
167.700000	-24.145933
167.800000	-23.902205
167.900000	-23.660232
168.000000	-23.419973
168.100000	-23.181385
168.200000	-22.944420
168.300000	-22.709027
168.400000	-22.475152
168.500000	-22.242738
168.600000	-22.011723
168.700000	-21.782040
168.800000	-21.553620
168.900000	-21.326387
169.000000	-21.100261
169.100000	-20.875155
169.200000	-20.650977
169.300000	-20.427627
169.400000	-20.205000
169.500000	-19.982979
169.600000	-19.761440
169.700000	-19.540249
169.800000	-19.319260
169.900000	-19.098313
170.000000	-18.877235
170.100000	-18.655835
170.200000	-18.433906
170.300000	-18.211219
170.400000	-17.987518
170.500000	-17.762525
170.600000	-17.535927
170.700000	-17.307377
170.800000	-17.076484
170.900000	-16.842812
171.000000	-16.605868
171.100000	-16.365093
171.200000	-16.119853
171.300000	-15.869422
171.400000	-15.612970
171.500000	-15.349539
171.600000	-15.078020
171.700000	-14.797122
171.800000	-14.505333
171.900000	-14.200872
172.000000	-13.881631
172.100000	-13.545090
172.200000	-13.188224
172.300000	-12.807368
172.400000	-12.398045
172.500000	-11.954736
172.600000	-11.470577
172.700000	-10.936939
172.800000	-10.342865
172.900000	-9.674291
173.000000	-8.912982
173.100000	-8.035097
173.200000	-7.009327
173.300000	-5.794701
173.400000	-4.338721
173.500000	-2.577844
173.600000	-0.445402
173.700000	2.104214
173.800000	5.050034
173.900000	8.260423
174.000000	11.506636
174.100000	14.547938
174.200000	17.213660
174.300000	19.424275
174.400000	21.169504
174.500000	22.479044
174.600000	23.401142
174.700000	23.989914
174.800000	24.298592
174.900000	24.376244
175.000000	24.266386
175.100000	24.006629
175.200000	23.628859
175.300000	23.159691
175.400000	22.621032
175.500000	22.030686
175.600000	21.402935
175.700000	20.749079
175.800000	20.077921
175.900000	19.396195
176.000000	18.708928
176.100000	18.019747
176.200000	17.331137
176.300000	16.644648
176.400000	15.961059
176.500000	15.280508
176.600000	14.602592
176.700000	13.926427
176.800000	13.250693
176.900000	12.573649
177.000000	11.893122
177.100000	11.206469
177.200000	10.510510
177.300000	9.801428
177.400000	9.074614
177.500000	8.324467
177.600000	7.544101
177.700000	6.724958
177.800000	5.856266
177.900000	4.924321
178.000000	3.911507
178.100000	2.795056
178.200000	1.545563
178.300000	0.125564
178.400000	-1.510920
178.500000	-3.415770
178.600000	-5.637278
178.700000	-8.200002
178.800000	-11.077215
178.900000	-14.174477
179.000000	-17.346786
179.100000	-20.443636
179.200000	-23.348578
179.300000	-25.992526
179.400000	-28.346904
179.500000	-30.410461
179.600000	-32.197685
179.700000	-33.730822
179.800000	-35.035014
179.900000	-36.135538
180.000000	-37.056364
180.100000	-37.819481
180.200000	-38.444653
180.300000	-38.949414
180.400000	-39.349198
180.500000	-39.657508
180.600000	-39.886121
180.700000	-40.045285
180.800000	-40.143908
180.900000	-40.189728
181.000000	-40.189468
181.100000	-40.148971
181.200000	-40.073319
181.300000	-39.966939
181.400000	-39.833686
181.500000	-39.676928
181.600000	-39.499608
181.700000	-39.304303
181.800000	-39.093270
181.900000	-38.868496
182.000000	-38.631725
182.100000	-38.384497
182.200000	-38.128170
182.300000	-37.863946
182.400000	-37.592890
182.500000	-37.315946
182.600000	-37.033956
182.700000	-36.747667
182.800000	-36.457748
182.900000	-36.164795
183.000000	-35.869342
183.100000	-35.571868
183.200000	-35.272802
183.300000	-34.972531
183.400000	-34.671402
183.500000	-34.369727
183.600000	-34.067788
183.700000	-33.765840
183.800000	-33.464112
183.900000	-33.162811
184.000000	-32.862125
184.100000	-32.562222
184.200000	-32.263255
184.300000	-31.965361
184.400000	-31.668664
184.500000	-31.373276
184.600000	-31.079297
184.700000	-30.786816
184.800000	-30.495914
184.900000	-30.206663
185.000000	-29.919124
185.100000	-29.633355
185.200000	-29.349403
185.300000	-29.067311
185.400000	-28.787116
185.500000	-28.508847
185.600000	-28.232530
185.700000	-27.958185
185.800000	-27.685827
185.900000	-27.415468
186.000000	-27.147115
186.100000	-26.880771
186.200000	-26.616434
186.300000	-26.354101
186.400000	-26.093763
186.500000	-25.835410
186.600000	-25.579027
186.700000	-25.324595
186.800000	-25.072096
186.900000	-24.821504
187.000000	-24.572793
187.100000	-24.325933
187.200000	-24.080893
187.300000	-23.837635
187.400000	-23.596123
187.500000	-23.356313
187.600000	-23.118161
187.700000	-22.881620
187.800000	-22.646636
187.900000	-22.413156
188.000000	-22.181121
188.100000	-21.950467
188.200000	-21.721127
188.300000	-21.493031
188.400000	-21.266100
188.500000	-21.040254
188.600000	-20.815404
188.700000	-20.591457
188.800000	-20.368310
188.900000	-20.145856
189.000000	-19.923976
189.100000	-19.702543
189.200000	-19.481421
189.300000	-19.260459
189.400000	-19.039494
189.500000	-18.818350
189.600000	-18.596831
189.700000	-18.374723
189.800000	-18.151792
189.900000	-17.927776
190.000000	-17.702388
190.100000	-17.475306
190.200000	-17.246172
190.300000	-17.014584
190.400000	-16.780092
190.500000	-16.542186
190.600000	-16.300288
190.700000	-16.053741
190.800000	-15.801794
190.900000	-15.543584
191.000000	-15.278115
191.100000	-15.004235
191.200000	-14.720596
191.300000	-14.425620
191.400000	-14.117447
191.500000	-13.793866
191.600000	-13.452235
191.700000	-13.089373
191.800000	-12.701416
191.900000	-12.283635
192.000000	-11.830189
192.100000	-11.333788
192.200000	-10.785248
192.300000	-10.172870
192.400000	-9.481597
192.500000	-8.691862
192.600000	-7.778034
192.700000	-6.706451
192.800000	-5.433216
192.900000	-3.902658
193.000000	-2.049142
193.100000	0.191656
193.200000	2.852778
193.300000	5.886819
193.400000	9.131439
193.500000	12.344771
193.600000	15.298897
193.700000	17.847855
193.800000	19.933486
193.900000	21.558791
194.000000	22.760095
194.100000	23.588146
194.200000	24.097306
194.300000	24.339922
194.400000	24.363662
194.500000	24.210478
194.600000	23.916426
194.700000	23.511936
194.800000	23.022313
194.900000	22.468315
195.000000	21.866752
195.100000	21.231060
195.200000	20.571832
195.300000	19.897280
195.400000	19.213651
195.500000	18.525572
195.600000	17.836342
195.700000	17.148180
195.800000	16.462415
195.900000	15.779645
196.000000	15.099856
196.100000	14.422510
196.200000	13.746606
196.300000	13.070711
196.400000	12.392971
196.500000	11.711092
196.600000	11.022297
196.700000	10.323248
196.800000	9.609933
196.900000	8.877503
197.000000	8.120047
197.100000	7.330277
197.200000	6.499104
197.300000	5.615058
197.400000	4.663498
197.500000	3.625571
197.600000	2.476893
197.700000	1.186036
197.800000	-0.286760
197.900000	-1.989504
198.000000	-3.974439
198.100000	-6.285976
198.200000	-8.937719
198.300000	-11.885430
198.400000	-15.017948
198.500000	-18.183984
198.600000	-21.239199
198.700000	-24.079537
198.800000	-26.647842
198.900000	-28.924115
199.000000	-30.912279
199.100000	-32.629521
199.200000	-34.099229
199.300000	-35.346783
199.400000	-36.397214
199.500000	-37.274010
199.600000	-37.998577
199.700000	-38.590079
199.800000	-39.065477
199.900000	-39.439672
200.000000	-39.725687
