t	V
0.000000	-21.357764
0.100000	-21.364372
0.200000	-21.369828
0.300000	-21.374138
0.400000	-21.377309
0.500000	-21.379352
0.600000	-21.380278
0.700000	-21.380102
0.800000	-21.378839
0.900000	-21.376509
1.000000	-21.373131
1.100000	-21.368726
1.200000	-21.363317
1.300000	-21.356928
1.400000	-21.349586
1.500000	-21.341318
1.600000	-21.332152
1.700000	-21.322117
1.800000	-21.311244
1.900000	-21.299564
2.000000	-21.287110
2.100000	-21.273914
2.200000	-21.260011
2.300000	-21.245435
2.400000	-21.230220
2.500000	-21.214402
2.600000	-21.198018
2.700000	-21.181103
2.800000	-21.163693
2.900000	-21.145827
3.000000	-21.127540
3.100000	-21.108870
3.200000	-21.089854
3.300000	-21.070530
3.400000	-21.050934
3.500000	-21.031105
3.600000	-21.011078
3.700000	-20.990891
3.800000	-20.970581
3.900000	-20.950184
4.000000	-20.929737
4.100000	-20.909276
4.200000	-20.888836
4.300000	-20.868453
4.400000	-20.848161
4.500000	-20.827995
4.600000	-20.807989
4.700000	-20.788176
4.800000	-20.768590
4.900000	-20.749263
5.000000	-20.730225
5.100000	-20.711510
5.200000	-20.693146
5.300000	-20.675164
5.400000	-20.657592
5.500000	-20.640460
5.600000	-20.623793
5.700000	-20.607619
5.800000	-20.591964
5.900000	-20.576852
6.000000	-20.562306
6.100000	-20.548351
6.200000	-20.535007
6.300000	-20.522295
6.400000	-20.510236
6.500000	-20.498847
6.600000	-20.488146
6.700000	-20.478149
6.800000	-20.468872
6.900000	-20.460328
7.000000	-20.452529
7.100000	-20.445487
7.200000	-20.439211
7.300000	-20.433710
7.400000	-20.428991
7.500000	-20.425060
7.600000	-20.421920
7.700000	-20.419575
7.800000	-20.418026
7.900000	-20.417271
8.000000	-20.417310
8.100000	-20.418139
8.200000	-20.419753
8.300000	-20.422146
8.400000	-20.425309
8.500000	-20.429234
8.600000	-20.433908
8.700000	-20.439320
8.800000	-20.445455
8.900000	-20.452298
9.000000	-20.459832
9.100000	-20.468037
9.200000	-20.476895
9.300000	-20.486385
9.400000	-20.496482
9.500000	-20.507164
9.600000	-20.518406
9.700000	-20.530181
9.800000	-20.542462
9.900000	-20.555221
10.000000	-20.568428
10.100000	-20.582054
10.200000	-20.596066
10.300000	-20.610434
10.400000	-20.625125
10.500000	-20.640106
10.600000	-20.655344
10.700000	-20.670804
10.800000	-20.686452
10.900000	-20.702254
11.000000	-20.718176
11.100000	-20.734183
11.200000	-20.750240
11.300000	-20.766313
11.400000	-20.782368
11.500000	-20.798371
11.600000	-20.814288
11.700000	-20.830087
11.800000	-20.845736
11.900000	-20.861202
12.000000	-20.876454
12.100000	-20.891464
12.200000	-20.906200
12.300000	-20.920635
12.400000	-20.934742
12.500000	-20.948494
12.600000	-20.961866
12.700000	-20.974833
12.800000	-20.987374
12.900000	-20.999466
13.000000	-21.011089
13.100000	-21.022224
13.200000	-21.032854
13.300000	-21.042961
13.400000	-21.052531
13.500000	-21.061550
13.600000	-21.070006
13.700000	-21.077888
13.800000	-21.085187
13.900000	-21.091894
14.000000	-21.098002
14.100000	-21.103507
14.200000	-21.108403
14.300000	-21.112690
14.400000	-21.116364
14.500000	-21.119425
14.600000	-21.121876
14.700000	-21.123718
14.800000	-21.124955
14.900000	-21.125590
15.000000	-21.125632
15.100000	-21.125085
15.200000	-21.123958
15.300000	-21.122260
15.400000	-21.120002
15.500000	-21.117193
15.600000	-21.113846
15.700000	-21.109973
15.800000	-21.105588
15.900000	-21.100704
16.000000	-21.095338
16.100000	-21.089505
16.200000	-21.083221
16.300000	-21.076502
16.400000	-21.069367
16.500000	-21.061834
16.600000	-21.053920
16.700000	-21.045645
16.800000	-21.037028
16.900000	-21.028089
17.000000	-21.018849
17.100000	-21.009326
17.200000	-20.999542
17.300000	-20.989518
17.400000	-20.979275
17.500000	-20.968833
17.600000	-20.958215
17.700000	-20.947440
17.800000	-20.936531
17.900000	-20.925509
18.000000	-20.914395
18.100000	-20.903210
18.200000	-20.891976
18.300000	-20.880714
18.400000	-20.869444
18.500000	-20.858188
18.600000	-20.846965
18.700000	-20.835796
18.800000	-20.824701
18.900000	-20.813699
19.000000	-20.802811
19.100000	-20.792054
19.200000	-20.781449
19.300000	-20.771012
19.400000	-20.760763
19.500000	-20.750717
19.600000	-20.740893
19.700000	-20.731306
19.800000	-20.721972
19.900000	-20.712908
20.000000	-20.704127
20.100000	-20.695645
20.200000	-20.687473
20.300000	-20.679627
20.400000	-20.672117
20.500000	-20.664956
20.600000	-20.658154
20.700000	-20.651723
20.800000	-20.645671
20.900000	-20.640008
21.000000	-20.634741
21.100000	-20.629878
21.200000	-20.625426
21.300000	-20.621390
21.400000	-20.617776
21.500000	-20.614588
21.600000	-20.611828
21.700000	-20.609501
21.800000	-20.607607
21.900000	-20.606147
22.000000	-20.605122
22.100000	-20.604530
22.200000	-20.604371
22.300000	-20.604642
22.400000	-20.605340
22.500000	-20.606461
22.600000	-20.607999
22.700000	-20.609950
22.800000	-20.612306
22.900000	-20.615062
23.000000	-20.618208
23.100000	-20.621736
23.200000	-20.625636
23.300000	-20.629899
23.400000	-20.634513
23.500000	-20.639467
23.600000	-20.644750
23.700000	-20.650347
23.800000	-20.656246
23.900000	-20.662433
24.000000	-20.668893
24.100000	-20.675612
24.200000	-20.682574
24.300000	-20.689763
24.400000	-20.697164
24.500000	-20.704759
24.600000	-20.712532
24.700000	-20.720465
24.800000	-20.728543
24.900000	-20.736745
25.000000	-20.745057
25.100000	-20.753459
25.200000	-20.761933
25.300000	-20.770462
25.400000	-20.779029
25.500000	-20.787614
25.600000	-20.796202
25.700000	-20.804773
25.800000	-20.813311
25.900000	-20.821799
26.000000	-20.830220
26.100000	-20.838557
26.200000	-20.846794
26.300000	-20.854915
26.400000	-20.862905
26.500000	-20.870748
26.600000	-20.878431
26.700000	-20.885938
26.800000	-20.893257
26.900000	-20.900374
27.000000	-20.907277
27.100000	-20.913954
27.200000	-20.920394
27.300000	-20.926586
27.400000	-20.932519
27.500000	-20.938185
27.600000	-20.943574
27.700000	-20.948679
27.800000	-20.953493
27.900000	-20.958007
28.000000	-20.962218
28.100000	-20.966118
28.200000	-20.969704
28.300000	-20.972972
28.400000	-20.975918
28.500000	-20.978540
28.600000	-20.980836
28.700000	-20.982804
28.800000	-20.984445
28.900000	-20.985758
29.000000	-20.986745
29.100000	-20.987406
29.200000	-20.987743
29.300000	-20.987760
29.400000	-20.987459
29.500000	-20.986845
29.600000	-20.985922
29.700000	-20.984695
29.800000	-20.983168
29.900000	-20.981350
30.000000	-20.979245
30.100000	-20.976861
30.200000	-20.974205
30.300000	-20.971285
30.400000	-20.968109
30.500000	-20.964687
30.600000	-20.961026
30.700000	-20.957137
30.800000	-20.953029
30.900000	-20.948712
31.000000	-20.944197
31.100000	-20.939493
31.200000	-20.934612
31.300000	-20.929565
31.400000	-20.924363
31.500000	-20.919016
31.600000	-20.913538
31.700000	-20.907939
31.800000	-20.902230
31.900000	-20.896425
32.000000	-20.890534
32.100000	-20.884570
32.200000	-20.878545
32.300000	-20.872470
32.400000	-20.866357
32.500000	-20.860218
32.600000	-20.854066
32.700000	-20.847911
32.800000	-20.841765
32.900000	-20.835640
33.000000	-20.829548
33.100000	-20.823499
33.200000	-20.817504
33.300000	-20.811575
33.400000	-20.805721
33.500000	-20.799954
33.600000	-20.794283
33.700000	-20.788718
33.800000	-20.783270
33.900000	-20.777947
34.000000	-20.772759
34.100000	-20.767713
34.200000	-20.762820
34.300000	-20.758086
34.400000	-20.753520
34.500000	-20.749128
34.600000	-20.744918
34.700000	-20.740897
34.800000	-20.737070
34.900000	-20.733444
35.000000	-20.730024
35.100000	-20.726814
35.200000	-20.723820
35.300000	-20.721046
35.400000	-20.718495
35.500000	-20.716170
35.600000	-20.714074
35.700000	-20.712211
35.800000	-20.710580
35.900000	-20.709185
36.000000	-20.708026
36.100000	-20.707103
36.200000	-20.706416
36.300000	-20.705966
36.400000	-20.705751
36.500000	-20.705770
36.600000	-20.706021
36.700000	-20.706502
36.800000	-20.707211
36.900000	-20.708144
37.000000	-20.709298
37.100000	-20.710669
37.200000	-20.712252
37.300000	-20.714044
37.400000	-20.716039
37.500000	-20.718231
37.600000	-20.720615
37.700000	-20.723185
37.800000	-20.725934
37.900000	-20.728855
38.000000	-20.731941
38.100000	-20.735186
38.200000	-20.738581
38.300000	-20.742118
38.400000	-20.745790
38.500000	-20.749587
38.600000	-20.753502
38.700000	-20.757526
38.800000	-20.761650
38.900000	-20.765864
39.000000	-20.770161
39.100000	-20.774530
39.200000	-20.778962
39.300000	-20.783448
39.400000	-20.787978
39.500000	-20.792544
39.600000	-20.797135
39.700000	-20.801743
39.800000	-20.806358
39.900000	-20.810970
40.000000	-20.815571
40.100000	-20.820152
40.200000	-20.824703
40.300000	-20.829215
40.400000	-20.833681
40.500000	-20.838091
40.600000	-20.842437
40.700000	-20.846712
40.800000	-20.850906
40.900000	-20.855013
41.000000	-20.859026
41.100000	-20.862936
41.200000	-20.866737
41.300000	-20.870423
41.400000	-20.873988
41.500000	-20.877425
41.600000	-20.880728
41.700000	-20.883893
41.800000	-20.886914
41.900000	-20.889787
42.000000	-20.892507
42.100000	-20.895071
42.200000	-20.897475
42.300000	-20.899715
42.400000	-20.901789
42.500000	-20.903694
42.600000	-20.905429
42.700000	-20.906990
42.800000	-20.908377
42.900000	-20.909589
43.000000	-20.910626
43.100000	-20.911485
43.200000	-20.912169
43.300000	-20.912676
43.400000	-20.913008
43.500000	-20.913166
43.600000	-20.913151
43.700000	-20.912965
43.800000	-20.912609
43.900000	-20.912086
44.000000	-20.911399
44.100000	-20.910551
44.200000	-20.909544
44.300000	-20.908382
44.400000	-20.907069
44.500000	-20.905609
44.600000	-20.904006
44.700000	-20.902264
44.800000	-20.900389
44.900000	-20.898384
45.000000	-20.896256
45.100000	-20.894008
45.200000	-20.891648
45.300000	-20.889180
45.400000	-20.886610
45.500000	-20.883944
45.600000	-20.881188
45.700000	-20.878348
45.800000	-20.875430
45.900000	-20.872441
46.000000	-20.869386
46.100000	-20.866273
46.200000	-20.863108
46.300000	-20.859898
46.400000	-20.856648
46.500000	-20.853366
46.600000	-20.850058
46.700000	-20.846731
46.800000	-20.843391
46.900000	-20.840045
47.000000	-20.836699
47.100000	-20.833359
47.200000	-20.830032
47.300000	-20.826725
47.400000	-20.823443
47.500000	-20.820192
47.600000	-20.816978
47.700000	-20.813808
47.800000	-20.810686
47.900000	-20.807619
48.000000	-20.804612
48.100000	-20.801670
48.200000	-20.798798
48.300000	-20.796002
48.400000	-20.793285
48.500000	-20.790652
48.600000	-20.788109
48.700000	-20.785658
48.800000	-20.783305
48.900000	-20.781052
49.000000	-20.778903
49.100000	-20.776862
49.200000	-20.774931
49.300000	-20.773114
49.400000	-20.771413
49.500000	-20.769830
49.600000	-20.768368
49.700000	-20.767027
49.800000	-20.765811
49.900000	-20.764720
50.000000	-20.763756
50.100000	-20.762919
50.200000	-20.762210
50.300000	-20.761629
50.400000	-20.761176
50.500000	-20.760852
50.600000	-20.760656
50.700000	-20.760587
50.800000	-20.760644
50.900000	-20.760827
51.000000	-20.761133
51.100000	-20.761562
51.200000	-20.762112
51.300000	-20.762780
51.400000	-20.763564
51.500000	-20.764462
51.600000	-20.765471
51.700000	-20.766589
51.800000	-20.767812
51.900000	-20.769137
52.000000	-20.770561
52.100000	-20.772079
52.200000	-20.773689
52.300000	-20.775386
52.400000	-20.777167
52.500000	-20.779027
52.600000	-20.780962
52.700000	-20.782967
52.800000	-20.785038
52.900000	-20.787171
53.000000	-20.789360
53.100000	-20.791601
53.200000	-20.793889
53.300000	-20.796219
53.400000	-20.798586
53.500000	-20.800986
53.600000	-20.803412
53.700000	-20.805861
53.800000	-20.808327
53.900000	-20.810805
54.000000	-20.813290
54.100000	-20.815778
54.200000	-20.818263
54.300000	-20.820740
54.400000	-20.823204
54.500000	-20.825652
54.600000	-20.828077
54.700000	-20.830476
54.800000	-20.832844
54.900000	-20.835177
55.000000	-20.837470
55.100000	-20.839719
55.200000	-20.841920
55.300000	-20.844069
55.400000	-20.846163
55.500000	-20.848197
55.600000	-20.850169
55.700000	-20.852075
55.800000	-20.853911
55.900000	-20.855676
56.000000	-20.857365
56.100000	-20.858976
56.200000	-20.860508
56.300000	-20.861956
56.400000	-20.863321
56.500000	-20.864599
56.600000	-20.865788
56.700000	-20.866888
56.800000	-20.867897
56.900000	-20.868813
57.000000	-20.869637
57.100000	-20.870366
57.200000	-20.871001
57.300000	-20.871541
57.400000	-20.871986
57.500000	-20.872335
57.600000	-20.872590
57.700000	-20.872750
57.800000	-20.872816
57.900000	-20.872789
58.000000	-20.872669
58.100000	-20.872458
58.200000	-20.872157
58.300000	-20.871767
58.400000	-20.871290
58.500000	-20.870728
58.600000	-20.870082
58.700000	-20.869355
58.800000	-20.868548
58.900000	-20.867664
59.000000	-20.866705
59.100000	-20.865674
59.200000	-20.864574
59.300000	-20.863407
59.400000	-20.862176
59.500000	-20.860884
59.600000	-20.859534
59.700000	-20.858129
59.800000	-20.856673
59.900000	-20.855168
60.000000	-20.853619
60.100000	-20.852027
60.200000	-20.850398
60.300000	-20.848734
60.400000	-20.847039
60.500000	-20.845316
60.600000	-20.843570
60.700000	-20.841803
60.800000	-20.840019
60.900000	-20.838221
61.000000	-20.836414
61.100000	-20.834601
61.200000	-20.832786
61.300000	-20.830971
61.400000	-20.829161
61.500000	-20.827359
61.600000	-20.825568
61.700000	-20.823791
61.800000	-20.822033
61.900000	-20.820296
62.000000	-20.818583
62.100000	-20.816898
62.200000	-20.815243
62.300000	-20.813622
62.400000	-20.812037
62.500000	-20.810491
62.600000	-20.808987
62.700000	-20.807527
62.800000	-20.806114
62.900000	-20.804750
63.000000	-20.803437
63.100000	-20.802177
63.200000	-20.800973
63.300000	-20.799826
63.400000	-20.798739
63.500000	-20.797711
63.600000	-20.796746
63.700000	-20.795845
63.800000	-20.795008
63.900000	-20.794236
64.000000	-20.793532
64.100000	-20.792895
64.200000	-20.792326
64.300000	-20.791827
64.400000	-20.791396
64.500000	-20.791035
64.600000	-20.790743
64.700000	-20.790521
64.800000	-20.790368
64.900000	-20.790285
65.000000	-20.790270
65.100000	-20.790323
65.200000	-20.790444
65.300000	-20.790632
65.400000	-20.790886
65.500000	-20.791204
65.600000	-20.791587
65.700000	-20.792031
65.800000	-20.792537
65.900000	-20.793102
66.000000	-20.793725
66.100000	-20.794405
66.200000	-20.795138
66.300000	-20.795925
66.400000	-20.796762
66.500000	-20.797647
66.600000	-20.798579
66.700000	-20.799555
66.800000	-20.800573
66.900000	-20.801631
67.000000	-20.802725
67.100000	-20.803855
67.200000	-20.805017
67.300000	-20.806208
67.400000	-20.807426
67.500000	-20.808669
67.600000	-20.809934
67.700000	-20.811218
67.800000	-20.812518
67.900000	-20.813832
68.000000	-20.815158
68.100000	-20.816491
68.200000	-20.817831
68.300000	-20.819173
68.400000	-20.820516
68.500000	-20.821856
68.600000	-20.823192
68.700000	-20.824520
68.800000	-20.825839
68.900000	-20.827144
69.000000	-20.828435
69.100000	-20.829709
69.200000	-20.830962
69.300000	-20.832194
69.400000	-20.833402
69.500000	-20.834583
69.600000	-20.835736
69.700000	-20.836858
69.800000	-20.837948
69.900000	-20.839004
70.000000	-20.840023
70.100000	-20.841005
70.200000	-20.841948
70.300000	-20.842850
70.400000	-20.843709
70.500000	-20.844525
70.600000	-20.845297
70.700000	-20.846022
70.800000	-20.846701
70.900000	-20.847332
71.000000	-20.847914
71.100000	-20.848447
71.200000	-20.848930
71.300000	-20.849363
71.400000	-20.849745
71.500000	-20.850075
71.600000	-20.850355
71.700000	-20.850583
71.800000	-20.850760
71.900000	-20.850885
72.000000	-20.850960
72.100000	-20.850983
72.200000	-20.850956
72.300000	-20.850880
72.400000	-20.850754
72.500000	-20.850580
72.600000	-20.850357
72.700000	-20.850088
72.800000	-20.849773
72.900000	-20.849413
73.000000	-20.849009
73.100000	-20.848562
73.200000	-20.848073
73.300000	-20.847545
73.400000	-20.846978
73.500000	-20.846373
73.600000	-20.845732
73.700000	-20.845058
73.800000	-20.844350
73.900000	-20.843612
74.000000	-20.842844
74.100000	-20.842049
74.200000	-20.841227
74.300000	-20.840382
74.400000	-20.839515
74.500000	-20.838628
74.600000	-20.837722
74.700000	-20.836800
74.800000	-20.835863
74.900000	-20.834914
75.000000	-20.833954
75.100000	-20.832985
75.200000	-20.832010
75.300000	-20.831030
75.400000	-20.830047
75.500000	-20.829063
75.600000	-20.828081
75.700000	-20.827101
75.800000	-20.826126
75.900000	-20.825158
76.000000	-20.824198
76.100000	-20.823248
76.200000	-20.822311
76.300000	-20.821387
76.400000	-20.820478
76.500000	-20.819587
76.600000	-20.818714
76.700000	-20.817861
76.800000	-20.817030
76.900000	-20.816222
77.000000	-20.815438
77.100000	-20.814680
77.200000	-20.813949
77.300000	-20.813247
77.400000	-20.812573
77.500000	-20.811930
77.600000	-20.811318
77.700000	-20.810739
77.800000	-20.810193
77.900000	-20.809680
78.000000	-20.809202
78.100000	-20.808760
78.200000	-20.808353
78.300000	-20.807983
78.400000	-20.807649
78.500000	-20.807353
78.600000	-20.807094
78.700000	-20.806872
78.800000	-20.806688
78.900000	-20.806541
79.000000	-20.806433
79.100000	-20.806362
79.200000	-20.806328
79.300000	-20.806331
79.400000	-20.806371
79.500000	-20.806448
79.600000	-20.806561
79.700000	-20.806709
79.800000	-20.806892
79.900000	-20.807109
80.000000	-20.807360
80.100000	-20.807643
80.200000	-20.807958
80.300000	-20.808305
80.400000	-20.808681
80.500000	-20.809087
80.600000	-20.809520
80.700000	-20.809981
80.800000	-20.810467
80.900000	-20.810978
81.000000	-20.811513
81.100000	-20.812070
81.200000	-20.812648
81.300000	-20.813245
81.400000	-20.813861
81.500000	-20.814494
81.600000	-20.815142
81.700000	-20.815805
81.800000	-20.816480
81.900000	-20.817167
82.000000	-20.817864
82.100000	-20.818569
82.200000	-20.819281
82.300000	-20.819998
82.400000	-20.820720
82.500000	-20.821445
82.600000	-20.822170
82.700000	-20.822896
82.800000	-20.823619
82.900000	-20.824340
83.000000	-20.825057
83.100000	-20.825767
83.200000	-20.826471
83.300000	-20.827166
83.400000	-20.827851
83.500000	-20.828526
83.600000	-20.829188
83.700000	-20.829837
83.800000	-20.830471
83.900000	-20.831089
84.000000	-20.831691
84.100000	-20.832275
84.200000	-20.832841
84.300000	-20.833387
84.400000	-20.833912
84.500000	-20.834415
84.600000	-20.834897
84.700000	-20.835355
84.800000	-20.835790
84.900000	-20.836201
85.000000	-20.836586
85.100000	-20.836947
85.200000	-20.837281
85.300000	-20.837589
85.400000	-20.837870
85.500000	-20.838124
85.600000	-20.838351
85.700000	-20.838550
85.800000	-20.838722
85.900000	-20.838866
86.000000	-20.838982
86.100000	-20.839071
86.200000	-20.839131
86.300000	-20.839164
86.400000	-20.839170
86.500000	-20.839149
86.600000	-20.839100
86.700000	-20.839026
86.800000	-20.838925
86.900000	-20.838798
87.000000	-20.838646
87.100000	-20.838469
87.200000	-20.838268
87.300000	-20.838043
87.400000	-20.837795
87.500000	-20.837525
87.600000	-20.837234
87.700000	-20.836921
87.800000	-20.836589
87.900000	-20.836238
88.000000	-20.835868
88.100000	-20.835480
88.200000	-20.835076
88.300000	-20.834657
88.400000	-20.834222
88.500000	-20.833774
88.600000	-20.833314
88.700000	-20.832841
88.800000	-20.832358
88.900000	-20.831865
89.000000	-20.831364
89.100000	-20.830855
89.200000	-20.830339
89.300000	-20.829818
89.400000	-20.829293
89.500000	-20.828764
89.600000	-20.828233
89.700000	-20.827700
89.800000	-20.827168
89.900000	-20.826636
90.000000	-20.826106
90.100000	-20.825579
90.200000	-20.825056
90.300000	-20.824538
90.400000	-20.824026
90.500000	-20.823520
90.600000	-20.823022
90.700000	-20.822533
90.800000	-20.822053
90.900000	-20.821583
91.000000	-20.821125
91.100000	-20.820678
91.200000	-20.820244
91.300000	-20.819824
91.400000	-20.819418
91.500000	-20.819026
91.600000	-20.818651
91.700000	-20.818291
91.800000	-20.817947
91.900000	-20.817621
92.000000	-20.817313
92.100000	-20.817022
92.200000	-20.816750
92.300000	-20.816497
92.400000	-20.816263
92.500000	-20.816049
92.600000	-20.815854
92.700000	-20.815680
92.800000	-20.815525
92.900000	-20.815391
93.000000	-20.815277
93.100000	-20.815183
93.200000	-20.815110
93.300000	-20.815057
93.400000	-20.815024
93.500000	-20.815012
93.600000	-20.815020
93.700000	-20.815047
93.800000	-20.815095
93.900000	-20.815161
94.000000	-20.815247
94.100000	-20.815351
94.200000	-20.815474
94.300000	-20.815615
94.400000	-20.815773
94.500000	-20.815949
94.600000	-20.816141
94.700000	-20.816349
94.800000	-20.816573
94.900000	-20.816812
95.000000	-20.817065
95.100000	-20.817332
95.200000	-20.817612
95.300000	-20.817905
95.400000	-20.818210
95.500000	-20.818525
95.600000	-20.818851
95.700000	-20.819187
95.800000	-20.819532
95.900000	-20.819885
96.000000	-20.820245
96.100000	-20.820612
96.200000	-20.820985
96.300000	-20.821363
96.400000	-20.821745
96.500000	-20.822131
96.600000	-20.822520
96.700000	-20.822911
96.800000	-20.823303
96.900000	-20.823695
97.000000	-20.824087
97.100000	-20.824478
97.200000	-20.824867
97.300000	-20.825254
97.400000	-20.825637
97.500000	-20.826016
97.600000	-20.826390
97.700000	-20.826759
97.800000	-20.827122
97.900000	-20.827478
98.000000	-20.827827
98.100000	-20.828168
98.200000	-20.828500
98.300000	-20.828822
98.400000	-20.829136
98.500000	-20.829438
98.600000	-20.829731
98.700000	-20.830011
98.800000	-20.830281
98.900000	-20.830538
99.000000	-20.830782
99.100000	-20.831014
99.200000	-20.831232
99.300000	-20.831437
99.400000	-20.831628
99.500000	-20.831805
99.600000	-20.831968
99.700000	-20.832116
99.800000	-20.832249
99.900000	-20.832368
100.000000	-20.832472
100.100000	-20.832561
100.200000	-20.832634
100.300000	-20.832693
100.400000	-20.832737
100.500000	-20.832766
100.600000	-20.832780
100.700000	-20.832779
100.800000	-20.832764
100.900000	-20.832734
101.000000	-20.832689
101.100000	-20.832631
101.200000	-20.832559
101.300000	-20.832473
101.400000	-20.832374
101.500000	-20.832261
101.600000	-20.832136
101.700000	-20.831999
101.800000	-20.831850
101.900000	-20.831689
102.000000	-20.831517
102.100000	-20.831334
102.200000	-20.831142
102.300000	-20.830939
102.400000	-20.830727
102.500000	-20.830506
102.600000	-20.830277
102.700000	-20.830039
102.800000	-20.829795
102.900000	-20.829544
103.000000	-20.829287
103.100000	-20.829024
103.200000	-20.828756
103.300000	-20.828483
103.400000	-20.828207
103.500000	-20.827927
103.600000	-20.827644
103.700000	-20.827359
103.800000	-20.827073
103.900000	-20.826785
104.000000	-20.826497
104.100000	-20.826208
104.200000	-20.825921
104.300000	-20.825635
104.400000	-20.825350
104.500000	-20.825067
104.600000	-20.824788
104.700000	-20.824511
104.800000	-20.824239
104.900000	-20.823971
105.000000	-20.823707
105.100000	-20.823449
105.200000	-20.823196
105.300000	-20.822950
105.400000	-20.822710
105.500000	-20.822478
105.600000	-20.822252
105.700000	-20.822035
105.800000	-20.821825
105.900000	-20.821624
106.000000	-20.821432
106.100000	-20.821249
106.200000	-20.821075
106.300000	-20.820911
106.400000	-20.820756
106.500000	-20.820612
106.600000	-20.820478
106.700000	-20.820355
106.800000	-20.820242
106.900000	-20.820139
107.000000	-20.820048
107.100000	-20.819967
107.200000	-20.819898
107.300000	-20.819839
107.400000	-20.819792
107.500000	-20.819755
107.600000	-20.819730
107.700000	-20.819715
107.800000	-20.819712
107.900000	-20.819719
108.000000	-20.819737
108.100000	-20.819766
108.200000	-20.819805
108.300000	-20.819854
108.400000	-20.819913
108.500000	-20.819983
108.600000	-20.820061
108.700000	-20.820150
108.800000	-20.820247
108.900000	-20.820354
109.000000	-20.820469
109.100000	-20.820592
109.200000	-20.820724
109.300000	-20.820863
109.400000	-20.821009
109.500000	-20.821163
109.600000	-20.821323
109.700000	-20.821490
109.800000	-20.821662
109.900000	-20.821840
110.000000	-20.822023
110.100000	-20.822210
110.200000	-20.822402
110.300000	-20.822598
110.400000	-20.822798
110.500000	-20.823000
110.600000	-20.823206
110.700000	-20.823413
110.800000	-20.823622
110.900000	-20.823833
111.000000	-20.824044
111.100000	-20.824256
111.200000	-20.824468
111.300000	-20.824680
111.400000	-20.824892
111.500000	-20.825102
111.600000	-20.825310
111.700000	-20.825517
111.800000	-20.825721
111.900000	-20.825923
112.000000	-20.826122
112.100000	-20.826317
112.200000	-20.826508
112.300000	-20.826696
112.400000	-20.826879
112.500000	-20.827057
112.600000	-20.827230
112.700000	-20.827398
112.800000	-20.827560
112.900000	-20.827717
113.000000	-20.827867
113.100000	-20.828011
113.200000	-20.828148
113.300000	-20.828278
113.400000	-20.828401
113.500000	-20.828518
113.600000	-20.828626
113.700000	-20.828728
113.800000	-20.828821
113.900000	-20.828907
114.000000	-20.828985
114.100000	-20.829055
114.200000	-20.829117
114.300000	-20.829171
114.400000	-20.829217
114.500000	-20.829255
114.600000	-20.829284
114.700000	-20.829306
114.800000	-20.829319
114.900000	-20.829325
115.000000	-20.829322
115.100000	-20.829311
115.200000	-20.829293
115.300000	-20.829267
115.400000	-20.829233
115.500000	-20.829192
115.600000	-20.829144
115.700000	-20.829088
115.800000	-20.829026
115.900000	-20.828956
116.000000	-20.828880
116.100000	-20.828798
116.200000	-20.828709
116.300000	-20.828614
116.400000	-20.828514
116.500000	-20.828408
116.600000	-20.828297
116.700000	-20.828181
116.800000	-20.828060
116.900000	-20.827935
117.000000	-20.827805
117.100000	-20.827672
117.200000	-20.827535
117.300000	-20.827395
117.400000	-20.827252
117.500000	-20.827107
117.600000	-20.826958
117.700000	-20.826808
117.800000	-20.826656
117.900000	-20.826503
118.000000	-20.826349
118.100000	-20.826193
118.200000	-20.826038
118.300000	-20.825882
118.400000	-20.825726
118.500000	-20.825570
118.600000	-20.825415
118.700000	-20.825262
118.800000	-20.825109
118.900000	-20.824958
119.000000	-20.824809
119.100000	-20.824663
119.200000	-20.824518
119.300000	-20.824376
119.400000	-20.824237
119.500000	-20.824102
119.600000	-20.823969
119.700000	-20.823841
119.800000	-20.823716
119.900000	-20.823595
120.000000	-20.823479
120.100000	-20.823366
120.200000	-20.823259
120.300000	-20.823156
120.400000	-20.823059
120.500000	-20.822966
120.600000	-20.822879
120.700000	-20.822797
120.800000	-20.822720
120.900000	-20.822649
121.000000	-20.822584
121.100000	-20.822525
121.200000	-20.822471
121.300000	-20.822423
121.400000	-20.822381
121.500000	-20.822345
121.600000	-20.822315
121.700000	-20.822291
121.800000	-20.822273
121.900000	-20.822261
122.000000	-20.822255
122.100000	-20.822255
122.200000	-20.822260
122.300000	-20.822272
122.400000	-20.822289
122.500000	-20.822311
122.600000	-20.822340
122.700000	-20.822373
122.800000	-20.822412
122.900000	-20.822456
123.000000	-20.822506
123.100000	-20.822560
123.200000	-20.822619
123.300000	-20.822682
123.400000	-20.822750
123.500000	-20.822823
123.600000	-20.822899
123.700000	-20.822979
123.800000	-20.823063
123.900000	-20.823151
124.000000	-20.823242
124.100000	-20.823336
124.200000	-20.823433
124.300000	-20.823533
124.400000	-20.823635
124.500000	-20.823739
124.600000	-20.823846
124.700000	-20.823954
124.800000	-20.824064
124.900000	-20.824176
125.000000	-20.824288
125.100000	-20.824401
125.200000	-20.824516
125.300000	-20.824630
125.400000	-20.824745
125.500000	-20.824860
125.600000	-20.824974
125.700000	-20.825088
125.800000	-20.825202
125.900000	-20.825314
126.000000	-20.825426
126.100000	-20.825536
126.200000	-20.825644
126.300000	-20.825751
126.400000	-20.825856
126.500000	-20.825959
126.600000	-20.826060
126.700000	-20.826158
126.800000	-20.826254
126.900000	-20.826347
127.000000	-20.826437
127.100000	-20.826524
127.200000	-20.826607
127.300000	-20.826688
127.400000	-20.826765
127.500000	-20.826838
127.600000	-20.826907
127.700000	-20.826973
127.800000	-20.827035
127.900000	-20.827092
128.000000	-20.827146
128.100000	-20.827195
128.200000	-20.827241
128.300000	-20.827282
128.400000	-20.827318
128.500000	-20.827351
128.600000	-20.827379
128.700000	-20.827402
128.800000	-20.827422
128.900000	-20.827436
129.000000	-20.827447
129.100000	-20.827453
129.200000	-20.827455
129.300000	-20.827452
129.400000	-20.827445
129.500000	-20.827434
129.600000	-20.827419
129.700000	-20.827399
129.800000	-20.827376
129.900000	-20.827349
130.000000	-20.827318
130.100000	-20.827283
130.200000	-20.827244
130.300000	-20.827202
130.400000	-20.827157
130.500000	-20.827108
130.600000	-20.827056
130.700000	-20.827001
130.800000	-20.826942
130.900000	-20.826882
131.000000	-20.826818
131.100000	-20.826752
131.200000	-20.826684
131.300000	-20.826613
131.400000	-20.826540
131.500000	-20.826466
131.600000	-20.826390
131.700000	-20.826312
131.800000	-20.826233
131.900000	-20.826152
132.000000	-20.826071
132.100000	-20.825988
132.200000	-20.825905
132.300000	-20.825821
132.400000	-20.825737
132.500000	-20.825653
132.600000	-20.825569
132.700000	-20.825484
132.800000	-20.825400
132.900000	-20.825317
133.000000	-20.825234
133.100000	-20.825151
133.200000	-20.825070
133.300000	-20.824990
133.400000	-20.824911
133.500000	-20.824833
133.600000	-20.824757
133.700000	-20.824682
133.800000	-20.824609
133.900000	-20.824538
134.000000	-20.824469
134.100000	-20.824402
134.200000	-20.824337
134.300000	-20.824275
134.400000	-20.824215
134.500000	-20.824157
134.600000	-20.824103
134.700000	-20.824051
134.800000	-20.824001
134.900000	-20.823955
135.000000	-20.823911
135.100000	-20.823871
135.200000	-20.823833
135.300000	-20.823799
135.400000	-20.823767
135.500000	-20.823739
135.600000	-20.823714
135.700000	-20.823693
135.800000	-20.823674
135.900000	-20.823659
136.000000	-20.823647
136.100000	-20.823638
136.200000	-20.823632
136.300000	-20.823630
136.400000	-20.823630
136.500000	-20.823634
136.600000	-20.823641
136.700000	-20.823651
136.800000	-20.823665
136.900000	-20.823681
137.000000	-20.823700
137.100000	-20.823722
137.200000	-20.823746
137.300000	-20.823774
137.400000	-20.823804
137.500000	-20.823836
137.600000	-20.823871
137.700000	-20.823909
137.800000	-20.823948
137.900000	-20.823990
138.000000	-20.824034
138.100000	-20.824080
138.200000	-20.824128
138.300000	-20.824178
138.400000	-20.824229
138.500000	-20.824282
138.600000	-20.824337
138.700000	-20.824392
138.800000	-20.824449
138.900000	-20.824507
139.000000	-20.824566
139.100000	-20.824626
139.200000	-20.824686
139.300000	-20.824747
139.400000	-20.824808
139.500000	-20.824870
139.600000	-20.824932
139.700000	-20.824994
139.800000	-20.825056
139.900000	-20.825118
140.000000	-20.825180
140.100000	-20.825241
140.200000	-20.825302
140.300000	-20.825362
140.400000	-20.825421
140.500000	-20.825480
140.600000	-20.825537
140.700000	-20.825594
140.800000	-20.825649
140.900000	-20.825703
141.000000	-20.825756
141.100000	-20.825808
141.200000	-20.825857
141.300000	-20.825906
141.400000	-20.825952
141.500000	-20.825997
141.600000	-20.826040
141.700000	-20.826081
141.800000	-20.826120
141.900000	-20.826157
142.000000	-20.826192
142.100000	-20.826225
142.200000	-20.826255
142.300000	-20.826284
142.400000	-20.826310
142.500000	-20.826334
142.600000	-20.826355
142.700000	-20.826374
142.800000	-20.826391
142.900000	-20.826406
143.000000	-20.826418
143.100000	-20.826428
143.200000	-20.826435
143.300000	-20.826440
143.400000	-20.826442
143.500000	-20.826443
143.600000	-20.826441
143.700000	-20.826436
143.800000	-20.826430
143.900000	-20.826421
144.000000	-20.826410
144.100000	-20.826397
144.200000	-20.826381
144.300000	-20.826364
144.400000	-20.826344
144.500000	-20.826323
144.600000	-20.826300
144.700000	-20.826275
144.800000	-20.826248
144.900000	-20.826219
145.000000	-20.826189
145.100000	-20.826157
145.200000	-20.826124
145.300000	-20.826089
145.400000	-20.826053
145.500000	-20.826015
145.600000	-20.825977
145.700000	-20.825937
145.800000	-20.825897
145.900000	-20.825855
146.000000	-20.825813
146.100000	-20.825770
146.200000	-20.825726
146.300000	-20.825682
146.400000	-20.825637
146.500000	-20.825592
146.600000	-20.825547
146.700000	-20.825501
146.800000	-20.825456
146.900000	-20.825410
147.000000	-20.825364
147.100000	-20.825319
147.200000	-20.825274
147.300000	-20.825229
147.400000	-20.825185
147.500000	-20.825141
147.600000	-20.825097
147.700000	-20.825055
147.800000	-20.825013
147.900000	-20.824972
148.000000	-20.824932
148.100000	-20.824893
148.200000	-20.824855
148.300000	-20.824817
148.400000	-20.824782
148.500000	-20.824747
148.600000	-20.824714
148.700000	-20.824681
148.800000	-20.824651
148.900000	-20.824622
149.000000	-20.824594
149.100000	-20.824568
149.200000	-20.824543
149.300000	-20.824520
149.400000	-20.824498
149.500000	-20.824478
149.600000	-20.824460
149.700000	-20.824444
149.800000	-20.824429
149.900000	-20.824416
150.000000	-20.824405
150.100000	-20.824395
150.200000	-20.824387
150.300000	-20.824381
150.400000	-20.824377
150.500000	-20.824375
150.600000	-20.824374
150.700000	-20.824375
150.800000	-20.824377
150.900000	-20.824381
151.000000	-20.824387
151.100000	-20.824395
151.200000	-20.824404
151.300000	-20.824415
151.400000	-20.824427
151.500000	-20.824441
151.600000	-20.824456
151.700000	-20.824473
151.800000	-20.824491
151.900000	-20.824510
152.000000	-20.824531
152.100000	-20.824552
152.200000	-20.824575
152.300000	-20.824600
152.400000	-20.824625
152.500000	-20.824651
152.600000	-20.824678
152.700000	-20.824706
152.800000	-20.824735
152.900000	-20.824764
153.000000	-20.824795
153.100000	-20.824826
153.200000	-20.824857
153.300000	-20.824889
153.400000	-20.824922
153.500000	-20.824954
153.600000	-20.824987
153.700000	-20.825021
153.800000	-20.825054
153.900000	-20.825088
154.000000	-20.825121
154.100000	-20.825155
154.200000	-20.825188
154.300000	-20.825222
154.400000	-20.825255
154.500000	-20.825287
154.600000	-20.825320
154.700000	-20.825352
154.800000	-20.825383
154.900000	-20.825414
155.000000	-20.825445
155.100000	-20.825475
155.200000	-20.825504
155.300000	-20.825532
155.400000	-20.825560
155.500000	-20.825586
155.600000	-20.825612
155.700000	-20.825637
155.800000	-20.825661
155.900000	-20.825684
156.000000	-20.825706
156.100000	-20.825727
156.200000	-20.825746
156.300000	-20.825765
156.400000	-20.825782
156.500000	-20.825798
156.600000	-20.825813
156.700000	-20.825827
156.800000	-20.825840
156.900000	-20.825851
157.000000	-20.825861
157.100000	-20.825870
157.200000	-20.825877
157.300000	-20.825884
157.400000	-20.825889
157.500000	-20.825892
157.600000	-20.825894
157.700000	-20.825896
157.800000	-20.825895
157.900000	-20.825894
158.000000	-20.825891
158.100000	-20.825887
158.200000	-20.825882
158.300000	-20.825876
158.400000	-20.825868
158.500000	-20.825860
158.600000	-20.825850
158.700000	-20.825839
158.800000	-20.825827
158.900000	-20.825814
159.000000	-20.825801
159.100000	-20.825786
159.200000	-20.825770
159.300000	-20.825753
159.400000	-20.825736
159.500000	-20.825718
159.600000	-20.825699
159.700000	-20.825679
159.800000	-20.825659
159.900000	-20.825638
160.000000	-20.825616
160.100000	-20.825594
160.200000	-20.825571
160.300000	-20.825548
160.400000	-20.825525
160.500000	-20.825501
160.600000	-20.825477
160.700000	-20.825453
160.800000	-20.825429
160.900000	-20.825404
161.000000	-20.825379
161.100000	-20.825355
161.200000	-20.825330
161.300000	-20.825305
161.400000	-20.825281
161.500000	-20.825256
161.600000	-20.825232
161.700000	-20.825208
161.800000	-20.825185
161.900000	-20.825161
162.000000	-20.825138
162.100000	-20.825116
162.200000	-20.825094
162.300000	-20.825072
162.400000	-20.825051
162.500000	-20.825031
162.600000	-20.825011
162.700000	-20.824992
162.800000	-20.824973
162.900000	-20.824955
163.000000	-20.824938
163.100000	-20.824922
163.200000	-20.824906
163.300000	-20.824891
163.400000	-20.824877
163.500000	-20.824864
163.600000	-20.824852
163.700000	-20.824841
163.800000	-20.824830
163.900000	-20.824820
164.000000	-20.824812
164.100000	-20.824804
164.200000	-20.824797
164.300000	-20.824791
164.400000	-20.824787
164.500000	-20.824783
164.600000	-20.824780
164.700000	-20.824778
164.800000	-20.824776
164.900000	-20.824776
165.000000	-20.824777
165.100000	-20.824779
165.200000	-20.824781
165.300000	-20.824785
165.400000	-20.824789
165.500000	-20.824794
165.600000	-20.824800
165.700000	-20.824807
165.800000	-20.824815
165.900000	-20.824823
166.000000	-20.824832
166.100000	-20.824842
166.200000	-20.824853
166.300000	-20.824864
166.400000	-20.824876
166.500000	-20.824889
166.600000	-20.824902
166.700000	-20.824916
166.800000	-20.824930
166.900000	-20.824945
167.000000	-20.824960
167.100000	-20.824976
167.200000	-20.824992
167.300000	-20.825009
167.400000	-20.825025
167.500000	-20.825043
167.600000	-20.825060
167.700000	-20.825078
167.800000	-20.825095
167.900000	-20.825113
168.000000	-20.825131
168.100000	-20.825149
168.200000	-20.825168
168.300000	-20.825186
168.400000	-20.825204
168.500000	-20.825222
168.600000	-20.825240
168.700000	-20.825258
168.800000	-20.825275
168.900000	-20.825293
169.000000	-20.825310
169.100000	-20.825327
169.200000	-20.825344
169.300000	-20.825360
169.400000	-20.825376
169.500000	-20.825392
169.600000	-20.825407
169.700000	-20.825422
169.800000	-20.825436
169.900000	-20.825450
170.000000	-20.825463
170.100000	-20.825476
170.200000	-20.825488
170.300000	-20.825500
170.400000	-20.825511
170.500000	-20.825522
170.600000	-20.825531
170.700000	-20.825541
170.800000	-20.825549
170.900000	-20.825557
171.000000	-20.825565
171.100000	-20.825571
171.200000	-20.825577
171.300000	-20.825582
171.400000	-20.825587
171.500000	-20.825591
171.600000	-20.825594
171.700000	-20.825596
171.800000	-20.825598
171.900000	-20.825599
172.000000	-20.825600
172.100000	-20.825599
172.200000	-20.825598
172.300000	-20.825597
172.400000	-20.825594
172.500000	-20.825591
172.600000	-20.825588
172.700000	-20.825584
172.800000	-20.825579
172.900000	-20.825573
173.000000	-20.825567
173.100000	-20.825561
173.200000	-20.825554
173.300000	-20.825546
173.400000	-20.825538
173.500000	-20.825529
173.600000	-20.825520
173.700000	-20.825510
173.800000	-20.825501
173.900000	-20.825490
174.000000	-20.825479
174.100000	-20.825468
174.200000	-20.825457
174.300000	-20.825445
174.400000	-20.825433
174.500000	-20.825421
174.600000	-20.825408
174.700000	-20.825395
174.800000	-20.825383
174.900000	-20.825370
175.000000	-20.825356
175.100000	-20.825343
175.200000	-20.825330
175.300000	-20.825317
175.400000	-20.825303
175.500000	-20.825290
175.600000	-20.825277
175.700000	-20.825263
175.800000	-20.825250
175.900000	-20.825237
176.000000	-20.825224
176.100000	-20.825211
176.200000	-20.825199
176.300000	-20.825186
176.400000	-20.825174
176.500000	-20.825163
176.600000	-20.825151
176.700000	-20.825140
176.800000	-20.825129
176.900000	-20.825118
177.000000	-20.825108
177.100000	-20.825098
177.200000	-20.825088
177.300000	-20.825079
177.400000	-20.825070
177.500000	-20.825062
177.600000	-20.825054
177.700000	-20.825047
177.800000	-20.825040
177.900000	-20.825033
178.000000	-20.825027
178.100000	-20.825022
178.200000	-20.825017
178.300000	-20.825012
178.400000	-20.825008
178.500000	-20.825004
178.600000	-20.825001
178.700000	-20.824999
178.800000	-20.824997
178.900000	-20.824995
179.000000	-20.824994
179.100000	-20.824994
179.200000	-20.824994
179.300000	-20.824995
179.400000	-20.824996
179.500000	-20.824997
179.600000	-20.824999
179.700000	-20.825002
179.800000	-20.825005
179.900000	-20.825008
180.000000	-20.825012
180.100000	-20.825016
180.200000	-20.825021
180.300000	-20.825026
180.400000	-20.825031
180.500000	-20.825037
180.600000	-20.825043
180.700000	-20.825050
180.800000	-20.825057
180.900000	-20.825064
181.000000	-20.825072
181.100000	-20.825080
181.200000	-20.825088
181.300000	-20.825096
181.400000	-20.825104
181.500000	-20.825113
181.600000	-20.825122
181.700000	-20.825131
181.800000	-20.825141
181.900000	-20.825150
182.000000	-20.825160
182.100000	-20.825169
182.200000	-20.825179
182.300000	-20.825189
182.400000	-20.825199
182.500000	-20.825208
182.600000	-20.825218
182.700000	-20.825228
182.800000	-20.825238
182.900000	-20.825248
183.000000	-20.825257
183.100000	-20.825267
183.200000	-20.825276
183.300000	-20.825285
183.400000	-20.825295
183.500000	-20.825304
183.600000	-20.825312
183.700000	-20.825321
183.800000	-20.825329
183.900000	-20.825337
184.000000	-20.825345
184.100000	-20.825353
184.200000	-20.825360
184.300000	-20.825368
184.400000	-20.825374
184.500000	-20.825381
184.600000	-20.825387
184.700000	-20.825393
184.800000	-20.825399
184.900000	-20.825404
185.000000	-20.825409
185.100000	-20.825413
185.200000	-20.825418
185.300000	-20.825421
185.400000	-20.825425
185.500000	-20.825428
185.600000	-20.825431
185.700000	-20.825433
185.800000	-20.825435
185.900000	-20.825437
186.000000	-20.825438
186.100000	-20.825439
186.200000	-20.825439
186.300000	-20.825439
186.400000	-20.825439
186.500000	-20.825438
186.600000	-20.825438
186.700000	-20.825436
186.800000	-20.825434
186.900000	-20.825432
187.000000	-20.825430
187.100000	-20.825427
187.200000	-20.825424
187.300000	-20.825421
187.400000	-20.825417
187.500000	-20.825413
187.600000	-20.825409
187.700000	-20.825405
187.800000	-20.825400
187.900000	-20.825395
188.000000	-20.825390
188.100000	-20.825384
188.200000	-20.825379
188.300000	-20.825373
188.400000	-20.825367
188.500000	-20.825360
188.600000	-20.825354
188.700000	-20.825347
188.800000	-20.825341
188.900000	-20.825334
189.000000	-20.825327
189.100000	-20.825320
189.200000	-20.825313
189.300000	-20.825306
189.400000	-20.825299
189.500000	-20.825291
189.600000	-20.825284
189.700000	-20.825277
189.800000	-20.825270
189.900000	-20.825263
190.000000	-20.825255
190.100000	-20.825248
190.200000	-20.825241
190.300000	-20.825234
190.400000	-20.825228
190.500000	-20.825221
190.600000	-20.825214
190.700000	-20.825208
190.800000	-20.825201
190.900000	-20.825195
191.000000	-20.825189
191.100000	-20.825183
191.200000	-20.825177
191.300000	-20.825172
191.400000	-20.825166
191.500000	-20.825161
191.600000	-20.825156
191.700000	-20.825152
191.800000	-20.825147
191.900000	-20.825143
192.000000	-20.825139
192.100000	-20.825135
192.200000	-20.825132
192.300000	-20.825129
192.400000	-20.825126
192.500000	-20.825123
192.600000	-20.825121
192.700000	-20.825119
192.800000	-20.825117
192.900000	-20.825115
193.000000	-20.825114
193.100000	-20.825113
193.200000	-20.825112
193.300000	-20.825112
193.400000	-20.825112
193.500000	-20.825112
193.600000	-20.825112
193.700000	-20.825113
193.800000	-20.825114
193.900000	-20.825115
194.000000	-20.825116
194.100000	-20.825118
194.200000	-20.825120
194.300000	-20.825122
194.400000	-20.825124
194.500000	-20.825127
194.600000	-20.825130
194.700000	-20.825133
194.800000	-20.825136
194.900000	-20.825139
195.000000	-20.825143
195.100000	-20.825147
195.200000	-20.825151
195.300000	-20.825155
195.400000	-20.825159
195.500000	-20.825164
195.600000	-20.825168
195.700000	-20.825173
195.800000	-20.825178
195.900000	-20.825183
196.000000	-20.825188
196.100000	-20.825193
196.200000	-20.825198
196.300000	-20.825203
196.400000	-20.825208
196.500000	-20.825213
196.600000	-20.825219
196.700000	-20.825224
196.800000	-20.825229
196.900000	-20.825235
197.000000	-20.825240
197.100000	-20.825245
197.200000	-20.825250
197.300000	-20.825256
197.400000	-20.825261
197.500000	-20.825266
197.600000	-20.825271
197.700000	-20.825276
197.800000	-20.825281
197.900000	-20.825285
198.000000	-20.825290
198.100000	-20.825294
198.200000	-20.825299
198.300000	-20.825303
198.400000	-20.825307
198.500000	-20.825311
198.600000	-20.825315
198.700000	-20.825319
198.800000	-20.825322
198.900000	-20.825325
199.000000	-20.825329
199.100000	-20.825332
199.200000	-20.825334
199.300000	-20.825337
199.400000	-20.825339
199.500000	-20.825342
199.600000	-20.825344
199.700000	-20.825345
199.800000	-20.825347
199.900000	-20.825348
200.000000	-20.825350
