t	V
0.000000	-20.261097
0.100000	-19.463856
0.200000	-18.992737
0.300000	-18.887459
0.400000	-19.208872
0.500000	-20.021149
0.600000	-21.359151
0.700000	-23.200923
0.800000	-25.457824
0.900000	-27.986238
1.000000	-30.616210
1.100000	-33.186239
1.200000	-35.572120
1.300000	-37.701433
1.400000	-39.552042
1.500000	-41.139294
1.600000	-42.499417
1.700000	-43.675238
1.800000	-44.706975
1.900000	-45.627908
2.000000	-46.463396
2.100000	-47.231666
2.200000	-47.945231
2.300000	-48.612328
2.400000	-49.238103
2.500000	-49.825520
2.600000	-50.375995
2.700000	-50.889841
2.800000	-51.366571
2.900000	-51.805116
3.000000	-52.203974
3.100000	-52.561326
3.200000	-52.875124
3.300000	-53.143156
3.400000	-53.363089
3.500000	-53.532485
3.600000	-53.648802
3.700000	-53.709357
3.800000	-53.711258
3.900000	-53.651304
4.000000	-53.525843
4.100000	-53.330580
4.200000	-53.060342
4.300000	-52.708782
4.400000	-52.268006
4.500000	-51.728139
4.600000	-51.076805
4.700000	-50.298546
4.800000	-49.374243
4.900000	-48.280669
5.000000	-46.990499
5.100000	-45.473397
5.200000	-43.699296
5.300000	-41.645656
5.400000	-39.310901
5.500000	-36.735290
5.600000	-34.026134
5.700000	-31.375332
5.800000	-29.048552
5.900000	-27.330788
6.000000	-26.441951
6.100000	-26.467959
6.200000	-27.348185
6.300000	-28.918140
6.400000	-30.972930
6.500000	-33.319126
6.600000	-35.803038
6.700000	-38.318728
6.800000	-40.803764
6.900000	-43.229515
7.000000	-45.590241
7.100000	-47.893068
7.200000	-50.149375
7.300000	-52.367388
7.400000	-54.545634
7.500000	-56.667568
7.600000	-58.698746
7.700000	-60.588797
7.800000	-62.279873
7.900000	-63.720184
8.000000	-64.877274
8.100000	-65.744666
8.200000	-66.339447
8.300000	-66.693764
8.400000	-66.845357
8.500000	-66.830571
8.600000	-66.680671
8.700000	-66.420686
8.800000	-66.069675
8.900000	-65.641544
9.000000	-65.145951
9.100000	-64.589042
9.200000	-63.973954
9.300000	-63.301052
9.400000	-62.567904
9.500000	-61.768958
9.600000	-60.894873
9.700000	-59.931380
9.800000	-58.857460
9.900000	-57.642451
10.000000	-56.241444
10.100000	-54.587824
10.200000	-52.581049
10.300000	-50.066637
10.400000	-46.804589
10.500000	-42.426136
10.600000	-36.403997
10.700000	-28.157007
10.800000	-17.612839
10.900000	-6.428745
11.000000	1.818506
11.100000	4.850628
11.200000	3.475043
11.300000	-0.485846
11.400000	-5.625487
11.500000	-11.111690
11.600000	-16.510176
11.700000	-21.616804
11.800000	-26.351145
11.900000	-30.699170
12.000000	-34.685227
12.100000	-38.357585
12.200000	-41.778364
12.300000	-45.014534
12.400000	-48.129295
12.500000	-51.173059
12.600000	-54.172558
12.700000	-57.117780
12.800000	-59.950628
12.900000	-62.565873
13.000000	-64.836511
13.100000	-66.660687
13.200000	-68.002099
13.300000	-68.894771
13.400000	-69.415492
13.500000	-69.650581
13.600000	-69.675262
13.700000	-69.546854
13.800000	-69.305815
13.900000	-68.979472
14.000000	-68.585797
14.100000	-68.136384
14.200000	-67.638511
14.300000	-67.096496
14.400000	-66.512512
14.500000	-65.887031
14.600000	-65.218992
14.700000	-64.505740
14.800000	-63.742770
14.900000	-62.923227
15.000000	-62.037125
15.100000	-61.070137
15.200000	-60.001739
15.300000	-58.802318
15.400000	-57.428541
15.500000	-55.815752
15.600000	-53.865170
15.700000	-51.421982
15.800000	-48.238040
15.900000	-43.912478
16.000000	-37.821072
16.100000	-29.145364
16.200000	-17.430696
16.300000	-4.312028
16.400000	5.527072
16.500000	9.051791
16.600000	7.612978
16.700000	3.476063
16.800000	-1.837989
16.900000	-7.489646
17.000000	-13.054482
17.100000	-18.335767
17.200000	-23.255312
17.300000	-27.796128
17.400000	-31.975427
17.500000	-35.832721
17.600000	-39.423077
17.700000	-42.810704
17.800000	-46.061694
17.900000	-49.235687
18.000000	-52.375375
18.100000	-55.492382
18.200000	-58.550617
18.300000	-61.455424
18.400000	-64.065292
18.500000	-66.237600
18.600000	-67.889056
18.700000	-69.025456
18.800000	-69.721227
18.900000	-70.076201
19.000000	-70.182816
19.100000	-70.112802
19.200000	-69.916654
19.300000	-69.628023
19.400000	-69.268650
19.500000	-68.852312
19.600000	-68.387573
19.700000	-67.879579
19.800000	-67.331154
19.900000	-66.743435
20.000000	-66.116178
20.100000	-65.447840
20.200000	-64.735461
20.300000	-63.974362
20.400000	-63.157635
20.500000	-62.275347
20.600000	-61.313327
20.700000	-60.251329
20.800000	-59.060152
20.900000	-57.697034
21.000000	-56.098067
21.100000	-54.165358
21.200000	-51.744868
21.300000	-48.588143
21.400000	-44.289751
21.500000	-38.207306
21.600000	-29.469184
21.700000	-17.516084
21.800000	-3.939523
21.900000	6.298094
22.000000	9.946329
22.100000	8.510488
22.200000	4.359119
22.300000	-0.969600
22.400000	-6.638183
22.500000	-12.224748
22.600000	-17.533574
22.700000	-22.486330
22.800000	-27.064931
22.900000	-31.284609
23.000000	-35.182356
23.100000	-38.810884
23.200000	-42.232933
23.300000	-45.514504
23.400000	-48.716818
23.500000	-51.886068
23.600000	-55.039354
23.700000	-58.147211
23.800000	-61.120051
23.900000	-63.815466
24.000000	-66.081464
24.100000	-67.820781
24.200000	-69.028678
24.300000	-69.776716
24.400000	-70.167577
24.500000	-70.298462
24.600000	-70.245379
24.700000	-70.061890
24.800000	-69.783601
24.900000	-69.433419
25.000000	-69.025791
25.100000	-68.569667
25.200000	-68.070425
25.300000	-67.531054
25.400000	-66.952838
25.500000	-66.335706
25.600000	-65.678340
25.700000	-64.978095
25.800000	-64.230734
25.900000	-63.429973
26.000000	-62.566765
26.100000	-61.628211
26.200000	-60.595916
26.300000	-59.443434
26.400000	-58.132203
26.500000	-56.604899
26.600000	-54.774247
26.700000	-52.503752
26.800000	-49.574227
26.900000	-45.627483
27.000000	-40.085681
27.100000	-32.108956
27.200000	-20.920031
27.300000	-7.293581
27.400000	4.433946
27.500000	9.812087
27.600000	9.439425
27.700000	5.802105
27.800000	0.671405
27.900000	-4.965493
28.000000	-10.602608
28.100000	-15.999420
28.200000	-21.054497
28.300000	-25.737514
28.400000	-30.056206
28.500000	-34.042034
28.600000	-37.743542
28.700000	-41.221018
28.800000	-44.540167
28.900000	-47.764534
29.000000	-50.946046
29.100000	-54.112098
29.200000	-57.248532
29.300000	-60.283310
29.400000	-63.085468
29.500000	-65.497843
29.600000	-67.400116
29.700000	-68.759967
29.800000	-69.631830
29.900000	-70.115010
30.000000	-70.311566
30.100000	-70.304655
30.200000	-70.154181
30.300000	-69.900433
30.400000	-69.569479
30.500000	-69.177815
30.600000	-68.735704
30.700000	-68.249372
30.800000	-67.722385
30.900000	-67.156458
31.000000	-66.551889
31.100000	-65.907731
31.200000	-65.221766
31.300000	-64.490298
31.400000	-63.707761
31.500000	-62.866095
31.600000	-61.953797
31.700000	-60.954479
31.800000	-59.844662
31.900000	-58.590284
32.000000	-57.141050
32.100000	-55.420994
32.200000	-53.312332
32.300000	-50.627391
32.400000	-47.060500
32.500000	-42.113302
32.600000	-35.022559
32.700000	-24.898816
32.800000	-11.750044
32.900000	1.263313
33.000000	8.874449
33.100000	10.081368
33.200000	7.255145
33.300000	2.465509
33.400000	-3.082084
33.500000	-8.755737
33.600000	-14.247047
33.700000	-19.419520
33.800000	-24.224815
33.900000	-28.660528
34.000000	-32.751270
34.100000	-36.540492
34.200000	-40.085198
34.300000	-43.450042
34.400000	-46.700203
34.500000	-49.892683
34.600000	-53.064712
34.700000	-56.217892
34.800000	-59.300490
34.900000	-62.199081
35.000000	-64.758777
35.100000	-66.839371
35.200000	-68.376631
35.300000	-69.399965
35.400000	-69.999500
35.500000	-70.280085
35.600000	-70.332375
35.700000	-70.223824
35.800000	-70.000621
35.900000	-69.692947
36.000000	-69.320015
36.100000	-68.893837
36.200000	-68.421777
36.300000	-67.908159
36.400000	-67.355238
36.500000	-66.763750
36.600000	-66.133152
36.700000	-65.461664
36.800000	-64.746121
36.900000	-63.981643
37.000000	-63.161100
37.100000	-62.274286
37.200000	-61.306665
37.300000	-60.237473
37.400000	-59.036728
37.500000	-57.660450
37.600000	-56.042746
37.700000	-54.082378
37.800000	-51.619479
37.900000	-48.395242
38.000000	-43.986071
38.100000	-37.721113
38.200000	-28.702769
38.300000	-16.424398
38.400000	-2.754551
38.500000	7.104778
38.600000	10.268081
38.700000	8.525886
38.800000	4.226508
38.900000	-1.158204
39.000000	-6.836114
39.100000	-12.410866
39.200000	-17.700025
39.300000	-22.631817
39.400000	-27.191274
39.500000	-31.395093
39.600000	-35.280946
39.700000	-38.901821
39.800000	-42.320500
39.900000	-45.602858
40.000000	-48.809798
40.100000	-51.986833
40.200000	-55.149699
40.300000	-58.266544
40.400000	-61.244436
40.500000	-63.937791
40.600000	-66.193611
40.700000	-67.916860
40.800000	-69.106854
40.900000	-69.838552
41.000000	-70.216247
41.100000	-70.337309
41.200000	-70.277228
41.300000	-70.088891
41.400000	-69.807308
41.500000	-69.454923
41.600000	-69.045852
41.700000	-68.588815
41.800000	-68.089029
41.900000	-67.549373
42.000000	-66.971058
42.100000	-66.353963
42.200000	-65.696735
42.300000	-64.996710
42.400000	-64.249642
42.500000	-63.449246
42.600000	-62.586482
42.700000	-61.648471
42.800000	-60.616848
42.900000	-59.465210
43.000000	-58.155058
43.100000	-56.629159
43.200000	-54.800361
43.300000	-52.532332
43.400000	-49.606056
43.500000	-45.663388
43.600000	-40.125869
43.700000	-32.150712
43.800000	-20.952372
43.900000	-7.294283
44.000000	4.476263
44.100000	9.878130
44.200000	9.512851
44.300000	5.877763
44.400000	0.747550
44.500000	-4.889939
44.600000	-10.528508
44.700000	-15.927493
44.800000	-20.985334
44.900000	-25.671568
45.000000	-29.993752
45.100000	-33.983124
45.200000	-37.688003
45.300000	-41.168507
45.400000	-44.490282
45.500000	-47.716952
45.600000	-50.900690
45.700000	-54.069327
45.800000	-57.209311
45.900000	-60.249210
46.000000	-63.058295
46.100000	-65.478879
46.200000	-67.389441
46.300000	-68.756461
46.400000	-69.633797
46.500000	-70.120829
46.600000	-70.320005
46.700000	-70.314894
46.800000	-70.165724
46.900000	-69.912996
47.000000	-69.582912
47.100000	-69.192044
47.200000	-68.750699
47.300000	-68.265133
47.400000	-67.738927
47.500000	-67.173811
47.600000	-66.570097
47.700000	-65.926855
47.800000	-65.241891
47.900000	-64.511542
48.000000	-63.730288
48.100000	-62.890134
48.200000	-61.979667
48.300000	-60.982637
48.400000	-59.875760
48.500000	-58.625271
48.600000	-57.181334
48.700000	-55.468718
48.800000	-53.370838
48.900000	-50.702028
49.000000	-47.159945
49.100000	-42.251333
49.200000	-35.218381
49.300000	-25.166956
49.400000	-12.060311
49.500000	1.027171
49.600000	8.797512
49.700000	10.125285
49.800000	7.362761
49.900000	2.600863
50.000000	-2.938490
50.100000	-8.613822
50.200000	-14.111521
50.300000	-19.292377
50.400000	-24.106646
50.500000	-28.551140
50.600000	-32.649931
50.700000	-36.446059
50.800000	-39.996239
50.900000	-43.365006
51.000000	-46.617618
51.100000	-49.811414
51.200000	-52.984305
51.300000	-56.139009
51.400000	-59.225277
51.500000	-62.131068
51.600000	-64.701848
51.700000	-66.796098
51.800000	-68.347189
51.900000	-69.382486
52.000000	-69.991274
52.100000	-70.278556
52.200000	-70.335557
52.300000	-70.230333
52.400000	-70.009548
52.500000	-69.703718
52.600000	-69.332271
52.700000	-68.907362
52.800000	-68.436444
52.900000	-67.923899
53.000000	-67.372028
53.100000	-66.781595
53.200000	-66.152092
53.300000	-65.481771
53.400000	-64.767507
53.500000	-64.004474
53.600000	-63.185611
53.700000	-62.300813
53.800000	-61.335686
53.900000	-60.269672
54.000000	-59.073097
54.100000	-57.702457
54.200000	-56.092613
54.300000	-54.143555
54.400000	-51.697474
54.500000	-48.499032
54.600000	-44.130259
54.700000	-37.927813
54.800000	-28.996465
54.900000	-16.798633
55.000000	-3.103936
55.100000	6.927949
55.200000	10.263382
55.300000	8.621062
55.400000	4.368376
55.500000	-0.999506
55.600000	-6.676025
55.700000	-12.256827
55.800000	-17.555267
55.900000	-22.497417
56.000000	-27.067174
56.100000	-31.280538
56.200000	-35.174675
56.300000	-38.802208
56.400000	-42.225727
56.500000	-45.511121
56.600000	-48.719560
56.700000	-51.897170
56.800000	-55.060764
56.900000	-58.180064
57.000000	-61.163880
57.100000	-63.867645
57.200000	-66.137637
57.300000	-67.876424
57.400000	-69.080692
57.500000	-69.823899
57.600000	-70.210128
57.700000	-70.337252
57.800000	-70.281436
57.900000	-70.096153
58.000000	-69.816839
58.100000	-69.466229
58.200000	-69.058624
58.300000	-68.602866
58.400000	-68.104251
58.500000	-67.565715
58.600000	-66.988506
58.700000	-66.372539
58.800000	-65.716499
58.900000	-65.017759
59.000000	-64.272125
59.100000	-63.473379
59.200000	-62.612574
59.300000	-61.676961
59.400000	-60.648363
59.500000	-59.500657
59.600000	-58.195769
59.700000	-56.677135
59.800000	-54.858684
59.900000	-52.605881
60.000000	-49.702749
60.100000	-45.796194
60.200000	-40.315238
60.300000	-32.423398
60.400000	-21.320298
60.500000	-7.689757
60.600000	4.217499
60.700000	9.816359
60.800000	9.580985
60.900000	6.010674
61.000000	0.906679
61.100000	-4.724992
61.200000	-10.367816
61.300000	-15.775606
61.400000	-20.843963
61.500000	-25.540964
61.600000	-29.873330
61.700000	-33.871724
61.800000	-37.584039
61.900000	-41.070136
62.000000	-44.395598
62.100000	-47.624229
62.200000	-50.808693
62.300000	-53.977750
62.400000	-57.119305
62.500000	-60.163738
62.600000	-62.981772
62.700000	-65.415685
62.800000	-67.341989
62.900000	-68.724339
63.000000	-69.614557
63.100000	-70.111385
63.200000	-70.317601
63.300000	-70.317445
63.400000	-70.171791
63.500000	-69.921635
63.600000	-69.593520
63.700000	-69.204245
63.800000	-68.764261
63.900000	-68.279917
64.000000	-67.754861
64.100000	-67.190866
64.200000	-66.588282
64.300000	-65.946215
64.400000	-65.262510
64.500000	-64.533550
64.600000	-63.753877
64.700000	-62.915580
64.800000	-62.007363
64.900000	-61.013142
65.000000	-59.909879
65.100000	-58.664181
65.200000	-57.226787
65.300000	-55.523390
65.400000	-53.438926
65.500000	-50.790293
65.600000	-47.279463
65.700000	-42.419971
65.800000	-35.461858
65.900000	-25.507488
66.000000	-12.466607
66.100000	0.700526
66.200000	8.670866
66.300000	10.157149
66.400000	7.479496
66.500000	2.754919
66.600000	-2.772976
66.700000	-8.449926
66.800000	-13.955358
66.900000	-19.146445
67.000000	-23.971601
67.100000	-28.426632
67.200000	-32.534966
67.300000	-36.339166
67.400000	-39.895625
67.500000	-43.268744
67.600000	-46.523872
67.700000	-49.718726
67.800000	-52.891981
67.900000	-56.047641
68.000000	-59.137210
68.100000	-62.050354
68.200000	-64.633141
68.300000	-66.742697
68.400000	-68.309648
68.500000	-69.358897
68.600000	-69.978612
68.700000	-70.273867
68.800000	-70.336500
68.900000	-70.235251
69.000000	-70.017336
69.100000	-69.713666
69.200000	-69.343932
69.300000	-68.920458
69.400000	-68.450807
69.500000	-67.939436
69.600000	-67.388694
69.700000	-66.799388
69.800000	-66.171044
69.900000	-65.501951
70.000000	-64.789029
70.100000	-64.027506
70.200000	-63.210399
70.300000	-62.327704
70.400000	-61.365177
70.500000	-60.302474
70.600000	-59.110244
70.700000	-57.745477
70.800000	-56.143818
70.900000	-54.206540
71.000000	-51.777979
71.100000	-48.606426
71.200000	-44.279831
71.300000	-38.142904
71.400000	-29.303628
71.500000	-17.193829
71.600000	-3.479954
71.700000	6.730364
71.800000	10.249799
71.900000	8.715492
72.000000	4.513620
72.100000	-0.835707
72.200000	-6.510367
72.300000	-12.097353
72.400000	-17.405460
72.500000	-22.358436
72.600000	-26.938957
72.700000	-31.162284
72.800000	-35.065056
72.900000	-38.699519
73.000000	-42.128059
73.100000	-45.416574
73.200000	-48.626505
73.300000	-51.804595
73.400000	-54.968757
73.500000	-58.090336
73.600000	-61.079967
73.700000	-63.794200
73.800000	-66.078652
73.900000	-67.833459
74.000000	-69.052558
74.100000	-69.807788
74.200000	-70.202964
74.300000	-70.336454
74.400000	-70.285119
74.500000	-70.103039
74.600000	-69.826098
74.700000	-69.477333
74.800000	-69.071246
74.900000	-68.616804
75.000000	-68.119390
75.100000	-67.581995
75.200000	-67.005910
75.300000	-66.391088
75.400000	-65.736248
75.500000	-65.038806
75.600000	-64.294618
75.700000	-63.497534
75.800000	-62.638701
75.900000	-61.705498
76.000000	-60.679940
76.100000	-59.536180
76.200000	-58.236574
76.300000	-56.725222
76.400000	-54.917135
76.500000	-52.679574
76.600000	-49.799596
76.700000	-45.929162
76.800000	-40.504845
76.900000	-32.696791
77.000000	-21.690884
77.100000	-8.092587
77.200000	3.948293
77.300000	9.747615
77.400000	9.646290
77.500000	6.143216
77.600000	1.066659
77.700000	-4.558675
77.800000	-10.205598
77.900000	-15.622209
78.000000	-20.701177
78.100000	-25.409067
78.200000	-29.751743
78.300000	-33.759282
78.400000	-37.479148
78.500000	-40.970932
78.600000	-44.300152
78.700000	-47.530784
78.800000	-50.715977
78.900000	-53.885413
79.000000	-57.028449
79.100000	-60.077297
79.200000	-62.904172
79.300000	-65.351384
79.400000	-67.293511
79.500000	-68.691364
79.600000	-69.594663
79.700000	-70.101465
79.800000	-70.314859
79.900000	-70.319757
80.000000	-70.177687
80.100000	-69.930149
80.200000	-69.604035
80.300000	-69.216373
80.400000	-68.777764
80.500000	-68.294653
80.600000	-67.770753
80.700000	-67.207883
80.800000	-66.606433
80.900000	-65.965544
81.000000	-65.283098
81.100000	-64.555527
81.200000	-63.777434
81.300000	-62.940989
81.400000	-62.035015
81.500000	-61.043592
81.600000	-59.943926
81.700000	-58.702991
81.800000	-57.272098
81.900000	-55.577851
82.000000	-53.506692
82.100000	-50.878052
82.200000	-47.398170
82.300000	-42.587322
82.400000	-35.703497
82.500000	-25.846292
82.600000	-12.873964
82.700000	0.367704
82.800000	8.537744
82.900000	10.185374
83.000000	7.594711
83.100000	2.908623
83.200000	-2.607232
83.300000	-8.285539
83.400000	-13.798610
83.500000	-18.999916
83.600000	-23.835985
83.700000	-28.301602
83.800000	-32.419538
83.900000	-36.231875
84.000000	-39.794680
84.100000	-43.172213
84.200000	-46.429908
84.300000	-49.625848
84.400000	-52.799465
84.500000	-55.956032
84.600000	-59.048802
84.700000	-61.969170
84.800000	-64.563851
84.900000	-66.688677
85.000000	-68.271545
85.100000	-69.334854
85.200000	-69.965611
85.300000	-70.268935
85.400000	-70.337273
85.500000	-70.240047
85.600000	-70.025036
85.700000	-69.723547
85.800000	-69.355539
85.900000	-68.933509
86.000000	-68.465131
86.100000	-67.954937
86.200000	-67.405327
86.300000	-66.817148
86.400000	-66.189961
86.500000	-65.522095
86.600000	-64.810511
86.700000	-64.050494
86.800000	-63.235136
86.900000	-62.354534
87.000000	-61.394592
87.100000	-60.335178
87.200000	-59.147259
87.300000	-57.788315
87.400000	-56.194765
87.500000	-54.269146
87.600000	-51.857908
87.700000	-48.712921
87.800000	-44.427985
87.900000	-38.355842
88.000000	-29.608101
88.100000	-17.587656
88.200000	-3.859480
88.300000	6.526398
88.400000	10.231833
88.500000	8.807737
88.600000	4.657999
88.700000	-0.672078
88.800000	-6.344537
88.900000	-11.937554
89.000000	-17.255275
89.100000	-22.219071
89.200000	-26.810376
89.300000	-31.043704
89.400000	-34.955161
89.500000	-38.596610
89.600000	-42.030229
89.700000	-45.321920
89.800000	-48.533382
89.900000	-51.711968
90.000000	-54.876673
90.100000	-58.000452
90.200000	-60.995773
90.300000	-63.720339
90.400000	-66.019169
90.500000	-67.790000
90.600000	-69.024002
90.700000	-69.791353
90.800000	-70.195566
90.900000	-70.335492
91.000000	-70.288686
91.100000	-70.109841
91.200000	-69.835293
91.300000	-69.488387
91.400000	-69.083825
91.500000	-68.630706
91.600000	-68.134495
91.700000	-67.598241
91.800000	-67.023281
91.900000	-66.409602
92.000000	-65.755961
92.100000	-65.059814
92.200000	-64.317067
92.300000	-63.521639
92.400000	-62.664766
92.500000	-61.733959
92.600000	-60.711418
92.700000	-59.571575
92.800000	-58.277203
92.900000	-56.773064
93.000000	-54.975233
93.100000	-52.752739
93.200000	-49.895628
93.300000	-46.060849
93.400000	-40.692462
93.500000	-32.967428
93.600000	-22.059034
93.700000	-8.496713
93.800000	3.673160
93.900000	9.673703
94.000000	9.708763
94.100000	6.274487
94.200000	1.226224
94.300000	-4.392338
94.400000	-10.043154
94.500000	-15.468502
94.600000	-20.558055
94.700000	-25.276842
94.800000	-29.629855
94.900000	-33.646582
95.000000	-37.374050
95.100000	-40.871579
95.200000	-44.204613
95.300000	-47.437291
95.400000	-50.623240
95.500000	-53.793046
95.600000	-56.937506
95.700000	-59.990658
95.800000	-62.826235
95.900000	-65.286636
96.000000	-67.244554
96.100000	-68.657956
96.200000	-69.574425
96.300000	-70.091293
96.400000	-70.311938
96.500000	-70.321944
96.600000	-70.183493
96.700000	-69.938596
96.800000	-69.614496
96.900000	-69.228457
97.000000	-68.791228
97.100000	-68.309354
97.200000	-67.786611
97.300000	-67.224868
97.400000	-66.624551
97.500000	-65.984837
97.600000	-65.303648
97.700000	-64.577461
97.800000	-63.800941
97.900000	-62.966340
98.000000	-62.062595
98.100000	-61.073951
98.200000	-59.977854
98.300000	-58.741642
98.400000	-57.317188
98.500000	-55.631997
98.600000	-53.573993
98.700000	-50.965101
98.800000	-47.515766
98.900000	-42.752931
99.000000	-35.942574
99.100000	-26.182236
99.200000	-13.280813
99.300000	0.030121
99.400000	8.398771
99.500000	10.210034
99.600000	7.708207
99.700000	3.061665
99.800000	-2.441598
99.900000	-8.120994
100.000000	-13.641584
100.100000	-18.853068
100.200000	-23.700048
100.300000	-28.176271
100.400000	-32.303845
100.500000	-36.124368
100.600000	-39.693574
100.700000	-43.075577
100.800000	-46.335890
100.900000	-49.532951
101.000000	-52.706936
101.100000	-55.864371
101.200000	-58.960248
101.300000	-61.887703
101.400000	-64.494152
101.500000	-66.634186
101.600000	-68.232991
101.700000	-69.310438
101.800000	-69.952331
101.900000	-70.263804
102.000000	-70.337905
102.100000	-70.244744
102.200000	-70.032662
102.300000	-69.733371
102.400000	-69.367100
102.500000	-68.946520
102.600000	-68.479420
102.700000	-67.970404
102.800000	-67.421926
102.900000	-66.834874
103.000000	-66.208844
103.100000	-65.542202
103.200000	-64.831953
103.300000	-64.073436
103.400000	-63.259817
103.500000	-62.381297
103.600000	-61.423922
103.700000	-60.367773
103.800000	-59.184130
103.900000	-57.830956
104.000000	-56.245434
104.100000	-54.331344
104.200000	-51.937223
104.300000	-48.818462
104.400000	-44.574636
104.500000	-38.566495
104.600000	-29.909644
104.700000	-17.979689
104.800000	-4.241999
104.900000	6.316269
105.000000	10.209485
105.100000	8.897731
105.200000	4.801421
105.300000	-0.508711
105.400000	-6.178622
105.500000	-11.777512
105.600000	-17.104782
105.700000	-22.079385
105.800000	-26.681486
105.900000	-30.924847
106.000000	-34.845034
106.100000	-38.493522
106.200000	-41.932278
106.300000	-45.227198
106.400000	-48.440233
106.500000	-51.619331
106.600000	-54.784557
106.700000	-57.910462
106.800000	-60.911348
106.900000	-63.646110
107.000000	-65.959228
107.100000	-67.746077
107.200000	-68.995045
107.300000	-69.774609
107.400000	-70.187944
107.500000	-70.334372
107.600000	-70.292141
107.700000	-70.116562
107.800000	-69.844426
107.900000	-69.499392
108.000000	-69.096363
108.100000	-68.644570
108.200000	-68.149565
108.300000	-67.614455
108.400000	-67.040619
108.500000	-66.428083
108.600000	-65.775638
108.700000	-65.080782
108.800000	-64.339471
108.900000	-63.545691
109.000000	-62.690768
109.100000	-61.762343
109.200000	-60.742798
109.300000	-59.606840
109.400000	-58.317656
109.500000	-56.820659
109.600000	-55.032974
109.700000	-52.825371
109.800000	-49.990841
109.900000	-46.191248
110.000000	-40.878079
110.100000	-33.235272
110.200000	-22.424626
110.300000	-8.901884
110.400000	3.392232
110.500000	9.594584
110.600000	9.768348
110.700000	6.404440
110.800000	1.385338
110.900000	-4.226008
111.000000	-9.880507
111.100000	-15.314502
111.200000	-20.414613
111.300000	-25.144303
111.400000	-29.507679
111.500000	-33.533634
111.600000	-37.268755
111.700000	-40.772085
111.800000	-44.108988
111.900000	-47.343760
112.000000	-50.530492
112.100000	-53.700661
112.200000	-56.846490
112.300000	-59.903835
112.400000	-62.747975
112.500000	-65.221451
112.600000	-67.195126
112.700000	-68.624120
112.800000	-69.553846
112.900000	-70.080869
113.000000	-70.308840
113.100000	-70.324005
113.200000	-70.189210
113.300000	-69.946976
113.400000	-69.624906
113.500000	-69.240498
113.600000	-68.804655
113.700000	-68.324020
113.800000	-67.802437
113.900000	-67.241820
114.000000	-66.642635
114.100000	-66.004095
114.200000	-65.324160
114.300000	-64.599353
114.400000	-63.824399
114.500000	-62.991632
114.600000	-62.090103
114.700000	-61.104218
114.800000	-60.011663
114.900000	-58.780134
115.000000	-57.362058
115.100000	-55.685829
115.200000	-53.640831
115.300000	-51.051447
115.400000	-47.632261
115.500000	-42.916812
115.600000	-36.179103
115.700000	-26.515286
115.800000	-13.687005
115.900000	-0.312072
116.000000	8.253912
116.100000	10.231064
116.200000	7.819942
116.300000	3.214018
116.400000	-2.276090
116.500000	-7.956301
116.600000	-13.484289
116.700000	-18.705906
116.800000	-23.563793
116.900000	-28.050640
117.000000	-32.187889
117.100000	-36.016646
117.200000	-39.592308
117.300000	-42.978838
117.400000	-46.241819
117.500000	-49.440036
117.600000	-52.614396
117.700000	-55.772662
117.800000	-58.871554
117.900000	-61.805963
118.000000	-64.424050
118.100000	-66.579226
118.200000	-68.193988
118.300000	-69.285651
118.400000	-69.938769
118.500000	-70.258473
118.600000	-70.338397
118.700000	-70.249341
118.800000	-70.040214
118.900000	-69.743139
119.000000	-69.378615
119.100000	-68.959492
119.200000	-68.493673
119.300000	-67.985837
119.400000	-67.438493
119.500000	-66.852567
119.600000	-66.227693
119.700000	-65.562272
119.800000	-64.853353
119.900000	-64.096331
120.000000	-63.284444
120.100000	-62.407993
120.200000	-61.453169
120.300000	-60.400260
120.400000	-59.220858
120.500000	-57.873401
120.600000	-56.295825
120.700000	-54.393139
120.800000	-52.015931
120.900000	-48.923061
121.000000	-44.719804
121.100000	-38.774883
121.200000	-30.208260
121.300000	-18.369839
121.400000	-4.627340
121.500000	6.099983
121.600000	10.182685
121.700000	8.985422
121.800000	4.943858
121.900000	-0.345622
122.000000	-6.012632
122.100000	-11.617230
122.200000	-16.953985
122.300000	-21.939378
122.400000	-26.552290
122.500000	-30.805713
122.600000	-34.734674
122.700000	-38.390256
122.800000	-41.834204
122.900000	-45.132406
123.000000	-48.347056
123.100000	-51.526686
123.200000	-54.692413
123.300000	-57.820370
123.400000	-60.826697
123.500000	-63.571518
123.600000	-65.898830
123.700000	-67.701689
123.800000	-68.965686
123.900000	-69.757553
124.000000	-70.180095
124.100000	-70.333093
124.200000	-70.295485
124.300000	-70.123201
124.400000	-69.853498
124.500000	-69.510347
124.600000	-69.108860
124.700000	-68.658398
124.800000	-68.164601
124.900000	-67.630635
125.000000	-67.057925
125.100000	-66.446530
125.200000	-65.795279
125.300000	-65.101710
125.400000	-64.361831
125.500000	-63.569691
125.600000	-62.716708
125.700000	-61.790649
125.800000	-60.774079
125.900000	-59.641974
126.000000	-58.357934
126.100000	-56.868010
126.200000	-55.090362
126.300000	-52.897478
126.400000	-50.085246
126.500000	-46.320377
126.600000	-41.061721
126.700000	-33.500342
126.800000	-22.787617
126.900000	-9.307938
127.000000	3.105581
127.100000	9.510191
127.200000	9.824986
127.300000	6.533042
127.400000	1.543982
127.500000	-4.059696
127.600000	-9.717661
127.700000	-15.160213
127.800000	-20.270853
127.900000	-25.011450
128.000000	-29.385214
128.100000	-33.420437
128.200000	-37.163262
128.300000	-40.672450
128.400000	-44.013277
128.500000	-47.250189
128.600000	-50.437732
128.700000	-53.608260
128.800000	-56.755403
128.900000	-59.816833
129.000000	-62.669398
129.100000	-65.155834
129.200000	-67.145226
129.300000	-68.589855
129.400000	-69.532923
129.500000	-70.070192
129.600000	-70.305562
129.700000	-70.325940
129.800000	-70.194835
129.900000	-69.955288
130.000000	-69.635262
130.100000	-69.252495
130.200000	-68.818044
130.300000	-68.338652
130.400000	-67.818229
130.500000	-67.258740
130.600000	-66.660686
130.700000	-66.023318
130.800000	-65.344633
130.900000	-64.621202
131.000000	-63.847807
131.100000	-63.016866
131.200000	-62.117539
131.300000	-61.134396
131.400000	-60.045355
131.500000	-58.818468
131.600000	-57.406711
131.700000	-55.739352
131.800000	-53.707213
131.900000	-51.137097
132.000000	-47.747670
132.100000	-43.078987
132.200000	-36.413107
132.300000	-26.845430
132.400000	-14.092414
132.500000	-0.658742
132.600000	8.103123
132.700000	10.248396
132.800000	7.929873
132.900000	3.365660
133.000000	-2.110721
133.100000	-7.791466
133.200000	-13.326726
133.300000	-18.558430
133.400000	-23.427219
133.500000	-27.924710
133.600000	-32.071669
133.700000	-35.908707
133.800000	-39.490880
133.900000	-42.881994
134.000000	-46.147694
134.100000	-49.347104
134.200000	-52.521846
134.300000	-55.680907
134.400000	-58.782724
134.500000	-61.723953
134.600000	-64.353547
134.700000	-66.523798
134.800000	-68.154534
134.900000	-69.260487
135.000000	-69.924925
135.100000	-70.252938
135.200000	-70.338746
135.300000	-70.253836
135.400000	-70.047693
135.500000	-69.752850
135.600000	-69.390084
135.700000	-68.972424
135.800000	-68.507890
135.900000	-68.001237
136.000000	-67.455027
136.100000	-66.870227
136.200000	-66.246507
136.300000	-65.582305
136.400000	-64.874713
136.500000	-64.119180
136.600000	-63.309015
136.700000	-62.434622
136.800000	-61.482333
136.900000	-60.432640
137.000000	-59.257444
137.100000	-57.915652
137.200000	-56.345943
137.300000	-54.454536
137.400000	-52.094038
137.500000	-49.026730
137.600000	-44.863507
137.700000	-38.981033
137.800000	-30.503957
137.900000	-18.758027
138.000000	-5.015338
138.100000	5.877544
138.200000	10.151361
138.300000	9.070759
138.400000	5.085282
138.500000	-0.182826
138.600000	-5.846573
138.700000	-11.456712
138.800000	-16.802884
138.900000	-21.799052
139.000000	-26.422785
139.100000	-30.686301
139.200000	-34.624081
139.300000	-38.286809
139.400000	-41.736007
139.500000	-45.037545
139.600000	-48.253852
139.700000	-51.434032
139.800000	-54.600240
139.900000	-57.730178
140.000000	-60.741825
140.100000	-63.496566
140.200000	-65.837978
140.300000	-67.656835
140.400000	-68.935921
140.500000	-69.740182
140.600000	-70.172019
140.700000	-70.331653
140.800000	-70.298714
140.900000	-70.129758
141.000000	-69.862508
141.100000	-69.521254
141.200000	-69.121315
141.300000	-68.672189
141.400000	-68.179603
141.500000	-67.646783
141.600000	-67.075197
141.700000	-66.464942
141.800000	-65.814884
141.900000	-65.122600
142.000000	-64.384146
142.100000	-63.593639
142.200000	-62.742586
142.300000	-61.818878
142.400000	-60.805262
142.500000	-59.676981
142.600000	-58.398038
142.700000	-56.915118
142.800000	-55.147402
142.900000	-52.969065
143.000000	-50.178853
143.100000	-46.448253
143.200000	-41.243410
143.300000	-33.762655
143.400000	-23.147965
143.500000	-9.714720
143.600000	2.813282
143.700000	9.420460
143.800000	9.878617
143.900000	6.660257
144.000000	1.702139
144.100000	-3.893410
144.200000	-9.554622
144.300000	-15.005635
144.400000	-20.126775
144.500000	-24.878281
144.600000	-29.262459
144.700000	-33.306989
144.800000	-37.057570
144.900000	-40.572670
145.000000	-43.917477
145.100000	-47.156578
145.200000	-50.344961
145.300000	-53.515843
145.400000	-56.664247
145.500000	-59.729656
145.600000	-62.590505
145.700000	-65.089787
145.800000	-67.094854
145.900000	-68.555159
146.000000	-69.511653
146.100000	-70.059259
146.200000	-70.302102
146.300000	-70.327747
146.400000	-70.200370
146.500000	-69.963532
146.600000	-69.645566
146.700000	-69.264448
146.800000	-68.831394
146.900000	-68.353248
147.000000	-67.833988
147.100000	-67.275626
147.200000	-66.678704
147.300000	-66.042506
147.400000	-65.365069
147.500000	-64.643008
147.600000	-63.871167
147.700000	-63.042042
147.800000	-62.144905
147.900000	-61.164483
148.000000	-60.078931
148.100000	-58.856646
148.200000	-57.451149
148.300000	-55.792567
148.400000	-53.773143
148.500000	-51.222060
148.600000	-47.862007
148.700000	-43.239477
148.800000	-36.644609
148.900000	-27.172657
149.000000	-14.496920
149.100000	-1.009749
149.200000	7.946364
149.300000	10.261963
149.400000	8.037957
149.500000	3.516568
149.600000	-1.945502
149.700000	-7.626493
149.800000	-13.168898
149.900000	-18.410642
150.000000	-23.290326
150.100000	-27.798480
150.200000	-31.955183
150.300000	-35.800550
150.400000	-39.389290
150.500000	-42.785044
150.600000	-46.053513
150.700000	-49.254152
150.800000	-52.429287
150.900000	-55.589108
151.000000	-58.693760
151.100000	-61.641677
151.200000	-64.282648
151.300000	-66.467901
151.400000	-68.114628
151.500000	-69.234946
151.600000	-69.910794
151.700000	-70.247199
151.800000	-70.338951
151.900000	-70.258229
152.000000	-70.055096
152.100000	-69.762503
152.200000	-69.401506
152.300000	-68.985317
152.400000	-68.522071
152.500000	-68.016604
152.600000	-67.471528
152.700000	-66.887854
152.800000	-66.265287
152.900000	-65.602302
153.000000	-64.896032
153.100000	-64.141982
153.200000	-63.333532
153.300000	-62.461186
153.400000	-61.511414
153.500000	-60.464914
153.600000	-59.293889
153.700000	-57.957710
153.800000	-56.395790
153.900000	-54.515539
154.000000	-52.171554
154.100000	-49.129480
154.200000	-45.005765
154.300000	-39.184969
154.400000	-30.796741
154.500000	-19.144175
154.600000	-5.405826
154.700000	5.648963
154.800000	10.115441
154.900000	9.153692
155.000000	5.225663
155.100000	-0.020338
155.200000	-5.680452
155.300000	-11.295960
155.400000	-16.651480
155.500000	-21.658406
155.600000	-26.292971
155.700000	-30.566611
155.800000	-34.513252
155.900000	-38.183179
156.000000	-41.637684
156.100000	-44.942611
156.200000	-48.160619
156.300000	-51.341370
156.400000	-54.508041
156.500000	-57.639890
156.600000	-60.656736
156.700000	-63.421257
156.800000	-65.776674
156.900000	-67.611514
157.000000	-68.905749
157.100000	-69.722494
157.200000	-70.163712
157.300000	-70.330050
157.400000	-70.301829
157.500000	-70.136232
157.600000	-69.871455
157.700000	-69.532110
157.800000	-69.133728
157.900000	-68.685943
158.000000	-68.194571
158.100000	-67.662898
158.200000	-67.092436
158.300000	-66.483321
158.400000	-65.834453
158.500000	-65.143450
158.600000	-64.406417
158.700000	-63.617536
158.800000	-62.768402
158.900000	-61.847031
159.000000	-60.836349
159.100000	-59.711860
159.200000	-58.437969
159.300000	-56.961986
159.400000	-55.204096
159.500000	-53.040139
159.600000	-50.271672
159.700000	-46.574892
159.800000	-41.423171
159.900000	-34.022231
160.000000	-23.505633
160.100000	-10.122074
160.200000	2.515416
160.300000	9.325327
160.400000	9.929179
160.500000	6.786049
160.600000	1.859788
160.700000	-3.727160
160.800000	-9.391392
160.900000	-14.850770
161.000000	-19.982378
161.100000	-24.744798
161.200000	-29.139413
161.300000	-33.193290
161.400000	-36.951675
161.500000	-40.472746
161.600000	-43.821588
161.700000	-47.062925
161.800000	-50.252177
161.900000	-53.423410
162.000000	-56.573025
162.100000	-59.642307
162.200000	-62.511303
162.300000	-65.023311
162.400000	-67.044011
162.500000	-68.520029
162.600000	-69.490035
162.700000	-70.048067
162.800000	-70.298458
162.900000	-70.329425
163.000000	-70.205812
163.100000	-69.971708
163.200000	-69.655816
163.300000	-69.276358
163.400000	-68.844707
163.500000	-68.367810
163.600000	-67.849714
163.700000	-67.292480
163.800000	-66.696688
163.900000	-66.061659
164.000000	-65.385466
164.100000	-64.664772
164.200000	-63.894479
164.300000	-63.067160
164.400000	-62.172200
164.500000	-61.194482
164.600000	-60.112391
164.700000	-58.894670
164.800000	-57.495373
164.900000	-55.845479
165.000000	-53.838627
165.100000	-51.306346
165.200000	-47.975286
165.300000	-43.398304
165.400000	-36.873633
165.500000	-27.496959
165.600000	-14.900406
165.700000	-1.364952
165.800000	7.783598
165.900000	10.271695
166.000000	8.144151
166.100000	3.666717
166.200000	-1.780444
166.300000	-7.461390
166.400000	-13.010806
166.500000	-18.262541
166.600000	-23.153115
166.700000	-27.671949
166.800000	-31.838431
166.900000	-35.692174
167.000000	-39.287534
167.100000	-42.687985
167.200000	-45.959276
167.300000	-49.161182
167.400000	-52.336718
167.500000	-55.497267
167.600000	-58.604667
167.700000	-61.559139
167.800000	-64.211355
167.900000	-66.411539
168.000000	-68.074267
168.100000	-69.209025
168.200000	-69.896375
168.300000	-70.241253
168.400000	-70.339010
168.500000	-70.262519
168.600000	-70.062425
168.700000	-69.772098
168.800000	-69.412882
168.900000	-68.998169
169.000000	-68.536217
169.100000	-68.031936
169.200000	-67.487996
169.300000	-66.905448
169.400000	-66.284032
169.500000	-65.622261
169.600000	-64.917310
169.700000	-64.164737
169.800000	-63.357995
169.900000	-62.487683
170.000000	-61.540413
170.100000	-60.497083
170.200000	-59.330195
170.300000	-57.999578
170.400000	-56.445370
170.500000	-54.576152
170.600000	-52.248484
170.700000	-49.231325
170.800000	-45.146596
170.900000	-39.386715
171.000000	-31.086624
171.100000	-19.528211
171.200000	-5.798635
171.300000	5.414259
171.400000	10.074855
171.500000	9.234168
171.600000	5.364972
171.700000	0.141827
171.800000	-5.514276
171.900000	-11.134978
172.000000	-16.499775
172.100000	-21.517440
172.200000	-26.162849
172.300000	-30.446640
172.400000	-34.402186
172.500000	-38.079366
172.600000	-41.539233
172.700000	-44.847605
172.800000	-48.067356
172.900000	-51.248698
173.000000	-54.415817
173.100000	-57.549508
173.200000	-60.571433
173.300000	-63.345597
173.400000	-65.714918
173.500000	-67.565726
173.600000	-68.875167
173.700000	-69.704485
173.800000	-70.155172
173.900000	-70.328283
174.000000	-70.304828
174.100000	-70.142623
174.200000	-69.880340
174.300000	-69.542917
174.400000	-69.146100
174.500000	-68.699661
174.600000	-68.209504
174.700000	-67.678979
174.800000	-67.109643
174.900000	-66.501666
175.000000	-65.853987
175.100000	-65.164261
175.200000	-64.428644
175.300000	-63.641382
175.400000	-62.794157
175.500000	-61.875109
175.600000	-60.867339
175.700000	-59.746613
175.800000	-58.477731
175.900000	-57.008617
176.000000	-55.260449
176.100000	-53.110706
176.200000	-50.363714
176.300000	-46.700311
176.400000	-41.601027
176.500000	-34.279089
176.600000	-23.860587
176.700000	-10.529849
176.800000	2.212071
176.900000	9.224729
177.000000	9.976613
177.100000	6.910383
177.200000	2.016912
177.300000	-3.560955
177.400000	-9.227977
177.500000	-14.695620
177.600000	-19.837663
177.700000	-24.610999
177.800000	-29.016074
177.900000	-33.079338
178.000000	-36.845578
178.100000	-40.372674
178.200000	-43.725609
178.300000	-46.969229
178.400000	-50.159380
178.500000	-53.330963
178.600000	-56.481739
178.700000	-59.554790
178.800000	-62.431795
178.900000	-64.956410
179.000000	-66.992696
179.100000	-68.484463
179.200000	-69.468064
179.300000	-70.036614
179.400000	-70.294629
179.500000	-70.330973
179.600000	-70.211161
179.700000	-69.979815
179.800000	-69.666012
179.900000	-69.288223
180.000000	-68.857981
180.100000	-68.382336
180.200000	-67.865406
180.300000	-67.309301
180.400000	-66.714639
180.500000	-66.080776
180.600000	-65.405826
180.700000	-64.686494
180.800000	-63.917742
180.900000	-63.092221
181.000000	-62.199424
181.100000	-61.224393
181.200000	-60.145736
181.300000	-58.932541
181.400000	-57.539386
181.500000	-55.898091
181.600000	-53.903670
181.700000	-51.389963
181.800000	-48.087521
181.900000	-43.555490
182.000000	-37.100203
182.100000	-27.818329
182.200000	-15.302758
182.300000	-1.724204
182.400000	7.614791
182.500000	10.277523
182.600000	8.248410
182.700000	3.816084
182.800000	-1.615561
182.900000	-7.296160
183.000000	-12.852454
183.100000	-18.114128
183.200000	-23.015585
183.300000	-27.545115
183.400000	-31.721411
183.500000	-35.583577
183.600000	-39.185613
183.700000	-42.590817
183.800000	-45.864981
183.900000	-49.068191
184.000000	-52.244140
184.100000	-55.405384
184.200000	-58.515447
184.300000	-61.476343
184.400000	-64.139671
184.500000	-66.354710
184.600000	-68.033450
184.700000	-69.182720
184.800000	-69.881665
184.900000	-70.235098
185.000000	-70.338922
185.100000	-70.266705
185.200000	-70.069676
185.300000	-69.781636
185.400000	-69.424210
185.500000	-69.010982
185.600000	-68.550326
185.700000	-68.047235
185.800000	-67.504432
185.900000	-66.923008
186.000000	-66.302743
186.100000	-65.642183
186.200000	-64.938548
186.300000	-64.187447
186.400000	-63.382404
186.500000	-62.514116
186.600000	-61.569331
186.700000	-60.529147
186.800000	-59.366362
186.900000	-58.041258
187.000000	-56.494684
187.100000	-54.636380
187.200000	-52.324836
187.300000	-49.332275
187.400000	-45.286020
187.500000	-39.586296
187.600000	-31.373615
187.700000	-19.910066
187.800000	-6.193600
187.900000	5.173454
188.000000	10.029531
188.100000	9.312133
188.200000	5.503180
188.300000	0.303654
188.400000	-5.348054
188.500000	-10.973769
188.600000	-16.347769
188.700000	-21.376154
188.800000	-26.032416
188.900000	-30.326388
189.000000	-34.290882
189.100000	-37.975366
189.200000	-41.440654
189.300000	-44.752523
189.400000	-47.974061
189.500000	-51.156018
189.600000	-54.323569
189.700000	-57.459036
189.800000	-60.485920
189.900000	-63.269588
190.000000	-65.652712
190.100000	-67.519470
190.200000	-68.844173
190.300000	-69.686155
190.400000	-70.146396
190.500000	-70.326350
190.600000	-70.307710
190.700000	-70.148929
190.800000	-69.889161
190.900000	-69.553673
191.000000	-69.158430
191.100000	-68.713341
191.200000	-68.224404
191.300000	-67.695028
191.400000	-67.126816
191.500000	-66.519978
191.600000	-65.873484
191.700000	-65.185032
191.800000	-64.450827
191.900000	-63.665177
192.000000	-62.819852
192.100000	-61.903111
192.200000	-60.898233
192.300000	-59.781241
192.400000	-58.517323
192.500000	-57.055013
192.600000	-55.316464
192.700000	-53.180773
192.800000	-50.454988
192.900000	-46.824525
193.000000	-41.777002
193.100000	-34.533250
193.200000	-24.212795
193.300000	-10.937893
193.400000	1.903340
193.500000	9.118604
193.600000	10.020855
193.700000	7.033221
193.800000	2.173489
193.900000	-3.394805
194.000000	-9.064381
194.100000	-14.540186
194.200000	-19.692631
194.300000	-24.476885
194.400000	-28.892443
194.500000	-32.965131
194.600000	-36.739276
194.700000	-40.272454
194.800000	-43.629536
194.900000	-46.875489
195.000000	-50.066570
195.100000	-53.238503
195.200000	-56.390391
195.300000	-59.467109
195.400000	-62.351984
195.500000	-64.889086
195.600000	-66.940909
195.700000	-68.448460
195.800000	-69.445739
195.900000	-70.024897
196.000000	-70.290613
196.100000	-70.332389
196.200000	-70.216415
196.300000	-69.987853
196.400000	-69.676155
196.500000	-69.300044
196.600000	-68.871216
196.700000	-68.396828
196.800000	-67.881065
196.900000	-67.326089
197.000000	-66.732556
197.100000	-66.099859
197.200000	-65.426148
197.300000	-64.708175
197.400000	-63.940956
197.500000	-63.117224
197.600000	-62.226579
197.700000	-61.254215
197.800000	-60.178968
197.900000	-58.970259
198.000000	-57.583190
198.100000	-55.950406
198.200000	-53.968277
198.300000	-51.472919
198.400000	-48.198725
198.500000	-43.711055
198.600000	-37.324343
198.700000	-28.136761
198.800000	-15.703868
198.900000	-2.087355
199.000000	7.439914
199.100000	10.279378
199.200000	8.350689
199.300000	3.964644
199.400000	-1.450865
199.500000	-7.130811
199.600000	-12.693844
199.700000	-17.965405
199.800000	-22.877735
199.900000	-27.417979
200.000000	-31.604122
